{"/home/evelasco/smash_orbit/lms/LMS-BE/handlers/leads/modules/leads.module.ts": {"path":"/home/evelasco/smash_orbit/lms/LMS-BE/handlers/leads/modules/leads.module.ts","all":false,"statementMap":{"0":{"start":{"line":1,"column":0},"end":{"line":1,"column":26}},"10":{"start":{"line":11,"column":0},"end":{"line":11,"column":34}},"12":{"start":{"line":13,"column":0},"end":{"line":13,"column":9}},"13":{"start":{"line":14,"column":0},"end":{"line":14,"column":37}},"14":{"start":{"line":15,"column":0},"end":{"line":15,"column":19}},"15":{"start":{"line":16,"column":0},"end":{"line":16,"column":22}},"16":{"start":{"line":17,"column":0},"end":{"line":17,"column":71}},"17":{"start":{"line":18,"column":0},"end":{"line":18,"column":9}},"18":{"start":{"line":19,"column":0},"end":{"line":19,"column":45}},"19":{"start":{"line":20,"column":0},"end":{"line":20,"column":23}},"20":{"start":{"line":21,"column":0},"end":{"line":21,"column":22}},"21":{"start":{"line":22,"column":0},"end":{"line":22,"column":9}},"22":{"start":{"line":23,"column":0},"end":{"line":23,"column":41}},"23":{"start":{"line":24,"column":0},"end":{"line":24,"column":21}},"24":{"start":{"line":25,"column":0},"end":{"line":25,"column":22}},"25":{"start":{"line":26,"column":0},"end":{"line":26,"column":9}},"26":{"start":{"line":27,"column":0},"end":{"line":27,"column":49}},"27":{"start":{"line":28,"column":0},"end":{"line":28,"column":18}},"28":{"start":{"line":29,"column":0},"end":{"line":29,"column":9}},"29":{"start":{"line":30,"column":0},"end":{"line":30,"column":29}},"30":{"start":{"line":31,"column":0},"end":{"line":31,"column":52}},"31":{"start":{"line":32,"column":0},"end":{"line":32,"column":43}},"32":{"start":{"line":33,"column":0},"end":{"line":33,"column":8}},"33":{"start":{"line":34,"column":0},"end":{"line":34,"column":4}},"34":{"start":{"line":35,"column":0},"end":{"line":35,"column":62}},"35":{"start":{"line":36,"column":0},"end":{"line":36,"column":58}}},"s":{"0":1,"10":1,"12":1,"13":1,"14":1,"15":1,"16":1,"17":1,"18":1,"19":1,"20":1,"21":1,"22":1,"23":1,"24":1,"25":1,"26":1,"27":1,"28":1,"29":2,"30":2,"31":2,"32":2,"33":1,"34":1,"35":1},"branchMap":{"0":{"type":"branch","line":29,"loc":{"start":{"line":29,"column":4},"end":{"line":33,"column":8}},"locations":[{"start":{"line":29,"column":4},"end":{"line":33,"column":8}}]}},"b":{"0":[2]},"fnMap":{},"f":{}}
,"/home/evelasco/smash_orbit/lms/LMS-BE/handlers/leads/services/leads.service.ts": {"path":"/home/evelasco/smash_orbit/lms/LMS-BE/handlers/leads/services/leads.service.ts","all":false,"statementMap":{"0":{"start":{"line":1,"column":0},"end":{"line":1,"column":47}},"50":{"start":{"line":51,"column":0},"end":{"line":51,"column":13}},"51":{"start":{"line":52,"column":0},"end":{"line":52,"column":27}},"52":{"start":{"line":53,"column":0},"end":{"line":53,"column":45}},"54":{"start":{"line":55,"column":0},"end":{"line":55,"column":14}},"55":{"start":{"line":56,"column":0},"end":{"line":56,"column":72}},"56":{"start":{"line":57,"column":0},"end":{"line":57,"column":54}},"57":{"start":{"line":58,"column":0},"end":{"line":58,"column":31}},"58":{"start":{"line":59,"column":0},"end":{"line":59,"column":56}},"59":{"start":{"line":60,"column":0},"end":{"line":60,"column":73}},"60":{"start":{"line":61,"column":0},"end":{"line":61,"column":33}},"61":{"start":{"line":62,"column":0},"end":{"line":62,"column":60}},"62":{"start":{"line":63,"column":0},"end":{"line":63,"column":6}},"64":{"start":{"line":65,"column":0},"end":{"line":65,"column":19}},"65":{"start":{"line":66,"column":0},"end":{"line":66,"column":31}},"66":{"start":{"line":67,"column":0},"end":{"line":67,"column":20}},"67":{"start":{"line":68,"column":0},"end":{"line":68,"column":25}},"68":{"start":{"line":69,"column":0},"end":{"line":69,"column":63}},"69":{"start":{"line":70,"column":0},"end":{"line":70,"column":34}},"70":{"start":{"line":71,"column":0},"end":{"line":71,"column":9}},"76":{"start":{"line":77,"column":0},"end":{"line":77,"column":53}},"77":{"start":{"line":78,"column":0},"end":{"line":78,"column":51}},"78":{"start":{"line":79,"column":0},"end":{"line":79,"column":53}},"79":{"start":{"line":80,"column":0},"end":{"line":80,"column":50}},"80":{"start":{"line":81,"column":0},"end":{"line":81,"column":36}},"81":{"start":{"line":82,"column":0},"end":{"line":82,"column":31}},"82":{"start":{"line":83,"column":0},"end":{"line":83,"column":42}},"83":{"start":{"line":84,"column":0},"end":{"line":84,"column":35}},"84":{"start":{"line":85,"column":0},"end":{"line":85,"column":52}},"85":{"start":{"line":86,"column":0},"end":{"line":86,"column":20}},"86":{"start":{"line":87,"column":0},"end":{"line":87,"column":21}},"87":{"start":{"line":88,"column":0},"end":{"line":88,"column":33}},"88":{"start":{"line":89,"column":0},"end":{"line":89,"column":34}},"89":{"start":{"line":90,"column":0},"end":{"line":90,"column":28}},"90":{"start":{"line":91,"column":0},"end":{"line":91,"column":23}},"91":{"start":{"line":92,"column":0},"end":{"line":92,"column":22}},"94":{"start":{"line":95,"column":0},"end":{"line":95,"column":22}},"95":{"start":{"line":96,"column":0},"end":{"line":96,"column":24}},"96":{"start":{"line":97,"column":0},"end":{"line":97,"column":40}},"97":{"start":{"line":98,"column":0},"end":{"line":98,"column":42}},"98":{"start":{"line":99,"column":0},"end":{"line":99,"column":16}},"99":{"start":{"line":100,"column":0},"end":{"line":100,"column":17}},"101":{"start":{"line":102,"column":0},"end":{"line":102,"column":40}},"102":{"start":{"line":103,"column":0},"end":{"line":103,"column":16}},"103":{"start":{"line":104,"column":0},"end":{"line":104,"column":27}},"104":{"start":{"line":105,"column":0},"end":{"line":105,"column":67}},"105":{"start":{"line":106,"column":0},"end":{"line":106,"column":61}},"106":{"start":{"line":107,"column":0},"end":{"line":107,"column":10}},"107":{"start":{"line":108,"column":0},"end":{"line":108,"column":7}},"109":{"start":{"line":110,"column":0},"end":{"line":110,"column":80}},"110":{"start":{"line":111,"column":0},"end":{"line":111,"column":74}},"111":{"start":{"line":112,"column":0},"end":{"line":112,"column":8}},"113":{"start":{"line":114,"column":0},"end":{"line":114,"column":58}},"114":{"start":{"line":115,"column":0},"end":{"line":115,"column":22}},"115":{"start":{"line":116,"column":0},"end":{"line":116,"column":16}},"116":{"start":{"line":117,"column":0},"end":{"line":117,"column":27}},"117":{"start":{"line":118,"column":0},"end":{"line":118,"column":67}},"118":{"start":{"line":119,"column":0},"end":{"line":119,"column":38}},"119":{"start":{"line":120,"column":0},"end":{"line":120,"column":10}},"120":{"start":{"line":121,"column":0},"end":{"line":121,"column":7}},"122":{"start":{"line":123,"column":0},"end":{"line":123,"column":49}},"123":{"start":{"line":124,"column":0},"end":{"line":124,"column":46}},"124":{"start":{"line":125,"column":0},"end":{"line":125,"column":8}},"125":{"start":{"line":126,"column":0},"end":{"line":126,"column":23}},"126":{"start":{"line":127,"column":0},"end":{"line":127,"column":16}},"127":{"start":{"line":128,"column":0},"end":{"line":128,"column":27}},"128":{"start":{"line":129,"column":0},"end":{"line":129,"column":67}},"129":{"start":{"line":130,"column":0},"end":{"line":130,"column":53}},"130":{"start":{"line":131,"column":0},"end":{"line":131,"column":10}},"131":{"start":{"line":132,"column":0},"end":{"line":132,"column":7}},"133":{"start":{"line":134,"column":0},"end":{"line":134,"column":29}},"134":{"start":{"line":135,"column":0},"end":{"line":135,"column":59}},"140":{"start":{"line":141,"column":0},"end":{"line":141,"column":67}},"141":{"start":{"line":142,"column":0},"end":{"line":142,"column":65}},"143":{"start":{"line":144,"column":0},"end":{"line":144,"column":24}},"144":{"start":{"line":145,"column":0},"end":{"line":145,"column":20}},"145":{"start":{"line":146,"column":0},"end":{"line":146,"column":31}},"146":{"start":{"line":147,"column":0},"end":{"line":147,"column":39}},"147":{"start":{"line":148,"column":0},"end":{"line":148,"column":61}},"148":{"start":{"line":149,"column":0},"end":{"line":149,"column":14}},"149":{"start":{"line":150,"column":0},"end":{"line":150,"column":11}},"150":{"start":{"line":151,"column":0},"end":{"line":151,"column":60}},"151":{"start":{"line":152,"column":0},"end":{"line":152,"column":20}},"152":{"start":{"line":153,"column":0},"end":{"line":153,"column":31}},"153":{"start":{"line":154,"column":0},"end":{"line":154,"column":44}},"154":{"start":{"line":155,"column":0},"end":{"line":155,"column":44}},"155":{"start":{"line":156,"column":0},"end":{"line":156,"column":14}},"156":{"start":{"line":157,"column":0},"end":{"line":157,"column":11}},"157":{"start":{"line":158,"column":0},"end":{"line":158,"column":57}},"158":{"start":{"line":159,"column":0},"end":{"line":159,"column":20}},"159":{"start":{"line":160,"column":0},"end":{"line":160,"column":31}},"160":{"start":{"line":161,"column":0},"end":{"line":161,"column":44}},"161":{"start":{"line":162,"column":0},"end":{"line":162,"column":84}},"162":{"start":{"line":163,"column":0},"end":{"line":163,"column":14}},"163":{"start":{"line":164,"column":0},"end":{"line":164,"column":11}},"165":{"start":{"line":166,"column":0},"end":{"line":166,"column":16}},"167":{"start":{"line":168,"column":0},"end":{"line":168,"column":23}},"168":{"start":{"line":169,"column":0},"end":{"line":169,"column":20}},"169":{"start":{"line":170,"column":0},"end":{"line":170,"column":31}},"170":{"start":{"line":171,"column":0},"end":{"line":171,"column":44}},"171":{"start":{"line":172,"column":0},"end":{"line":172,"column":70}},"172":{"start":{"line":173,"column":0},"end":{"line":173,"column":14}},"173":{"start":{"line":174,"column":0},"end":{"line":174,"column":11}},"174":{"start":{"line":175,"column":0},"end":{"line":175,"column":80}},"175":{"start":{"line":176,"column":0},"end":{"line":176,"column":28}},"176":{"start":{"line":177,"column":0},"end":{"line":177,"column":86}},"177":{"start":{"line":178,"column":0},"end":{"line":178,"column":11}},"178":{"start":{"line":179,"column":0},"end":{"line":179,"column":9}},"179":{"start":{"line":180,"column":0},"end":{"line":180,"column":7}},"181":{"start":{"line":182,"column":0},"end":{"line":182,"column":43}},"184":{"start":{"line":185,"column":0},"end":{"line":185,"column":13}},"185":{"start":{"line":186,"column":0},"end":{"line":186,"column":31}},"186":{"start":{"line":187,"column":0},"end":{"line":187,"column":21}},"187":{"start":{"line":188,"column":0},"end":{"line":188,"column":41}},"188":{"start":{"line":189,"column":0},"end":{"line":189,"column":43}},"189":{"start":{"line":190,"column":0},"end":{"line":190,"column":34}},"190":{"start":{"line":191,"column":0},"end":{"line":191,"column":31}},"191":{"start":{"line":192,"column":0},"end":{"line":192,"column":30}},"192":{"start":{"line":193,"column":0},"end":{"line":193,"column":12}},"193":{"start":{"line":194,"column":0},"end":{"line":194,"column":8}},"196":{"start":{"line":197,"column":0},"end":{"line":197,"column":72}},"197":{"start":{"line":198,"column":0},"end":{"line":198,"column":19}},"198":{"start":{"line":199,"column":0},"end":{"line":199,"column":22}},"199":{"start":{"line":200,"column":0},"end":{"line":200,"column":8}},"200":{"start":{"line":201,"column":0},"end":{"line":201,"column":65}},"202":{"start":{"line":203,"column":0},"end":{"line":203,"column":31}},"204":{"start":{"line":205,"column":0},"end":{"line":205,"column":31}},"205":{"start":{"line":206,"column":0},"end":{"line":206,"column":54}},"206":{"start":{"line":207,"column":0},"end":{"line":207,"column":40}},"207":{"start":{"line":208,"column":0},"end":{"line":208,"column":41}},"208":{"start":{"line":209,"column":0},"end":{"line":209,"column":55}},"209":{"start":{"line":210,"column":0},"end":{"line":210,"column":68}},"210":{"start":{"line":211,"column":0},"end":{"line":211,"column":29}},"211":{"start":{"line":212,"column":0},"end":{"line":212,"column":43}},"212":{"start":{"line":213,"column":0},"end":{"line":213,"column":34}},"213":{"start":{"line":214,"column":0},"end":{"line":214,"column":36}},"214":{"start":{"line":215,"column":0},"end":{"line":215,"column":23}},"215":{"start":{"line":216,"column":0},"end":{"line":216,"column":33}},"216":{"start":{"line":217,"column":0},"end":{"line":217,"column":78}},"217":{"start":{"line":218,"column":0},"end":{"line":218,"column":27}},"218":{"start":{"line":219,"column":0},"end":{"line":219,"column":46}},"219":{"start":{"line":220,"column":0},"end":{"line":220,"column":26}},"220":{"start":{"line":221,"column":0},"end":{"line":221,"column":54}},"221":{"start":{"line":222,"column":0},"end":{"line":222,"column":25}},"222":{"start":{"line":223,"column":0},"end":{"line":223,"column":44}},"223":{"start":{"line":224,"column":0},"end":{"line":224,"column":48}},"224":{"start":{"line":225,"column":0},"end":{"line":225,"column":59}},"225":{"start":{"line":226,"column":0},"end":{"line":226,"column":18}},"226":{"start":{"line":227,"column":0},"end":{"line":227,"column":28}},"227":{"start":{"line":228,"column":0},"end":{"line":228,"column":26}},"228":{"start":{"line":229,"column":0},"end":{"line":229,"column":28}},"229":{"start":{"line":230,"column":0},"end":{"line":230,"column":28}},"230":{"start":{"line":231,"column":0},"end":{"line":231,"column":24}},"231":{"start":{"line":232,"column":0},"end":{"line":232,"column":10}},"233":{"start":{"line":234,"column":0},"end":{"line":234,"column":37}},"234":{"start":{"line":235,"column":0},"end":{"line":235,"column":53}},"235":{"start":{"line":236,"column":0},"end":{"line":236,"column":21}},"236":{"start":{"line":237,"column":0},"end":{"line":237,"column":11}},"238":{"start":{"line":239,"column":0},"end":{"line":239,"column":38}},"239":{"start":{"line":240,"column":0},"end":{"line":240,"column":57}},"240":{"start":{"line":241,"column":0},"end":{"line":241,"column":31}},"241":{"start":{"line":242,"column":0},"end":{"line":242,"column":32}},"242":{"start":{"line":243,"column":0},"end":{"line":243,"column":35}},"243":{"start":{"line":244,"column":0},"end":{"line":244,"column":47}},"244":{"start":{"line":245,"column":0},"end":{"line":245,"column":42}},"245":{"start":{"line":246,"column":0},"end":{"line":246,"column":37}},"246":{"start":{"line":247,"column":0},"end":{"line":247,"column":33}},"247":{"start":{"line":248,"column":0},"end":{"line":248,"column":16}},"248":{"start":{"line":249,"column":0},"end":{"line":249,"column":20}},"249":{"start":{"line":250,"column":0},"end":{"line":250,"column":46}},"250":{"start":{"line":251,"column":0},"end":{"line":251,"column":40}},"251":{"start":{"line":252,"column":0},"end":{"line":252,"column":14}},"252":{"start":{"line":253,"column":0},"end":{"line":253,"column":28}},"253":{"start":{"line":254,"column":0},"end":{"line":254,"column":13}},"254":{"start":{"line":255,"column":0},"end":{"line":255,"column":9}},"256":{"start":{"line":257,"column":0},"end":{"line":257,"column":66}},"257":{"start":{"line":258,"column":0},"end":{"line":258,"column":26}},"258":{"start":{"line":259,"column":0},"end":{"line":259,"column":21}},"259":{"start":{"line":260,"column":0},"end":{"line":260,"column":65}},"260":{"start":{"line":261,"column":0},"end":{"line":261,"column":11}},"262":{"start":{"line":263,"column":0},"end":{"line":263,"column":54}},"263":{"start":{"line":264,"column":0},"end":{"line":264,"column":27}},"264":{"start":{"line":265,"column":0},"end":{"line":265,"column":27}},"265":{"start":{"line":266,"column":0},"end":{"line":266,"column":35}},"266":{"start":{"line":267,"column":0},"end":{"line":267,"column":48}},"267":{"start":{"line":268,"column":0},"end":{"line":268,"column":49}},"268":{"start":{"line":269,"column":0},"end":{"line":269,"column":18}},"269":{"start":{"line":270,"column":0},"end":{"line":270,"column":10}},"271":{"start":{"line":272,"column":0},"end":{"line":272,"column":28}},"272":{"start":{"line":273,"column":0},"end":{"line":273,"column":15}},"273":{"start":{"line":274,"column":0},"end":{"line":274,"column":17}},"274":{"start":{"line":275,"column":0},"end":{"line":275,"column":41}},"275":{"start":{"line":276,"column":0},"end":{"line":276,"column":21}},"276":{"start":{"line":277,"column":0},"end":{"line":277,"column":32}},"277":{"start":{"line":278,"column":0},"end":{"line":278,"column":27}},"278":{"start":{"line":279,"column":0},"end":{"line":279,"column":79}},"280":{"start":{"line":281,"column":0},"end":{"line":281,"column":32}},"281":{"start":{"line":282,"column":0},"end":{"line":282,"column":7}},"289":{"start":{"line":290,"column":0},"end":{"line":290,"column":56}},"290":{"start":{"line":291,"column":0},"end":{"line":291,"column":19}},"291":{"start":{"line":292,"column":0},"end":{"line":292,"column":30}},"292":{"start":{"line":293,"column":0},"end":{"line":293,"column":8}},"294":{"start":{"line":295,"column":0},"end":{"line":295,"column":37}},"295":{"start":{"line":296,"column":0},"end":{"line":296,"column":31}},"296":{"start":{"line":297,"column":0},"end":{"line":297,"column":69}},"297":{"start":{"line":298,"column":0},"end":{"line":298,"column":38}},"298":{"start":{"line":299,"column":0},"end":{"line":299,"column":51}},"299":{"start":{"line":300,"column":0},"end":{"line":300,"column":22}},"300":{"start":{"line":301,"column":0},"end":{"line":301,"column":56}},"301":{"start":{"line":302,"column":0},"end":{"line":302,"column":52}},"302":{"start":{"line":303,"column":0},"end":{"line":303,"column":37}},"303":{"start":{"line":304,"column":0},"end":{"line":304,"column":25}},"304":{"start":{"line":305,"column":0},"end":{"line":305,"column":31}},"305":{"start":{"line":306,"column":0},"end":{"line":306,"column":22}},"306":{"start":{"line":307,"column":0},"end":{"line":307,"column":60}},"307":{"start":{"line":308,"column":0},"end":{"line":308,"column":26}},"308":{"start":{"line":309,"column":0},"end":{"line":309,"column":64}},"309":{"start":{"line":310,"column":0},"end":{"line":310,"column":28}},"310":{"start":{"line":311,"column":0},"end":{"line":311,"column":60}},"311":{"start":{"line":312,"column":0},"end":{"line":312,"column":36}},"312":{"start":{"line":313,"column":0},"end":{"line":313,"column":65}},"313":{"start":{"line":314,"column":0},"end":{"line":314,"column":31}},"314":{"start":{"line":315,"column":0},"end":{"line":315,"column":65}},"315":{"start":{"line":316,"column":0},"end":{"line":316,"column":29}},"316":{"start":{"line":317,"column":0},"end":{"line":317,"column":63}},"317":{"start":{"line":318,"column":0},"end":{"line":318,"column":32}},"318":{"start":{"line":319,"column":0},"end":{"line":319,"column":70}},"319":{"start":{"line":320,"column":0},"end":{"line":320,"column":29}},"320":{"start":{"line":321,"column":0},"end":{"line":321,"column":67}},"321":{"start":{"line":322,"column":0},"end":{"line":322,"column":20}},"322":{"start":{"line":323,"column":0},"end":{"line":323,"column":64}},"323":{"start":{"line":324,"column":0},"end":{"line":324,"column":11}},"324":{"start":{"line":325,"column":0},"end":{"line":325,"column":11}},"326":{"start":{"line":327,"column":0},"end":{"line":327,"column":40}},"327":{"start":{"line":328,"column":0},"end":{"line":328,"column":43}},"328":{"start":{"line":329,"column":0},"end":{"line":329,"column":34}},"329":{"start":{"line":330,"column":0},"end":{"line":330,"column":36}},"330":{"start":{"line":331,"column":0},"end":{"line":331,"column":23}},"331":{"start":{"line":332,"column":0},"end":{"line":332,"column":33}},"332":{"start":{"line":333,"column":0},"end":{"line":333,"column":78}},"333":{"start":{"line":334,"column":0},"end":{"line":334,"column":27}},"334":{"start":{"line":335,"column":0},"end":{"line":335,"column":46}},"335":{"start":{"line":336,"column":0},"end":{"line":336,"column":26}},"336":{"start":{"line":337,"column":0},"end":{"line":337,"column":54}},"337":{"start":{"line":338,"column":0},"end":{"line":338,"column":25}},"338":{"start":{"line":339,"column":0},"end":{"line":339,"column":44}},"339":{"start":{"line":340,"column":0},"end":{"line":340,"column":45}},"340":{"start":{"line":341,"column":0},"end":{"line":341,"column":56}},"341":{"start":{"line":342,"column":0},"end":{"line":342,"column":18}},"342":{"start":{"line":343,"column":0},"end":{"line":343,"column":31}},"343":{"start":{"line":344,"column":0},"end":{"line":344,"column":26}},"344":{"start":{"line":345,"column":0},"end":{"line":345,"column":46}},"345":{"start":{"line":346,"column":0},"end":{"line":346,"column":62}},"346":{"start":{"line":347,"column":0},"end":{"line":347,"column":66}},"347":{"start":{"line":348,"column":0},"end":{"line":348,"column":12}},"348":{"start":{"line":349,"column":0},"end":{"line":349,"column":28}},"349":{"start":{"line":350,"column":0},"end":{"line":350,"column":26}},"350":{"start":{"line":351,"column":0},"end":{"line":351,"column":28}},"351":{"start":{"line":352,"column":0},"end":{"line":352,"column":28}},"352":{"start":{"line":353,"column":0},"end":{"line":353,"column":24}},"353":{"start":{"line":354,"column":0},"end":{"line":354,"column":10}},"355":{"start":{"line":356,"column":0},"end":{"line":356,"column":37}},"356":{"start":{"line":357,"column":0},"end":{"line":357,"column":53}},"357":{"start":{"line":358,"column":0},"end":{"line":358,"column":32}},"358":{"start":{"line":359,"column":0},"end":{"line":359,"column":11}},"360":{"start":{"line":361,"column":0},"end":{"line":361,"column":38}},"361":{"start":{"line":362,"column":0},"end":{"line":362,"column":57}},"362":{"start":{"line":363,"column":0},"end":{"line":363,"column":42}},"363":{"start":{"line":364,"column":0},"end":{"line":364,"column":32}},"364":{"start":{"line":365,"column":0},"end":{"line":365,"column":35}},"365":{"start":{"line":366,"column":0},"end":{"line":366,"column":47}},"366":{"start":{"line":367,"column":0},"end":{"line":367,"column":42}},"367":{"start":{"line":368,"column":0},"end":{"line":368,"column":37}},"368":{"start":{"line":369,"column":0},"end":{"line":369,"column":33}},"369":{"start":{"line":370,"column":0},"end":{"line":370,"column":16}},"370":{"start":{"line":371,"column":0},"end":{"line":371,"column":20}},"371":{"start":{"line":372,"column":0},"end":{"line":372,"column":46}},"372":{"start":{"line":373,"column":0},"end":{"line":373,"column":40}},"373":{"start":{"line":374,"column":0},"end":{"line":374,"column":14}},"374":{"start":{"line":375,"column":0},"end":{"line":375,"column":28}},"375":{"start":{"line":376,"column":0},"end":{"line":376,"column":13}},"376":{"start":{"line":377,"column":0},"end":{"line":377,"column":9}},"378":{"start":{"line":379,"column":0},"end":{"line":379,"column":58}},"379":{"start":{"line":380,"column":0},"end":{"line":380,"column":37}},"380":{"start":{"line":381,"column":0},"end":{"line":381,"column":21}},"381":{"start":{"line":382,"column":0},"end":{"line":382,"column":58}},"382":{"start":{"line":383,"column":0},"end":{"line":383,"column":62}},"383":{"start":{"line":384,"column":0},"end":{"line":384,"column":50}},"384":{"start":{"line":385,"column":0},"end":{"line":385,"column":11}},"386":{"start":{"line":387,"column":0},"end":{"line":387,"column":57}},"387":{"start":{"line":388,"column":0},"end":{"line":388,"column":27}},"388":{"start":{"line":389,"column":0},"end":{"line":389,"column":38}},"389":{"start":{"line":390,"column":0},"end":{"line":390,"column":35}},"390":{"start":{"line":391,"column":0},"end":{"line":391,"column":45}},"391":{"start":{"line":392,"column":0},"end":{"line":392,"column":46}},"392":{"start":{"line":393,"column":0},"end":{"line":393,"column":18}},"393":{"start":{"line":394,"column":0},"end":{"line":394,"column":10}},"395":{"start":{"line":396,"column":0},"end":{"line":396,"column":28}},"396":{"start":{"line":397,"column":0},"end":{"line":397,"column":26}},"397":{"start":{"line":398,"column":0},"end":{"line":398,"column":17}},"398":{"start":{"line":399,"column":0},"end":{"line":399,"column":41}},"399":{"start":{"line":400,"column":0},"end":{"line":400,"column":21}},"400":{"start":{"line":401,"column":0},"end":{"line":401,"column":32}},"401":{"start":{"line":402,"column":0},"end":{"line":402,"column":30}},"402":{"start":{"line":403,"column":0},"end":{"line":403,"column":79}},"404":{"start":{"line":405,"column":0},"end":{"line":405,"column":35}},"405":{"start":{"line":406,"column":0},"end":{"line":406,"column":7}},"407":{"start":{"line":408,"column":0},"end":{"line":408,"column":58}},"408":{"start":{"line":409,"column":0},"end":{"line":409,"column":32}},"409":{"start":{"line":410,"column":0},"end":{"line":410,"column":34}},"410":{"start":{"line":411,"column":0},"end":{"line":411,"column":31}},"411":{"start":{"line":412,"column":0},"end":{"line":412,"column":9}},"413":{"start":{"line":414,"column":0},"end":{"line":414,"column":46}},"414":{"start":{"line":415,"column":0},"end":{"line":415,"column":45}},"415":{"start":{"line":416,"column":0},"end":{"line":416,"column":7}},"416":{"start":{"line":417,"column":0},"end":{"line":417,"column":54}},"417":{"start":{"line":418,"column":0},"end":{"line":418,"column":69}},"418":{"start":{"line":419,"column":0},"end":{"line":419,"column":11}},"419":{"start":{"line":420,"column":0},"end":{"line":420,"column":13}},"421":{"start":{"line":422,"column":0},"end":{"line":422,"column":35}},"422":{"start":{"line":423,"column":0},"end":{"line":423,"column":59}},"423":{"start":{"line":424,"column":0},"end":{"line":424,"column":60}},"424":{"start":{"line":425,"column":0},"end":{"line":425,"column":33}},"425":{"start":{"line":426,"column":0},"end":{"line":426,"column":63}},"426":{"start":{"line":427,"column":0},"end":{"line":427,"column":77}},"430":{"start":{"line":431,"column":0},"end":{"line":431,"column":32}},"431":{"start":{"line":432,"column":0},"end":{"line":432,"column":44}},"432":{"start":{"line":433,"column":0},"end":{"line":433,"column":51}},"434":{"start":{"line":435,"column":0},"end":{"line":435,"column":22}},"435":{"start":{"line":436,"column":0},"end":{"line":436,"column":73}},"437":{"start":{"line":438,"column":0},"end":{"line":438,"column":44}},"438":{"start":{"line":439,"column":0},"end":{"line":439,"column":30}},"439":{"start":{"line":440,"column":0},"end":{"line":440,"column":60}},"440":{"start":{"line":441,"column":0},"end":{"line":441,"column":74}},"441":{"start":{"line":442,"column":0},"end":{"line":442,"column":53}},"442":{"start":{"line":443,"column":0},"end":{"line":443,"column":52}},"444":{"start":{"line":445,"column":0},"end":{"line":445,"column":29}},"445":{"start":{"line":446,"column":0},"end":{"line":446,"column":78}},"447":{"start":{"line":448,"column":0},"end":{"line":448,"column":27}},"448":{"start":{"line":449,"column":0},"end":{"line":449,"column":41}},"449":{"start":{"line":450,"column":0},"end":{"line":450,"column":32}},"450":{"start":{"line":451,"column":0},"end":{"line":451,"column":34}},"451":{"start":{"line":452,"column":0},"end":{"line":452,"column":21}},"452":{"start":{"line":453,"column":0},"end":{"line":453,"column":31}},"453":{"start":{"line":454,"column":0},"end":{"line":454,"column":76}},"454":{"start":{"line":455,"column":0},"end":{"line":455,"column":37}},"455":{"start":{"line":456,"column":0},"end":{"line":456,"column":28}},"456":{"start":{"line":457,"column":0},"end":{"line":457,"column":38}},"457":{"start":{"line":458,"column":0},"end":{"line":458,"column":10}},"458":{"start":{"line":459,"column":0},"end":{"line":459,"column":40}},"459":{"start":{"line":460,"column":0},"end":{"line":460,"column":65}},"460":{"start":{"line":461,"column":0},"end":{"line":461,"column":16}},"461":{"start":{"line":462,"column":0},"end":{"line":462,"column":79}},"462":{"start":{"line":463,"column":0},"end":{"line":463,"column":36}},"463":{"start":{"line":464,"column":0},"end":{"line":464,"column":13}},"464":{"start":{"line":465,"column":0},"end":{"line":465,"column":36}},"465":{"start":{"line":466,"column":0},"end":{"line":466,"column":46}},"466":{"start":{"line":467,"column":0},"end":{"line":467,"column":48}},"467":{"start":{"line":468,"column":0},"end":{"line":468,"column":48}},"468":{"start":{"line":469,"column":0},"end":{"line":469,"column":13}},"469":{"start":{"line":470,"column":0},"end":{"line":470,"column":16}},"470":{"start":{"line":471,"column":0},"end":{"line":471,"column":24}},"471":{"start":{"line":472,"column":0},"end":{"line":472,"column":52}},"472":{"start":{"line":473,"column":0},"end":{"line":473,"column":17}},"473":{"start":{"line":474,"column":0},"end":{"line":474,"column":42}},"474":{"start":{"line":475,"column":0},"end":{"line":475,"column":26}},"475":{"start":{"line":476,"column":0},"end":{"line":476,"column":24}},"476":{"start":{"line":477,"column":0},"end":{"line":477,"column":26}},"477":{"start":{"line":478,"column":0},"end":{"line":478,"column":26}},"478":{"start":{"line":479,"column":0},"end":{"line":479,"column":21}},"479":{"start":{"line":480,"column":0},"end":{"line":480,"column":8}},"481":{"start":{"line":482,"column":0},"end":{"line":482,"column":35}},"482":{"start":{"line":483,"column":0},"end":{"line":483,"column":51}},"483":{"start":{"line":484,"column":0},"end":{"line":484,"column":19}},"484":{"start":{"line":485,"column":0},"end":{"line":485,"column":9}},"486":{"start":{"line":487,"column":0},"end":{"line":487,"column":36}},"487":{"start":{"line":488,"column":0},"end":{"line":488,"column":55}},"488":{"start":{"line":489,"column":0},"end":{"line":489,"column":29}},"489":{"start":{"line":490,"column":0},"end":{"line":490,"column":30}},"490":{"start":{"line":491,"column":0},"end":{"line":491,"column":33}},"491":{"start":{"line":492,"column":0},"end":{"line":492,"column":45}},"492":{"start":{"line":493,"column":0},"end":{"line":493,"column":40}},"493":{"start":{"line":494,"column":0},"end":{"line":494,"column":35}},"494":{"start":{"line":495,"column":0},"end":{"line":495,"column":31}},"495":{"start":{"line":496,"column":0},"end":{"line":496,"column":14}},"496":{"start":{"line":497,"column":0},"end":{"line":497,"column":80}},"497":{"start":{"line":498,"column":0},"end":{"line":498,"column":26}},"498":{"start":{"line":499,"column":0},"end":{"line":499,"column":11}},"499":{"start":{"line":500,"column":0},"end":{"line":500,"column":7}},"501":{"start":{"line":502,"column":0},"end":{"line":502,"column":41}},"502":{"start":{"line":503,"column":0},"end":{"line":503,"column":40}},"503":{"start":{"line":504,"column":0},"end":{"line":504,"column":57}},"504":{"start":{"line":505,"column":0},"end":{"line":505,"column":34}},"505":{"start":{"line":506,"column":0},"end":{"line":506,"column":27}},"506":{"start":{"line":507,"column":0},"end":{"line":507,"column":91}},"507":{"start":{"line":508,"column":0},"end":{"line":508,"column":38}},"508":{"start":{"line":509,"column":0},"end":{"line":509,"column":26}},"509":{"start":{"line":510,"column":0},"end":{"line":510,"column":24}},"510":{"start":{"line":511,"column":0},"end":{"line":511,"column":12}},"511":{"start":{"line":512,"column":0},"end":{"line":512,"column":11}},"512":{"start":{"line":513,"column":0},"end":{"line":513,"column":7}},"514":{"start":{"line":515,"column":0},"end":{"line":515,"column":39}},"515":{"start":{"line":516,"column":0},"end":{"line":516,"column":24}},"516":{"start":{"line":517,"column":0},"end":{"line":517,"column":19}},"517":{"start":{"line":518,"column":0},"end":{"line":518,"column":21}},"518":{"start":{"line":519,"column":0},"end":{"line":519,"column":9}},"520":{"start":{"line":521,"column":0},"end":{"line":521,"column":60}},"521":{"start":{"line":522,"column":0},"end":{"line":522,"column":11}},"522":{"start":{"line":523,"column":0},"end":{"line":523,"column":29}},"523":{"start":{"line":524,"column":0},"end":{"line":524,"column":29}},"524":{"start":{"line":525,"column":0},"end":{"line":525,"column":37}},"525":{"start":{"line":526,"column":0},"end":{"line":526,"column":73}},"526":{"start":{"line":527,"column":0},"end":{"line":527,"column":49}},"527":{"start":{"line":528,"column":0},"end":{"line":528,"column":37}},"528":{"start":{"line":529,"column":0},"end":{"line":529,"column":53}},"529":{"start":{"line":530,"column":0},"end":{"line":530,"column":22}},"530":{"start":{"line":531,"column":0},"end":{"line":531,"column":11}},"531":{"start":{"line":532,"column":0},"end":{"line":532,"column":11}},"532":{"start":{"line":533,"column":0},"end":{"line":533,"column":29}},"533":{"start":{"line":534,"column":0},"end":{"line":534,"column":69}},"534":{"start":{"line":535,"column":0},"end":{"line":535,"column":19}},"535":{"start":{"line":536,"column":0},"end":{"line":536,"column":31}},"536":{"start":{"line":537,"column":0},"end":{"line":537,"column":83}},"537":{"start":{"line":538,"column":0},"end":{"line":538,"column":14}},"538":{"start":{"line":539,"column":0},"end":{"line":539,"column":12}},"540":{"start":{"line":541,"column":0},"end":{"line":541,"column":26}},"541":{"start":{"line":542,"column":0},"end":{"line":542,"column":13}},"542":{"start":{"line":543,"column":0},"end":{"line":543,"column":15}},"543":{"start":{"line":544,"column":0},"end":{"line":544,"column":39}},"544":{"start":{"line":545,"column":0},"end":{"line":545,"column":19}},"545":{"start":{"line":546,"column":0},"end":{"line":546,"column":30}},"546":{"start":{"line":547,"column":0},"end":{"line":547,"column":21}},"547":{"start":{"line":548,"column":0},"end":{"line":548,"column":77}},"549":{"start":{"line":550,"column":0},"end":{"line":550,"column":26}},"550":{"start":{"line":551,"column":0},"end":{"line":551,"column":26}},"551":{"start":{"line":552,"column":0},"end":{"line":552,"column":56}},"552":{"start":{"line":553,"column":0},"end":{"line":553,"column":14}},"553":{"start":{"line":554,"column":0},"end":{"line":554,"column":25}},"554":{"start":{"line":555,"column":0},"end":{"line":555,"column":65}},"555":{"start":{"line":556,"column":0},"end":{"line":556,"column":56}},"556":{"start":{"line":557,"column":0},"end":{"line":557,"column":8}},"557":{"start":{"line":558,"column":0},"end":{"line":558,"column":5}},"558":{"start":{"line":559,"column":0},"end":{"line":559,"column":3}},"560":{"start":{"line":561,"column":0},"end":{"line":561,"column":55}},"566":{"start":{"line":567,"column":0},"end":{"line":567,"column":5}},"567":{"start":{"line":568,"column":0},"end":{"line":568,"column":9}},"568":{"start":{"line":569,"column":0},"end":{"line":569,"column":13}},"569":{"start":{"line":570,"column":0},"end":{"line":570,"column":20}},"570":{"start":{"line":571,"column":0},"end":{"line":571,"column":13}},"571":{"start":{"line":572,"column":0},"end":{"line":572,"column":19}},"572":{"start":{"line":573,"column":0},"end":{"line":573,"column":25}},"573":{"start":{"line":574,"column":0},"end":{"line":574,"column":31}},"574":{"start":{"line":575,"column":0},"end":{"line":575,"column":16}},"576":{"start":{"line":577,"column":0},"end":{"line":577,"column":48}},"577":{"start":{"line":578,"column":0},"end":{"line":578,"column":72}},"578":{"start":{"line":579,"column":0},"end":{"line":579,"column":20}},"580":{"start":{"line":581,"column":0},"end":{"line":581,"column":35}},"581":{"start":{"line":582,"column":0},"end":{"line":582,"column":47}},"582":{"start":{"line":583,"column":0},"end":{"line":583,"column":45}},"584":{"start":{"line":585,"column":0},"end":{"line":585,"column":28}},"585":{"start":{"line":586,"column":0},"end":{"line":586,"column":21}},"586":{"start":{"line":587,"column":0},"end":{"line":587,"column":81}},"587":{"start":{"line":588,"column":0},"end":{"line":588,"column":10}},"588":{"start":{"line":589,"column":0},"end":{"line":589,"column":44}},"589":{"start":{"line":590,"column":0},"end":{"line":590,"column":7}},"591":{"start":{"line":592,"column":0},"end":{"line":592,"column":24}},"592":{"start":{"line":593,"column":0},"end":{"line":593,"column":52}},"593":{"start":{"line":594,"column":0},"end":{"line":594,"column":46}},"594":{"start":{"line":595,"column":0},"end":{"line":595,"column":45}},"595":{"start":{"line":596,"column":0},"end":{"line":596,"column":7}},"597":{"start":{"line":598,"column":0},"end":{"line":598,"column":38}},"598":{"start":{"line":599,"column":0},"end":{"line":599,"column":38}},"599":{"start":{"line":600,"column":0},"end":{"line":600,"column":32}},"600":{"start":{"line":601,"column":0},"end":{"line":601,"column":31}},"601":{"start":{"line":602,"column":0},"end":{"line":602,"column":7}},"603":{"start":{"line":604,"column":0},"end":{"line":604,"column":45}},"604":{"start":{"line":605,"column":0},"end":{"line":605,"column":31}},"605":{"start":{"line":606,"column":0},"end":{"line":606,"column":20}},"607":{"start":{"line":608,"column":0},"end":{"line":608,"column":62}},"608":{"start":{"line":609,"column":0},"end":{"line":609,"column":51}},"609":{"start":{"line":610,"column":0},"end":{"line":610,"column":21}},"610":{"start":{"line":611,"column":0},"end":{"line":611,"column":45}},"611":{"start":{"line":612,"column":0},"end":{"line":612,"column":28}},"612":{"start":{"line":613,"column":0},"end":{"line":613,"column":13}},"613":{"start":{"line":614,"column":0},"end":{"line":614,"column":49}},"614":{"start":{"line":615,"column":0},"end":{"line":615,"column":47}},"615":{"start":{"line":616,"column":0},"end":{"line":616,"column":53}},"616":{"start":{"line":617,"column":0},"end":{"line":617,"column":22}},"617":{"start":{"line":618,"column":0},"end":{"line":618,"column":48}},"618":{"start":{"line":619,"column":0},"end":{"line":619,"column":13}},"619":{"start":{"line":620,"column":0},"end":{"line":620,"column":16}},"620":{"start":{"line":621,"column":0},"end":{"line":621,"column":9}},"622":{"start":{"line":623,"column":0},"end":{"line":623,"column":14}},"623":{"start":{"line":624,"column":0},"end":{"line":624,"column":21}},"624":{"start":{"line":625,"column":0},"end":{"line":625,"column":15}},"625":{"start":{"line":626,"column":0},"end":{"line":626,"column":34}},"626":{"start":{"line":627,"column":0},"end":{"line":627,"column":41}},"627":{"start":{"line":628,"column":0},"end":{"line":628,"column":55}},"628":{"start":{"line":629,"column":0},"end":{"line":629,"column":80}},"629":{"start":{"line":630,"column":0},"end":{"line":630,"column":25}},"630":{"start":{"line":631,"column":0},"end":{"line":631,"column":15}},"631":{"start":{"line":632,"column":0},"end":{"line":632,"column":24}},"632":{"start":{"line":633,"column":0},"end":{"line":633,"column":10}},"633":{"start":{"line":634,"column":0},"end":{"line":634,"column":8}},"634":{"start":{"line":635,"column":0},"end":{"line":635,"column":26}},"635":{"start":{"line":636,"column":0},"end":{"line":636,"column":55}},"636":{"start":{"line":637,"column":0},"end":{"line":637,"column":14}},"637":{"start":{"line":638,"column":0},"end":{"line":638,"column":22}},"638":{"start":{"line":639,"column":0},"end":{"line":639,"column":55}},"639":{"start":{"line":640,"column":0},"end":{"line":640,"column":8}},"640":{"start":{"line":641,"column":0},"end":{"line":641,"column":5}},"641":{"start":{"line":642,"column":0},"end":{"line":642,"column":3}},"643":{"start":{"line":644,"column":0},"end":{"line":644,"column":60}},"644":{"start":{"line":645,"column":0},"end":{"line":645,"column":9}},"645":{"start":{"line":646,"column":0},"end":{"line":646,"column":55}},"646":{"start":{"line":647,"column":0},"end":{"line":647,"column":51}},"647":{"start":{"line":648,"column":0},"end":{"line":648,"column":20}},"648":{"start":{"line":649,"column":0},"end":{"line":649,"column":9}},"650":{"start":{"line":651,"column":0},"end":{"line":651,"column":18}},"651":{"start":{"line":652,"column":0},"end":{"line":652,"column":64}},"652":{"start":{"line":653,"column":0},"end":{"line":653,"column":7}},"654":{"start":{"line":655,"column":0},"end":{"line":655,"column":42}},"655":{"start":{"line":656,"column":0},"end":{"line":656,"column":26}},"656":{"start":{"line":657,"column":0},"end":{"line":657,"column":53}},"657":{"start":{"line":658,"column":0},"end":{"line":658,"column":77}},"658":{"start":{"line":659,"column":0},"end":{"line":659,"column":5}},"659":{"start":{"line":660,"column":0},"end":{"line":660,"column":3}},"661":{"start":{"line":662,"column":0},"end":{"line":662,"column":19}},"662":{"start":{"line":663,"column":0},"end":{"line":663,"column":15}},"663":{"start":{"line":664,"column":0},"end":{"line":664,"column":31}},"664":{"start":{"line":665,"column":0},"end":{"line":665,"column":25}},"665":{"start":{"line":666,"column":0},"end":{"line":666,"column":36}},"666":{"start":{"line":667,"column":0},"end":{"line":667,"column":9}},"667":{"start":{"line":668,"column":0},"end":{"line":668,"column":62}},"668":{"start":{"line":669,"column":0},"end":{"line":669,"column":43}},"669":{"start":{"line":670,"column":0},"end":{"line":670,"column":20}},"670":{"start":{"line":671,"column":0},"end":{"line":671,"column":8}},"672":{"start":{"line":673,"column":0},"end":{"line":673,"column":16}},"673":{"start":{"line":674,"column":0},"end":{"line":674,"column":80}},"674":{"start":{"line":675,"column":0},"end":{"line":675,"column":7}},"676":{"start":{"line":677,"column":0},"end":{"line":677,"column":59}},"677":{"start":{"line":678,"column":0},"end":{"line":678,"column":51}},"678":{"start":{"line":679,"column":0},"end":{"line":679,"column":20}},"679":{"start":{"line":680,"column":0},"end":{"line":680,"column":9}},"681":{"start":{"line":682,"column":0},"end":{"line":682,"column":22}},"682":{"start":{"line":683,"column":0},"end":{"line":683,"column":64}},"683":{"start":{"line":684,"column":0},"end":{"line":684,"column":7}},"685":{"start":{"line":686,"column":0},"end":{"line":686,"column":43}},"688":{"start":{"line":689,"column":0},"end":{"line":689,"column":48}},"689":{"start":{"line":690,"column":0},"end":{"line":690,"column":42}},"690":{"start":{"line":691,"column":0},"end":{"line":691,"column":56}},"691":{"start":{"line":692,"column":0},"end":{"line":692,"column":21}},"692":{"start":{"line":693,"column":0},"end":{"line":693,"column":31}},"693":{"start":{"line":694,"column":0},"end":{"line":694,"column":35}},"694":{"start":{"line":695,"column":0},"end":{"line":695,"column":35}},"695":{"start":{"line":696,"column":0},"end":{"line":696,"column":9}},"696":{"start":{"line":697,"column":0},"end":{"line":697,"column":40}},"697":{"start":{"line":698,"column":0},"end":{"line":698,"column":34}},"698":{"start":{"line":699,"column":0},"end":{"line":699,"column":37}},"699":{"start":{"line":700,"column":0},"end":{"line":700,"column":37}},"700":{"start":{"line":701,"column":0},"end":{"line":701,"column":76}},"701":{"start":{"line":702,"column":0},"end":{"line":702,"column":24}},"702":{"start":{"line":703,"column":0},"end":{"line":703,"column":36}},"703":{"start":{"line":704,"column":0},"end":{"line":704,"column":31}},"704":{"start":{"line":705,"column":0},"end":{"line":705,"column":29}},"705":{"start":{"line":706,"column":0},"end":{"line":706,"column":13}},"706":{"start":{"line":707,"column":0},"end":{"line":707,"column":9}},"707":{"start":{"line":708,"column":0},"end":{"line":708,"column":7}},"709":{"start":{"line":710,"column":0},"end":{"line":710,"column":30}},"710":{"start":{"line":711,"column":0},"end":{"line":711,"column":20}},"711":{"start":{"line":712,"column":0},"end":{"line":712,"column":62}},"712":{"start":{"line":713,"column":0},"end":{"line":713,"column":24}},"713":{"start":{"line":714,"column":0},"end":{"line":714,"column":26}},"714":{"start":{"line":715,"column":0},"end":{"line":715,"column":8}},"716":{"start":{"line":717,"column":0},"end":{"line":717,"column":35}},"717":{"start":{"line":718,"column":0},"end":{"line":718,"column":51}},"718":{"start":{"line":719,"column":0},"end":{"line":719,"column":22}},"719":{"start":{"line":720,"column":0},"end":{"line":720,"column":9}},"721":{"start":{"line":722,"column":0},"end":{"line":722,"column":53}},"722":{"start":{"line":723,"column":0},"end":{"line":723,"column":22}},"723":{"start":{"line":724,"column":0},"end":{"line":724,"column":28}},"724":{"start":{"line":725,"column":0},"end":{"line":725,"column":26}},"725":{"start":{"line":726,"column":0},"end":{"line":726,"column":16}},"726":{"start":{"line":727,"column":0},"end":{"line":727,"column":14}},"727":{"start":{"line":728,"column":0},"end":{"line":728,"column":24}},"728":{"start":{"line":729,"column":0},"end":{"line":729,"column":9}},"730":{"start":{"line":731,"column":0},"end":{"line":731,"column":45}},"731":{"start":{"line":732,"column":0},"end":{"line":732,"column":26}},"732":{"start":{"line":733,"column":0},"end":{"line":733,"column":56}},"733":{"start":{"line":734,"column":0},"end":{"line":734,"column":14}},"734":{"start":{"line":735,"column":0},"end":{"line":735,"column":22}},"735":{"start":{"line":736,"column":0},"end":{"line":736,"column":56}},"736":{"start":{"line":737,"column":0},"end":{"line":737,"column":8}},"737":{"start":{"line":738,"column":0},"end":{"line":738,"column":5}},"738":{"start":{"line":739,"column":0},"end":{"line":739,"column":3}},"740":{"start":{"line":741,"column":0},"end":{"line":741,"column":19}},"741":{"start":{"line":742,"column":0},"end":{"line":742,"column":15}},"742":{"start":{"line":743,"column":0},"end":{"line":743,"column":42}},"743":{"start":{"line":744,"column":0},"end":{"line":744,"column":25}},"744":{"start":{"line":745,"column":0},"end":{"line":745,"column":35}},"745":{"start":{"line":746,"column":0},"end":{"line":746,"column":9}},"746":{"start":{"line":747,"column":0},"end":{"line":747,"column":59}},"747":{"start":{"line":748,"column":0},"end":{"line":748,"column":51}},"748":{"start":{"line":749,"column":0},"end":{"line":749,"column":20}},"749":{"start":{"line":750,"column":0},"end":{"line":750,"column":9}},"751":{"start":{"line":752,"column":0},"end":{"line":752,"column":22}},"752":{"start":{"line":753,"column":0},"end":{"line":753,"column":64}},"753":{"start":{"line":754,"column":0},"end":{"line":754,"column":7}},"755":{"start":{"line":756,"column":0},"end":{"line":756,"column":30}},"756":{"start":{"line":757,"column":0},"end":{"line":757,"column":40}},"757":{"start":{"line":758,"column":0},"end":{"line":758,"column":53}},"758":{"start":{"line":759,"column":0},"end":{"line":759,"column":22}},"759":{"start":{"line":760,"column":0},"end":{"line":760,"column":11}},"760":{"start":{"line":761,"column":0},"end":{"line":761,"column":76}},"761":{"start":{"line":762,"column":0},"end":{"line":762,"column":14}},"762":{"start":{"line":763,"column":0},"end":{"line":763,"column":45}},"763":{"start":{"line":764,"column":0},"end":{"line":764,"column":68}},"764":{"start":{"line":765,"column":0},"end":{"line":765,"column":27}},"765":{"start":{"line":766,"column":0},"end":{"line":766,"column":24}},"766":{"start":{"line":767,"column":0},"end":{"line":767,"column":26}},"767":{"start":{"line":768,"column":0},"end":{"line":768,"column":28}},"768":{"start":{"line":769,"column":0},"end":{"line":769,"column":26}},"769":{"start":{"line":770,"column":0},"end":{"line":770,"column":28}},"770":{"start":{"line":771,"column":0},"end":{"line":771,"column":11}},"772":{"start":{"line":773,"column":0},"end":{"line":773,"column":40}},"773":{"start":{"line":774,"column":0},"end":{"line":774,"column":53}},"774":{"start":{"line":775,"column":0},"end":{"line":775,"column":22}},"775":{"start":{"line":776,"column":0},"end":{"line":776,"column":24}},"776":{"start":{"line":777,"column":0},"end":{"line":777,"column":11}},"778":{"start":{"line":779,"column":0},"end":{"line":779,"column":69}},"779":{"start":{"line":780,"column":0},"end":{"line":780,"column":7}},"781":{"start":{"line":782,"column":0},"end":{"line":782,"column":30}},"782":{"start":{"line":783,"column":0},"end":{"line":783,"column":26}},"783":{"start":{"line":784,"column":0},"end":{"line":784,"column":56}},"784":{"start":{"line":785,"column":0},"end":{"line":785,"column":14}},"785":{"start":{"line":786,"column":0},"end":{"line":786,"column":22}},"786":{"start":{"line":787,"column":0},"end":{"line":787,"column":56}},"787":{"start":{"line":788,"column":0},"end":{"line":788,"column":8}},"788":{"start":{"line":789,"column":0},"end":{"line":789,"column":5}},"789":{"start":{"line":790,"column":0},"end":{"line":790,"column":3}},"800":{"start":{"line":801,"column":0},"end":{"line":801,"column":29}},"801":{"start":{"line":802,"column":0},"end":{"line":802,"column":50}},"802":{"start":{"line":803,"column":0},"end":{"line":803,"column":37}},"803":{"start":{"line":804,"column":0},"end":{"line":804,"column":16}},"804":{"start":{"line":805,"column":0},"end":{"line":805,"column":25}},"805":{"start":{"line":806,"column":0},"end":{"line":806,"column":32}},"806":{"start":{"line":807,"column":0},"end":{"line":807,"column":78}},"807":{"start":{"line":808,"column":0},"end":{"line":808,"column":5}},"809":{"start":{"line":810,"column":0},"end":{"line":810,"column":40}},"810":{"start":{"line":811,"column":0},"end":{"line":811,"column":38}},"811":{"start":{"line":812,"column":0},"end":{"line":812,"column":32}},"812":{"start":{"line":813,"column":0},"end":{"line":813,"column":6}},"814":{"start":{"line":815,"column":0},"end":{"line":815,"column":41}},"815":{"start":{"line":816,"column":0},"end":{"line":816,"column":49}},"816":{"start":{"line":817,"column":0},"end":{"line":817,"column":48}},"817":{"start":{"line":818,"column":0},"end":{"line":818,"column":38}},"819":{"start":{"line":820,"column":0},"end":{"line":820,"column":39}},"820":{"start":{"line":821,"column":0},"end":{"line":821,"column":55}},"821":{"start":{"line":822,"column":0},"end":{"line":822,"column":49}},"824":{"start":{"line":825,"column":0},"end":{"line":825,"column":70}},"825":{"start":{"line":826,"column":0},"end":{"line":826,"column":78}},"826":{"start":{"line":827,"column":0},"end":{"line":827,"column":40}},"828":{"start":{"line":829,"column":0},"end":{"line":829,"column":48}},"829":{"start":{"line":830,"column":0},"end":{"line":830,"column":39}},"830":{"start":{"line":831,"column":0},"end":{"line":831,"column":42}},"831":{"start":{"line":832,"column":0},"end":{"line":832,"column":71}},"832":{"start":{"line":833,"column":0},"end":{"line":833,"column":32}},"833":{"start":{"line":834,"column":0},"end":{"line":834,"column":16}},"834":{"start":{"line":835,"column":0},"end":{"line":835,"column":9}},"835":{"start":{"line":836,"column":0},"end":{"line":836,"column":7}},"837":{"start":{"line":838,"column":0},"end":{"line":838,"column":68}},"839":{"start":{"line":840,"column":0},"end":{"line":840,"column":49}},"840":{"start":{"line":841,"column":0},"end":{"line":841,"column":25}},"841":{"start":{"line":842,"column":0},"end":{"line":842,"column":32}},"842":{"start":{"line":843,"column":0},"end":{"line":843,"column":33}},"843":{"start":{"line":844,"column":0},"end":{"line":844,"column":31}},"844":{"start":{"line":845,"column":0},"end":{"line":845,"column":23}},"845":{"start":{"line":846,"column":0},"end":{"line":846,"column":9}},"846":{"start":{"line":847,"column":0},"end":{"line":847,"column":24}},"847":{"start":{"line":848,"column":0},"end":{"line":848,"column":45}},"848":{"start":{"line":849,"column":0},"end":{"line":849,"column":33}},"849":{"start":{"line":850,"column":0},"end":{"line":850,"column":28}},"850":{"start":{"line":851,"column":0},"end":{"line":851,"column":24}},"851":{"start":{"line":852,"column":0},"end":{"line":852,"column":33}},"852":{"start":{"line":853,"column":0},"end":{"line":853,"column":9}},"853":{"start":{"line":854,"column":0},"end":{"line":854,"column":42}},"854":{"start":{"line":855,"column":0},"end":{"line":855,"column":5}},"856":{"start":{"line":857,"column":0},"end":{"line":857,"column":79}},"857":{"start":{"line":858,"column":0},"end":{"line":858,"column":3}},"859":{"start":{"line":860,"column":0},"end":{"line":860,"column":31}},"860":{"start":{"line":861,"column":0},"end":{"line":861,"column":16}},"861":{"start":{"line":862,"column":0},"end":{"line":862,"column":20}},"862":{"start":{"line":863,"column":0},"end":{"line":863,"column":37}},"863":{"start":{"line":864,"column":0},"end":{"line":864,"column":74}},"864":{"start":{"line":865,"column":0},"end":{"line":865,"column":47}},"865":{"start":{"line":866,"column":0},"end":{"line":866,"column":37}},"866":{"start":{"line":867,"column":0},"end":{"line":867,"column":20}},"867":{"start":{"line":868,"column":0},"end":{"line":868,"column":60}},"869":{"start":{"line":870,"column":0},"end":{"line":870,"column":43}},"870":{"start":{"line":871,"column":0},"end":{"line":871,"column":14}},"871":{"start":{"line":872,"column":0},"end":{"line":872,"column":21}},"872":{"start":{"line":873,"column":0},"end":{"line":873,"column":20}},"873":{"start":{"line":874,"column":0},"end":{"line":874,"column":21}},"875":{"start":{"line":876,"column":0},"end":{"line":876,"column":30}},"876":{"start":{"line":877,"column":0},"end":{"line":877,"column":48}},"877":{"start":{"line":878,"column":0},"end":{"line":878,"column":44}},"878":{"start":{"line":879,"column":0},"end":{"line":879,"column":20}},"880":{"start":{"line":881,"column":0},"end":{"line":881,"column":33}},"881":{"start":{"line":882,"column":0},"end":{"line":882,"column":18}},"882":{"start":{"line":883,"column":0},"end":{"line":883,"column":36}},"883":{"start":{"line":884,"column":0},"end":{"line":884,"column":38}},"884":{"start":{"line":885,"column":0},"end":{"line":885,"column":35}},"885":{"start":{"line":886,"column":0},"end":{"line":886,"column":13}},"886":{"start":{"line":887,"column":0},"end":{"line":887,"column":21}},"887":{"start":{"line":888,"column":0},"end":{"line":888,"column":22}},"888":{"start":{"line":889,"column":0},"end":{"line":889,"column":31}},"889":{"start":{"line":890,"column":0},"end":{"line":890,"column":53}},"890":{"start":{"line":891,"column":0},"end":{"line":891,"column":14}},"891":{"start":{"line":892,"column":0},"end":{"line":892,"column":54}},"892":{"start":{"line":893,"column":0},"end":{"line":893,"column":66}},"893":{"start":{"line":894,"column":0},"end":{"line":894,"column":63}},"894":{"start":{"line":895,"column":0},"end":{"line":895,"column":51}},"895":{"start":{"line":896,"column":0},"end":{"line":896,"column":51}},"896":{"start":{"line":897,"column":0},"end":{"line":897,"column":35}},"897":{"start":{"line":898,"column":0},"end":{"line":898,"column":58}},"898":{"start":{"line":899,"column":0},"end":{"line":899,"column":14}},"899":{"start":{"line":900,"column":0},"end":{"line":900,"column":24}},"900":{"start":{"line":901,"column":0},"end":{"line":901,"column":57}},"901":{"start":{"line":902,"column":0},"end":{"line":902,"column":32}},"902":{"start":{"line":903,"column":0},"end":{"line":903,"column":72}},"903":{"start":{"line":904,"column":0},"end":{"line":904,"column":31}},"904":{"start":{"line":905,"column":0},"end":{"line":905,"column":53}},"905":{"start":{"line":906,"column":0},"end":{"line":906,"column":14}},"906":{"start":{"line":907,"column":0},"end":{"line":907,"column":31}},"907":{"start":{"line":908,"column":0},"end":{"line":908,"column":53}},"908":{"start":{"line":909,"column":0},"end":{"line":909,"column":14}},"909":{"start":{"line":910,"column":0},"end":{"line":910,"column":6}},"911":{"start":{"line":912,"column":0},"end":{"line":912,"column":33}},"912":{"start":{"line":913,"column":0},"end":{"line":913,"column":60}},"913":{"start":{"line":914,"column":0},"end":{"line":914,"column":16}},"914":{"start":{"line":915,"column":0},"end":{"line":915,"column":7}},"915":{"start":{"line":916,"column":0},"end":{"line":916,"column":3}},"917":{"start":{"line":918,"column":0},"end":{"line":918,"column":65}},"923":{"start":{"line":924,"column":0},"end":{"line":924,"column":5}},"924":{"start":{"line":925,"column":0},"end":{"line":925,"column":9}},"925":{"start":{"line":926,"column":0},"end":{"line":926,"column":56}},"926":{"start":{"line":927,"column":0},"end":{"line":927,"column":76}},"927":{"start":{"line":928,"column":0},"end":{"line":928,"column":7}},"929":{"start":{"line":930,"column":0},"end":{"line":930,"column":13}},"930":{"start":{"line":931,"column":0},"end":{"line":931,"column":20}},"931":{"start":{"line":932,"column":0},"end":{"line":932,"column":15}},"932":{"start":{"line":933,"column":0},"end":{"line":933,"column":18}},"933":{"start":{"line":934,"column":0},"end":{"line":934,"column":16}},"934":{"start":{"line":935,"column":0},"end":{"line":935,"column":19}},"935":{"start":{"line":936,"column":0},"end":{"line":936,"column":25}},"936":{"start":{"line":937,"column":0},"end":{"line":937,"column":16}},"938":{"start":{"line":939,"column":0},"end":{"line":939,"column":48}},"939":{"start":{"line":940,"column":0},"end":{"line":940,"column":72}},"940":{"start":{"line":941,"column":0},"end":{"line":941,"column":20}},"942":{"start":{"line":943,"column":0},"end":{"line":943,"column":67}},"944":{"start":{"line":945,"column":0},"end":{"line":945,"column":24}},"946":{"start":{"line":947,"column":0},"end":{"line":947,"column":68}},"947":{"start":{"line":948,"column":0},"end":{"line":948,"column":72}},"948":{"start":{"line":949,"column":0},"end":{"line":949,"column":47}},"949":{"start":{"line":950,"column":0},"end":{"line":950,"column":40}},"950":{"start":{"line":951,"column":0},"end":{"line":951,"column":10}},"951":{"start":{"line":952,"column":0},"end":{"line":952,"column":49}},"952":{"start":{"line":953,"column":0},"end":{"line":953,"column":38}},"953":{"start":{"line":954,"column":0},"end":{"line":954,"column":10}},"955":{"start":{"line":956,"column":0},"end":{"line":956,"column":35}},"956":{"start":{"line":957,"column":0},"end":{"line":957,"column":77}},"957":{"start":{"line":958,"column":0},"end":{"line":958,"column":48}},"958":{"start":{"line":959,"column":0},"end":{"line":959,"column":43}},"959":{"start":{"line":960,"column":0},"end":{"line":960,"column":39}},"960":{"start":{"line":961,"column":0},"end":{"line":961,"column":31}},"961":{"start":{"line":962,"column":0},"end":{"line":962,"column":59}},"962":{"start":{"line":963,"column":0},"end":{"line":963,"column":48}},"963":{"start":{"line":964,"column":0},"end":{"line":964,"column":43}},"964":{"start":{"line":965,"column":0},"end":{"line":965,"column":29}},"965":{"start":{"line":966,"column":0},"end":{"line":966,"column":57}},"966":{"start":{"line":967,"column":0},"end":{"line":967,"column":48}},"967":{"start":{"line":968,"column":0},"end":{"line":968,"column":39}},"968":{"start":{"line":969,"column":0},"end":{"line":969,"column":9}},"970":{"start":{"line":971,"column":0},"end":{"line":971,"column":41}},"971":{"start":{"line":972,"column":0},"end":{"line":972,"column":21}},"972":{"start":{"line":973,"column":0},"end":{"line":973,"column":48}},"973":{"start":{"line":974,"column":0},"end":{"line":974,"column":38}},"974":{"start":{"line":975,"column":0},"end":{"line":975,"column":37}},"975":{"start":{"line":976,"column":0},"end":{"line":976,"column":9}},"977":{"start":{"line":978,"column":0},"end":{"line":978,"column":75}},"978":{"start":{"line":979,"column":0},"end":{"line":979,"column":31}},"979":{"start":{"line":980,"column":0},"end":{"line":980,"column":31}},"980":{"start":{"line":981,"column":0},"end":{"line":981,"column":62}},"981":{"start":{"line":982,"column":0},"end":{"line":982,"column":42}},"982":{"start":{"line":983,"column":0},"end":{"line":983,"column":44}},"983":{"start":{"line":984,"column":0},"end":{"line":984,"column":32}},"984":{"start":{"line":985,"column":0},"end":{"line":985,"column":61}},"985":{"start":{"line":986,"column":0},"end":{"line":986,"column":18}},"986":{"start":{"line":987,"column":0},"end":{"line":987,"column":23}},"987":{"start":{"line":988,"column":0},"end":{"line":988,"column":34}},"988":{"start":{"line":989,"column":0},"end":{"line":989,"column":47}},"989":{"start":{"line":990,"column":0},"end":{"line":990,"column":11}},"991":{"start":{"line":992,"column":0},"end":{"line":992,"column":55}},"992":{"start":{"line":993,"column":0},"end":{"line":993,"column":79}},"993":{"start":{"line":994,"column":0},"end":{"line":994,"column":23}},"994":{"start":{"line":995,"column":0},"end":{"line":995,"column":13}},"995":{"start":{"line":996,"column":0},"end":{"line":996,"column":22}},"997":{"start":{"line":998,"column":0},"end":{"line":998,"column":16}},"998":{"start":{"line":999,"column":0},"end":{"line":999,"column":23}},"999":{"start":{"line":1000,"column":0},"end":{"line":1000,"column":17}},"1000":{"start":{"line":1001,"column":0},"end":{"line":1001,"column":37}},"1001":{"start":{"line":1002,"column":0},"end":{"line":1002,"column":44}},"1002":{"start":{"line":1003,"column":0},"end":{"line":1003,"column":41}},"1003":{"start":{"line":1004,"column":0},"end":{"line":1004,"column":12}},"1004":{"start":{"line":1005,"column":0},"end":{"line":1005,"column":10}},"1005":{"start":{"line":1006,"column":0},"end":{"line":1006,"column":7}},"1008":{"start":{"line":1009,"column":0},"end":{"line":1009,"column":35}},"1009":{"start":{"line":1010,"column":0},"end":{"line":1010,"column":47}},"1010":{"start":{"line":1011,"column":0},"end":{"line":1011,"column":49}},"1012":{"start":{"line":1013,"column":0},"end":{"line":1013,"column":19}},"1013":{"start":{"line":1014,"column":0},"end":{"line":1014,"column":42}},"1014":{"start":{"line":1015,"column":0},"end":{"line":1015,"column":36}},"1015":{"start":{"line":1016,"column":0},"end":{"line":1016,"column":35}},"1016":{"start":{"line":1017,"column":0},"end":{"line":1017,"column":7}},"1017":{"start":{"line":1018,"column":0},"end":{"line":1018,"column":22}},"1018":{"start":{"line":1019,"column":0},"end":{"line":1019,"column":51}},"1019":{"start":{"line":1020,"column":0},"end":{"line":1020,"column":46}},"1020":{"start":{"line":1021,"column":0},"end":{"line":1021,"column":41}},"1021":{"start":{"line":1022,"column":0},"end":{"line":1022,"column":7}},"1022":{"start":{"line":1023,"column":0},"end":{"line":1023,"column":20}},"1023":{"start":{"line":1024,"column":0},"end":{"line":1024,"column":49}},"1024":{"start":{"line":1025,"column":0},"end":{"line":1025,"column":46}},"1025":{"start":{"line":1026,"column":0},"end":{"line":1026,"column":37}},"1026":{"start":{"line":1027,"column":0},"end":{"line":1027,"column":7}},"1028":{"start":{"line":1029,"column":0},"end":{"line":1029,"column":71}},"1029":{"start":{"line":1030,"column":0},"end":{"line":1030,"column":29}},"1030":{"start":{"line":1031,"column":0},"end":{"line":1031,"column":21}},"1031":{"start":{"line":1032,"column":0},"end":{"line":1032,"column":45}},"1032":{"start":{"line":1033,"column":0},"end":{"line":1033,"column":26}},"1033":{"start":{"line":1034,"column":0},"end":{"line":1034,"column":13}},"1034":{"start":{"line":1035,"column":0},"end":{"line":1035,"column":54}},"1035":{"start":{"line":1036,"column":0},"end":{"line":1036,"column":47}},"1036":{"start":{"line":1037,"column":0},"end":{"line":1037,"column":53}},"1037":{"start":{"line":1038,"column":0},"end":{"line":1038,"column":22}},"1038":{"start":{"line":1039,"column":0},"end":{"line":1039,"column":48}},"1039":{"start":{"line":1040,"column":0},"end":{"line":1040,"column":13}},"1040":{"start":{"line":1041,"column":0},"end":{"line":1041,"column":16}},"1041":{"start":{"line":1042,"column":0},"end":{"line":1042,"column":9}},"1043":{"start":{"line":1044,"column":0},"end":{"line":1044,"column":52}},"1044":{"start":{"line":1045,"column":0},"end":{"line":1045,"column":76}},"1045":{"start":{"line":1046,"column":0},"end":{"line":1046,"column":21}},"1046":{"start":{"line":1047,"column":0},"end":{"line":1047,"column":11}},"1047":{"start":{"line":1048,"column":0},"end":{"line":1048,"column":20}},"1049":{"start":{"line":1050,"column":0},"end":{"line":1050,"column":14}},"1050":{"start":{"line":1051,"column":0},"end":{"line":1051,"column":21}},"1051":{"start":{"line":1052,"column":0},"end":{"line":1052,"column":15}},"1052":{"start":{"line":1053,"column":0},"end":{"line":1053,"column":34}},"1053":{"start":{"line":1054,"column":0},"end":{"line":1054,"column":41}},"1054":{"start":{"line":1055,"column":0},"end":{"line":1055,"column":39}},"1055":{"start":{"line":1056,"column":0},"end":{"line":1056,"column":10}},"1056":{"start":{"line":1057,"column":0},"end":{"line":1057,"column":8}},"1057":{"start":{"line":1058,"column":0},"end":{"line":1058,"column":26}},"1058":{"start":{"line":1059,"column":0},"end":{"line":1059,"column":61}},"1059":{"start":{"line":1060,"column":0},"end":{"line":1060,"column":14}},"1060":{"start":{"line":1061,"column":0},"end":{"line":1061,"column":22}},"1061":{"start":{"line":1062,"column":0},"end":{"line":1062,"column":61}},"1062":{"start":{"line":1063,"column":0},"end":{"line":1063,"column":8}},"1063":{"start":{"line":1064,"column":0},"end":{"line":1064,"column":5}},"1064":{"start":{"line":1065,"column":0},"end":{"line":1065,"column":3}},"1066":{"start":{"line":1067,"column":0},"end":{"line":1067,"column":31}},"1067":{"start":{"line":1068,"column":0},"end":{"line":1068,"column":27}},"1068":{"start":{"line":1069,"column":0},"end":{"line":1069,"column":20}},"1069":{"start":{"line":1070,"column":0},"end":{"line":1070,"column":29}},"1070":{"start":{"line":1071,"column":0},"end":{"line":1071,"column":61}},"1071":{"start":{"line":1072,"column":0},"end":{"line":1072,"column":40}},"1072":{"start":{"line":1073,"column":0},"end":{"line":1073,"column":64}},"1074":{"start":{"line":1075,"column":0},"end":{"line":1075,"column":17}},"1075":{"start":{"line":1076,"column":0},"end":{"line":1076,"column":45}},"1076":{"start":{"line":1077,"column":0},"end":{"line":1077,"column":54}},"1077":{"start":{"line":1078,"column":0},"end":{"line":1078,"column":7}},"1078":{"start":{"line":1079,"column":0},"end":{"line":1079,"column":47}},"1079":{"start":{"line":1080,"column":0},"end":{"line":1080,"column":38}},"1080":{"start":{"line":1081,"column":0},"end":{"line":1081,"column":7}},"1081":{"start":{"line":1082,"column":0},"end":{"line":1082,"column":44}},"1082":{"start":{"line":1083,"column":0},"end":{"line":1083,"column":78}},"1083":{"start":{"line":1084,"column":0},"end":{"line":1084,"column":7}},"1084":{"start":{"line":1085,"column":0},"end":{"line":1085,"column":18}},"1085":{"start":{"line":1086,"column":0},"end":{"line":1086,"column":5}},"1087":{"start":{"line":1088,"column":0},"end":{"line":1088,"column":41}},"1088":{"start":{"line":1089,"column":0},"end":{"line":1089,"column":60}},"1089":{"start":{"line":1090,"column":0},"end":{"line":1090,"column":5}},"1090":{"start":{"line":1091,"column":0},"end":{"line":1091,"column":45}},"1091":{"start":{"line":1092,"column":0},"end":{"line":1092,"column":36}},"1092":{"start":{"line":1093,"column":0},"end":{"line":1093,"column":5}},"1093":{"start":{"line":1094,"column":0},"end":{"line":1094,"column":42}},"1094":{"start":{"line":1095,"column":0},"end":{"line":1095,"column":68}},"1095":{"start":{"line":1096,"column":0},"end":{"line":1096,"column":5}},"1096":{"start":{"line":1097,"column":0},"end":{"line":1097,"column":16}},"1097":{"start":{"line":1098,"column":0},"end":{"line":1098,"column":3}},"1099":{"start":{"line":1100,"column":0},"end":{"line":1100,"column":64}},"1100":{"start":{"line":1101,"column":0},"end":{"line":1101,"column":48}},"1101":{"start":{"line":1102,"column":0},"end":{"line":1102,"column":71}},"1102":{"start":{"line":1103,"column":0},"end":{"line":1103,"column":5}},"1104":{"start":{"line":1105,"column":0},"end":{"line":1105,"column":41}},"1105":{"start":{"line":1106,"column":0},"end":{"line":1106,"column":44}},"1106":{"start":{"line":1107,"column":0},"end":{"line":1107,"column":5}},"1108":{"start":{"line":1109,"column":0},"end":{"line":1109,"column":59}},"1109":{"start":{"line":1110,"column":0},"end":{"line":1110,"column":58}},"1110":{"start":{"line":1111,"column":0},"end":{"line":1111,"column":45}},"1112":{"start":{"line":1113,"column":0},"end":{"line":1113,"column":29}},"1113":{"start":{"line":1114,"column":0},"end":{"line":1114,"column":42}},"1114":{"start":{"line":1115,"column":0},"end":{"line":1115,"column":44}},"1115":{"start":{"line":1116,"column":0},"end":{"line":1116,"column":5}},"1117":{"start":{"line":1118,"column":0},"end":{"line":1118,"column":52}},"1118":{"start":{"line":1119,"column":0},"end":{"line":1119,"column":37}},"1120":{"start":{"line":1121,"column":0},"end":{"line":1121,"column":8}},"1121":{"start":{"line":1122,"column":0},"end":{"line":1122,"column":41}},"1122":{"start":{"line":1123,"column":0},"end":{"line":1123,"column":57}},"1123":{"start":{"line":1124,"column":0},"end":{"line":1124,"column":8}},"1124":{"start":{"line":1125,"column":0},"end":{"line":1125,"column":72}},"1125":{"start":{"line":1126,"column":0},"end":{"line":1126,"column":20}},"1126":{"start":{"line":1127,"column":0},"end":{"line":1127,"column":58}},"1127":{"start":{"line":1128,"column":0},"end":{"line":1128,"column":119}},"1128":{"start":{"line":1129,"column":0},"end":{"line":1129,"column":46}},"1129":{"start":{"line":1130,"column":0},"end":{"line":1130,"column":7}},"1130":{"start":{"line":1131,"column":0},"end":{"line":1131,"column":35}},"1131":{"start":{"line":1132,"column":0},"end":{"line":1132,"column":23}},"1133":{"start":{"line":1134,"column":0},"end":{"line":1134,"column":40}},"1134":{"start":{"line":1135,"column":0},"end":{"line":1135,"column":42}},"1135":{"start":{"line":1136,"column":0},"end":{"line":1136,"column":3}},"1137":{"start":{"line":1138,"column":0},"end":{"line":1138,"column":73}},"1138":{"start":{"line":1139,"column":0},"end":{"line":1139,"column":66}},"1139":{"start":{"line":1140,"column":0},"end":{"line":1140,"column":53}},"1140":{"start":{"line":1141,"column":0},"end":{"line":1141,"column":18}},"1141":{"start":{"line":1142,"column":0},"end":{"line":1142,"column":7}},"1143":{"start":{"line":1144,"column":0},"end":{"line":1144,"column":28}},"1144":{"start":{"line":1145,"column":0},"end":{"line":1145,"column":3}},"1146":{"start":{"line":1147,"column":0},"end":{"line":1147,"column":30}},"1147":{"start":{"line":1148,"column":0},"end":{"line":1148,"column":23}},"1148":{"start":{"line":1149,"column":0},"end":{"line":1149,"column":37}},"1149":{"start":{"line":1150,"column":0},"end":{"line":1150,"column":34}},"1150":{"start":{"line":1151,"column":0},"end":{"line":1151,"column":50}},"1151":{"start":{"line":1152,"column":0},"end":{"line":1152,"column":30}},"1152":{"start":{"line":1153,"column":0},"end":{"line":1153,"column":5}},"1154":{"start":{"line":1155,"column":0},"end":{"line":1155,"column":9}},"1155":{"start":{"line":1156,"column":0},"end":{"line":1156,"column":73}},"1156":{"start":{"line":1157,"column":0},"end":{"line":1157,"column":61}},"1157":{"start":{"line":1158,"column":0},"end":{"line":1158,"column":54}},"1158":{"start":{"line":1159,"column":0},"end":{"line":1159,"column":9}},"1159":{"start":{"line":1160,"column":0},"end":{"line":1160,"column":21}},"1160":{"start":{"line":1161,"column":0},"end":{"line":1161,"column":24}},"1161":{"start":{"line":1162,"column":0},"end":{"line":1162,"column":75}},"1162":{"start":{"line":1163,"column":0},"end":{"line":1163,"column":14}},"1163":{"start":{"line":1164,"column":0},"end":{"line":1164,"column":8}},"1165":{"start":{"line":1166,"column":0},"end":{"line":1166,"column":30}},"1166":{"start":{"line":1167,"column":0},"end":{"line":1167,"column":5}},"1167":{"start":{"line":1168,"column":0},"end":{"line":1168,"column":3}},"1169":{"start":{"line":1170,"column":0},"end":{"line":1170,"column":38}},"1170":{"start":{"line":1171,"column":0},"end":{"line":1171,"column":23}},"1171":{"start":{"line":1172,"column":0},"end":{"line":1172,"column":37}},"1172":{"start":{"line":1173,"column":0},"end":{"line":1173,"column":42}},"1173":{"start":{"line":1174,"column":0},"end":{"line":1174,"column":58}},"1174":{"start":{"line":1175,"column":0},"end":{"line":1175,"column":29}},"1175":{"start":{"line":1176,"column":0},"end":{"line":1176,"column":5}},"1177":{"start":{"line":1178,"column":0},"end":{"line":1178,"column":9}},"1178":{"start":{"line":1179,"column":0},"end":{"line":1179,"column":80}},"1179":{"start":{"line":1180,"column":0},"end":{"line":1180,"column":9}},"1180":{"start":{"line":1181,"column":0},"end":{"line":1181,"column":71}},"1181":{"start":{"line":1182,"column":0},"end":{"line":1182,"column":56}},"1182":{"start":{"line":1183,"column":0},"end":{"line":1183,"column":10}},"1183":{"start":{"line":1184,"column":0},"end":{"line":1184,"column":8}},"1184":{"start":{"line":1185,"column":0},"end":{"line":1185,"column":21}},"1185":{"start":{"line":1186,"column":0},"end":{"line":1186,"column":24}},"1186":{"start":{"line":1187,"column":0},"end":{"line":1187,"column":72}},"1187":{"start":{"line":1188,"column":0},"end":{"line":1188,"column":14}},"1188":{"start":{"line":1189,"column":0},"end":{"line":1189,"column":8}},"1191":{"start":{"line":1192,"column":0},"end":{"line":1192,"column":29}},"1192":{"start":{"line":1193,"column":0},"end":{"line":1193,"column":5}},"1193":{"start":{"line":1194,"column":0},"end":{"line":1194,"column":3}},"1195":{"start":{"line":1196,"column":0},"end":{"line":1196,"column":29}},"1196":{"start":{"line":1197,"column":0},"end":{"line":1197,"column":29}},"1197":{"start":{"line":1198,"column":0},"end":{"line":1198,"column":31}},"1198":{"start":{"line":1199,"column":0},"end":{"line":1199,"column":36}},"1199":{"start":{"line":1200,"column":0},"end":{"line":1200,"column":54}},"1200":{"start":{"line":1201,"column":0},"end":{"line":1201,"column":14}},"1201":{"start":{"line":1202,"column":0},"end":{"line":1202,"column":25}},"1202":{"start":{"line":1203,"column":0},"end":{"line":1203,"column":28}},"1203":{"start":{"line":1204,"column":0},"end":{"line":1204,"column":23}},"1204":{"start":{"line":1205,"column":0},"end":{"line":1205,"column":10}},"1205":{"start":{"line":1206,"column":0},"end":{"line":1206,"column":8}},"1206":{"start":{"line":1207,"column":0},"end":{"line":1207,"column":5}},"1208":{"start":{"line":1209,"column":0},"end":{"line":1209,"column":9}},"1209":{"start":{"line":1210,"column":0},"end":{"line":1210,"column":48}},"1212":{"start":{"line":1213,"column":0},"end":{"line":1213,"column":20}},"1213":{"start":{"line":1214,"column":0},"end":{"line":1214,"column":60}},"1214":{"start":{"line":1215,"column":0},"end":{"line":1215,"column":44}},"1215":{"start":{"line":1216,"column":0},"end":{"line":1216,"column":22}},"1216":{"start":{"line":1217,"column":0},"end":{"line":1217,"column":19}},"1217":{"start":{"line":1218,"column":0},"end":{"line":1218,"column":78}},"1218":{"start":{"line":1219,"column":0},"end":{"line":1219,"column":19}},"1219":{"start":{"line":1220,"column":0},"end":{"line":1220,"column":78}},"1220":{"start":{"line":1221,"column":0},"end":{"line":1221,"column":23}},"1221":{"start":{"line":1222,"column":0},"end":{"line":1222,"column":50}},"1222":{"start":{"line":1223,"column":0},"end":{"line":1223,"column":34}},"1223":{"start":{"line":1224,"column":0},"end":{"line":1224,"column":22}},"1225":{"start":{"line":1226,"column":0},"end":{"line":1226,"column":75}},"1226":{"start":{"line":1227,"column":0},"end":{"line":1227,"column":65}},"1227":{"start":{"line":1228,"column":0},"end":{"line":1228,"column":18}},"1228":{"start":{"line":1229,"column":0},"end":{"line":1229,"column":43}},"1229":{"start":{"line":1230,"column":0},"end":{"line":1230,"column":31}},"1230":{"start":{"line":1231,"column":0},"end":{"line":1231,"column":36}},"1231":{"start":{"line":1232,"column":0},"end":{"line":1232,"column":49}},"1232":{"start":{"line":1233,"column":0},"end":{"line":1233,"column":38}},"1233":{"start":{"line":1234,"column":0},"end":{"line":1234,"column":38}},"1234":{"start":{"line":1235,"column":0},"end":{"line":1235,"column":58}},"1235":{"start":{"line":1236,"column":0},"end":{"line":1236,"column":10}},"1236":{"start":{"line":1237,"column":0},"end":{"line":1237,"column":9}},"1237":{"start":{"line":1238,"column":0},"end":{"line":1238,"column":21}},"1238":{"start":{"line":1239,"column":0},"end":{"line":1239,"column":68}},"1240":{"start":{"line":1241,"column":0},"end":{"line":1241,"column":14}},"1241":{"start":{"line":1242,"column":0},"end":{"line":1242,"column":25}},"1242":{"start":{"line":1243,"column":0},"end":{"line":1243,"column":28}},"1243":{"start":{"line":1244,"column":0},"end":{"line":1244,"column":23}},"1244":{"start":{"line":1245,"column":0},"end":{"line":1245,"column":10}},"1245":{"start":{"line":1246,"column":0},"end":{"line":1246,"column":8}},"1246":{"start":{"line":1247,"column":0},"end":{"line":1247,"column":5}},"1247":{"start":{"line":1248,"column":0},"end":{"line":1248,"column":3}},"1248":{"start":{"line":1249,"column":0},"end":{"line":1249,"column":1}}},"s":{"0":1,"50":1,"51":1,"52":18,"54":18,"55":18,"56":18,"57":18,"58":18,"59":18,"60":18,"61":18,"62":18,"64":18,"65":16,"66":16,"67":16,"68":16,"69":16,"70":16,"76":16,"77":16,"78":16,"79":16,"80":16,"81":15,"82":15,"83":15,"84":15,"85":1,"86":1,"87":1,"88":1,"89":1,"90":1,"91":1,"94":1,"95":1,"96":1,"97":1,"98":1,"99":1,"101":16,"102":0,"103":0,"104":0,"105":0,"106":0,"107":0,"109":16,"110":16,"111":16,"113":16,"114":16,"115":2,"116":2,"117":2,"118":2,"119":2,"120":2,"122":14,"123":14,"124":14,"125":16,"126":2,"127":2,"128":2,"129":2,"130":2,"131":2,"133":12,"134":16,"140":16,"141":10,"143":3,"144":0,"145":0,"146":0,"147":0,"148":0,"149":0,"150":3,"151":0,"152":0,"153":0,"154":0,"155":0,"156":0,"157":3,"158":1,"159":1,"160":1,"161":1,"162":1,"163":1,"165":10,"167":7,"168":1,"169":1,"170":1,"171":1,"172":1,"173":1,"174":6,"175":7,"176":2,"177":2,"178":7,"179":10,"181":8,"184":8,"185":8,"186":8,"187":8,"188":8,"189":8,"190":8,"191":8,"192":8,"193":8,"196":8,"197":8,"198":8,"199":8,"200":8,"202":16,"204":0,"205":0,"206":0,"207":0,"208":0,"209":0,"210":0,"211":0,"212":0,"213":0,"214":0,"215":0,"216":0,"217":0,"218":0,"219":0,"220":0,"221":0,"222":0,"223":0,"224":0,"225":0,"226":0,"227":0,"228":0,"229":0,"230":0,"231":0,"233":0,"234":0,"235":0,"236":0,"238":0,"239":0,"240":0,"241":0,"242":0,"243":0,"244":0,"245":0,"246":0,"247":0,"248":0,"249":0,"250":0,"251":0,"252":0,"253":0,"254":0,"256":0,"257":0,"258":0,"259":0,"260":0,"262":0,"263":0,"264":0,"265":0,"266":0,"267":0,"268":0,"269":0,"271":0,"272":0,"273":0,"274":0,"275":0,"276":0,"277":0,"278":0,"280":0,"281":0,"289":8,"290":8,"291":8,"292":8,"294":16,"295":0,"296":0,"297":0,"298":0,"299":0,"300":0,"301":0,"302":0,"303":0,"304":0,"305":0,"306":0,"307":0,"308":0,"309":0,"310":0,"311":0,"312":0,"313":0,"314":0,"315":0,"316":0,"317":0,"318":0,"319":0,"320":0,"321":0,"322":0,"323":0,"324":0,"326":0,"327":0,"328":0,"329":0,"330":0,"331":0,"332":0,"333":0,"334":0,"335":0,"336":0,"337":0,"338":0,"339":0,"340":0,"341":0,"342":0,"343":0,"344":0,"345":0,"346":0,"347":0,"348":0,"349":0,"350":0,"351":0,"352":0,"353":0,"355":0,"356":0,"357":0,"358":0,"360":0,"361":0,"362":0,"363":0,"364":0,"365":0,"366":0,"367":0,"368":0,"369":0,"370":0,"371":0,"372":0,"373":0,"374":0,"375":0,"376":0,"378":0,"379":0,"380":0,"381":0,"382":0,"383":0,"384":0,"386":0,"387":0,"388":0,"389":0,"390":0,"391":0,"392":0,"393":0,"395":0,"396":0,"397":0,"398":0,"399":0,"400":0,"401":0,"402":0,"404":0,"405":0,"407":8,"408":8,"409":8,"410":8,"411":8,"413":8,"414":8,"415":16,"416":8,"417":8,"418":8,"419":0,"421":16,"422":16,"423":16,"424":16,"425":16,"426":16,"430":16,"431":16,"432":0,"434":16,"435":16,"437":16,"438":16,"439":16,"440":16,"441":16,"442":16,"444":8,"445":16,"447":16,"448":16,"449":16,"450":16,"451":16,"452":16,"453":16,"454":16,"455":16,"456":16,"457":16,"458":16,"459":0,"460":8,"461":16,"462":16,"463":0,"464":0,"465":0,"466":0,"467":0,"468":0,"469":8,"470":16,"471":16,"472":16,"473":16,"474":16,"475":16,"476":16,"477":16,"478":16,"479":16,"481":16,"482":16,"483":16,"484":16,"486":16,"487":0,"488":0,"489":0,"490":0,"491":0,"492":0,"493":0,"494":0,"495":0,"496":0,"497":0,"498":0,"499":0,"501":7,"502":7,"503":7,"504":7,"505":7,"506":7,"507":7,"508":7,"509":7,"510":7,"511":7,"512":7,"514":7,"515":7,"516":7,"517":7,"518":7,"520":7,"521":3,"522":3,"523":3,"524":3,"525":3,"526":0,"527":3,"528":3,"529":0,"530":3,"531":4,"532":4,"533":4,"534":4,"535":4,"536":4,"537":4,"538":4,"540":16,"541":16,"542":16,"543":16,"544":16,"545":16,"546":16,"547":16,"549":16,"550":16,"551":1,"552":1,"553":1,"554":1,"555":1,"556":1,"557":1,"558":16,"560":18,"566":0,"567":0,"568":0,"569":0,"570":0,"571":0,"572":0,"573":0,"574":0,"576":0,"577":0,"578":0,"580":0,"581":0,"582":0,"584":0,"585":0,"586":0,"587":0,"588":0,"589":0,"591":0,"592":0,"593":0,"594":0,"595":0,"597":0,"598":0,"599":0,"600":0,"601":0,"603":0,"604":0,"605":0,"607":0,"608":0,"609":0,"610":0,"611":0,"612":0,"613":0,"614":0,"615":0,"616":0,"617":0,"618":0,"619":0,"620":0,"622":0,"623":0,"624":0,"625":0,"626":0,
[...]
:"branch","line":526,"loc":{"start":{"line":526,"column":72},"end":{"line":527,"column":49}},"locations":[{"start":{"line":526,"column":72},"end":{"line":527,"column":49}}]},"62":{"type":"branch","line":529,"loc":{"start":{"line":529,"column":52},"end":{"line":530,"column":22}},"locations":[{"start":{"line":529,"column":52},"end":{"line":530,"column":22}}]},"63":{"type":"branch","line":531,"loc":{"start":{"line":531,"column":10},"end":{"line":539,"column":12}},"locations":[{"start":{"line":531,"column":10},"end":{"line":539,"column":12}}]},"64":{"type":"branch","line":534,"loc":{"start":{"line":534,"column":21},"end":{"line":534,"column":53}},"locations":[{"start":{"line":534,"column":21},"end":{"line":534,"column":53}}]},"65":{"type":"branch","line":534,"loc":{"start":{"line":534,"column":30},"end":{"line":534,"column":69}},"locations":[{"start":{"line":534,"column":30},"end":{"line":534,"column":69}}]},"66":{"type":"branch","line":537,"loc":{"start":{"line":537,"column":23},"end":{"line":537,"column":61}},"locations":[{"start":{"line":537,"column":23},"end":{"line":537,"column":61}}]},"67":{"type":"branch","line":537,"loc":{"start":{"line":537,"column":32},"end":{"line":537,"column":83}},"locations":[{"start":{"line":537,"column":32},"end":{"line":537,"column":83}}]},"68":{"type":"branch","line":551,"loc":{"start":{"line":551,"column":4},"end":{"line":558,"column":5}},"locations":[{"start":{"line":551,"column":4},"end":{"line":558,"column":5}}]},"69":{"type":"branch","line":555,"loc":{"start":{"line":555,"column":17},"end":{"line":555,"column":49}},"locations":[{"start":{"line":555,"column":17},"end":{"line":555,"column":49}}]},"70":{"type":"branch","line":556,"loc":{"start":{"line":556,"column":21},"end":{"line":556,"column":56}},"locations":[{"start":{"line":556,"column":21},"end":{"line":556,"column":56}}]},"71":{"type":"branch","line":86,"loc":{"start":{"line":86,"column":13},"end":{"line":100,"column":15}},"locations":[{"start":{"line":86,"column":13},"end":{"line":100,"column":15}}]},"72":{"type":"branch","line":111,"loc":{"start":{"line":111,"column":40},"end":{"line":111,"column":72}},"locations":[{"start":{"line":111,"column":40},"end":{"line":111,"column":72}}]},"73":{"type":"branch","line":124,"loc":{"start":{"line":124,"column":8},"end":{"line":124,"column":46}},"locations":[{"start":{"line":124,"column":8},"end":{"line":124,"column":46}}]},"74":{"type":"branch","line":418,"loc":{"start":{"line":418,"column":12},"end":{"line":418,"column":69}},"locations":[{"start":{"line":418,"column":12},"end":{"line":418,"column":69}}]},"75":{"type":"branch","line":801,"loc":{"start":{"line":801,"column":10},"end":{"line":858,"column":3}},"locations":[{"start":{"line":801,"column":10},"end":{"line":858,"column":3}}]},"76":{"type":"branch","line":806,"loc":{"start":{"line":806,"column":9},"end":{"line":806,"column":31}},"locations":[{"start":{"line":806,"column":9},"end":{"line":806,"column":31}}]},"77":{"type":"branch","line":808,"loc":{"start":{"line":808,"column":4},"end":{"line":857,"column":79}},"locations":[{"start":{"line":808,"column":4},"end":{"line":857,"column":79}}]},"78":{"type":"branch","line":860,"loc":{"start":{"line":860,"column":2},"end":{"line":916,"column":3}},"locations":[{"start":{"line":860,"column":2},"end":{"line":916,"column":3}}]},"79":{"type":"branch","line":868,"loc":{"start":{"line":868,"column":53},"end":{"line":871,"column":14}},"locations":[{"start":{"line":868,"column":53},"end":{"line":871,"column":14}}]},"80":{"type":"branch","line":871,"loc":{"start":{"line":871,"column":8},"end":{"line":874,"column":21}},"locations":[{"start":{"line":871,"column":8},"end":{"line":874,"column":21}}]},"81":{"type":"branch","line":889,"loc":{"start":{"line":889,"column":30},"end":{"line":890,"column":53}},"locations":[{"start":{"line":889,"column":30},"end":{"line":890,"column":53}}]},"82":{"type":"branch","line":890,"loc":{"start":{"line":890,"column":52},"end":{"line":891,"column":14}},"locations":[{"start":{"line":890,"column":52},"end":{"line":891,"column":14}}]},"83":{"type":"branch","line":892,"loc":{"start":{"line":892,"column":20},"end":{"line":892,"column":50}},"locations":[{"start":{"line":892,"column":20},"end":{"line":892,"column":50}}]},"84":{"type":"branch","line":892,"loc":{"start":{"line":892,"column":46},"end":{"line":892,"column":54}},"locations":[{"start":{"line":892,"column":46},"end":{"line":892,"column":54}}]},"85":{"type":"branch","line":893,"loc":{"start":{"line":893,"column":24},"end":{"line":893,"column":62}},"locations":[{"start":{"line":893,"column":24},"end":{"line":893,"column":62}}]},"86":{"type":"branch","line":893,"loc":{"start":{"line":893,"column":58},"end":{"line":893,"column":66}},"locations":[{"start":{"line":893,"column":58},"end":{"line":893,"column":66}}]},"87":{"type":"branch","line":894,"loc":{"start":{"line":894,"column":23},"end":{"line":894,"column":59}},"locations":[{"start":{"line":894,"column":23},"end":{"line":894,"column":59}}]},"88":{"type":"branch","line":894,"loc":{"start":{"line":894,"column":55},"end":{"line":894,"column":63}},"locations":[{"start":{"line":894,"column":55},"end":{"line":894,"column":63}}]},"89":{"type":"branch","line":895,"loc":{"start":{"line":895,"column":19},"end":{"line":895,"column":47}},"locations":[{"start":{"line":895,"column":19},"end":{"line":895,"column":47}}]},"90":{"type":"branch","line":895,"loc":{"start":{"line":895,"column":43},"end":{"line":895,"column":51}},"locations":[{"start":{"line":895,"column":43},"end":{"line":895,"column":51}}]},"91":{"type":"branch","line":896,"loc":{"start":{"line":896,"column":19},"end":{"line":896,"column":47}},"locations":[{"start":{"line":896,"column":19},"end":{"line":896,"column":47}}]},"92":{"type":"branch","line":896,"loc":{"start":{"line":896,"column":43},"end":{"line":896,"column":51}},"locations":[{"start":{"line":896,"column":43},"end":{"line":896,"column":51}}]},"93":{"type":"branch","line":897,"loc":{"start":{"line":897,"column":34},"end":{"line":898,"column":58}},"locations":[{"start":{"line":897,"column":34},"end":{"line":898,"column":58}}]},"94":{"type":"branch","line":898,"loc":{"start":{"line":898,"column":57},"end":{"line":899,"column":14}},"locations":[{"start":{"line":898,"column":57},"end":{"line":899,"column":14}}]},"95":{"type":"branch","line":901,"loc":{"start":{"line":901,"column":10},"end":{"line":901,"column":53}},"locations":[{"start":{"line":901,"column":10},"end":{"line":901,"column":53}}]},"96":{"type":"branch","line":901,"loc":{"start":{"line":901,"column":49},"end":{"line":901,"column":57}},"locations":[{"start":{"line":901,"column":49},"end":{"line":901,"column":57}}]},"97":{"type":"branch","line":904,"loc":{"start":{"line":904,"column":15},"end":{"line":905,"column":53}},"locations":[{"start":{"line":904,"column":15},"end":{"line":905,"column":53}}]},"98":{"type":"branch","line":905,"loc":{"start":{"line":905,"column":52},"end":{"line":906,"column":14}},"locations":[{"start":{"line":905,"column":52},"end":{"line":906,"column":14}}]},"99":{"type":"branch","line":907,"loc":{"start":{"line":907,"column":15},"end":{"line":908,"column":53}},"locations":[{"start":{"line":907,"column":15},"end":{"line":908,"column":53}}]},"100":{"type":"branch","line":908,"loc":{"start":{"line":908,"column":52},"end":{"line":909,"column":14}},"locations":[{"start":{"line":908,"column":52},"end":{"line":909,"column":14}}]},"101":{"type":"branch","line":915,"loc":{"start":{"line":915,"column":5},"end":{"line":915,"column":7}},"locations":[{"start":{"line":915,"column":5},"end":{"line":915,"column":7}}]},"102":{"type":"branch","line":1067,"loc":{"start":{"line":1067,"column":2},"end":{"line":1098,"column":3}},"locations":[{"start":{"line":1067,"column":2},"end":{"line":1098,"column":3}}]},"103":{"type":"branch","line":1073,"loc":{"start":{"line":1073,"column":20},"end":{"line":1073,"column":50}},"locations":[{"start":{"line":1073,"column":20},"end":{"line":1073,"column":50}}]},"104":{"type":"branch","line":1075,"loc":{"start":{"line":1075,"column":16},"end":{"line":1086,"column":5}},"locations":[{"start":{"line":1075,"column":16},"end":{"line":1086,"column":5}}]},"105":{"type":"branch","line":1088,"loc":{"start":{"line":1088,"column":40},"end":{"line":1090,"column":5}},"locations":[{"start":{"line":1088,"column":40},"end":{"line":1090,"column":5}}]},"106":{"type":"branch","line":1090,"loc":{"start":{"line":1090,"column":4},"end":{"line":1091,"column":44}},"locations":[{"start":{"line":1090,"column":4},"end":{"line":1091,"column":44}}]},"107":{"type":"branch","line":1091,"loc":{"start":{"line":1091,"column":44},"end":{"line":1093,"column":5}},"locations":[{"start":{"line":1091,"column":44},"end":{"line":1093,"column":5}}]},"108":{"type":"branch","line":1093,"loc":{"start":{"line":1093,"column":4},"end":{"line":1094,"column":41}},"locations":[{"start":{"line":1093,"column":4},"end":{"line":1094,"column":41}}]},"109":{"type":"branch","line":1094,"loc":{"start":{"line":1094,"column":41},"end":{"line":1096,"column":5}},"locations":[{"start":{"line":1094,"column":41},"end":{"line":1096,"column":5}}]},"110":{"type":"branch","line":1096,"loc":{"start":{"line":1096,"column":4},"end":{"line":1097,"column":16}},"locations":[{"start":{"line":1096,"column":4},"end":{"line":1097,"column":16}}]},"111":{"type":"branch","line":1100,"loc":{"start":{"line":1100,"column":2},"end":{"line":1136,"column":3}},"locations":[{"start":{"line":1100,"column":2},"end":{"line":1136,"column":3}}]},"112":{"type":"branch","line":1101,"loc":{"start":{"line":1101,"column":47},"end":{"line":1103,"column":5}},"locations":[{"start":{"line":1101,"column":47},"end":{"line":1103,"column":5}}]},"113":{"type":"branch","line":1105,"loc":{"start":{"line":1105,"column":40},"end":{"line":1107,"column":5}},"locations":[{"start":{"line":1105,"column":40},"end":{"line":1107,"column":5}}]},"114":{"type":"branch","line":1113,"loc":{"start":{"line":1113,"column":9},"end":{"line":1113,"column":28}},"locations":[{"start":{"line":1113,"column":9},"end":{"line":1113,"column":28}}]},"115":{"type":"branch","line":1116,"loc":{"start":{"line":1116,"column":4},"end":{"line":1135,"column":42}},"locations":[{"start":{"line":1116,"column":4},"end":{"line":1135,"column":42}}]},"116":{"type":"branch","line":1138,"loc":{"start":{"line":1138,"column":2},"end":{"line":1145,"column":3}},"locations":[{"start":{"line":1138,"column":2},"end":{"line":1145,"column":3}}]},"117":{"type":"branch","line":1144,"loc":{"start":{"line":1144,"column":11},"end":{"line":1144,"column":28}},"locations":[{"start":{"line":1144,"column":11},"end":{"line":1144,"column":28}}]},"118":{"type":"branch","line":1147,"loc":{"start":{"line":1147,"column":2},"end":{"line":1168,"column":3}},"locations":[{"start":{"line":1147,"column":2},"end":{"line":1168,"column":3}}]},"119":{"type":"branch","line":1153,"loc":{"start":{"line":1153,"column":4},"end":{"line":1167,"column":5}},"locations":[{"start":{"line":1153,"column":4},"end":{"line":1167,"column":5}}]},"120":{"type":"branch","line":1170,"loc":{"start":{"line":1170,"column":2},"end":{"line":1194,"column":3}},"locations":[{"start":{"line":1170,"column":2},"end":{"line":1194,"column":3}}]},"121":{"type":"branch","line":1176,"loc":{"start":{"line":1176,"column":4},"end":{"line":1193,"column":5}},"locations":[{"start":{"line":1176,"column":4},"end":{"line":1193,"column":5}}]},"122":{"type":"branch","line":1196,"loc":{"start":{"line":1196,"column":2},"end":{"line":1248,"column":3}},"locations":[{"start":{"line":1196,"column":2},"end":{"line":1248,"column":3}}]},"123":{"type":"branch","line":1200,"loc":{"start":{"line":1200,"column":53},"end":{"line":1207,"column":5}},"locations":[{"start":{"line":1200,"column":53},"end":{"line":1207,"column":5}}]},"124":{"type":"branch","line":1207,"loc":{"start":{"line":1207,"column":4},"end":{"line":1210,"column":45}},"locations":[{"start":{"line":1207,"column":4},"end":{"line":1210,"column":45}}]},"125":{"type":"branch","line":1210,"loc":{"start":{"line":1210,"column":34},"end":{"line":1210,"column":48}},"locations":[{"start":{"line":1210,"column":34},"end":{"line":1210,"column":48}}]},"126":{"type":"branch","line":1214,"loc":{"start":{"line":1214,"column":52},"end":{"line":1215,"column":44}},"locations":[{"start":{"line":1214,"column":52},"end":{"line":1215,"column":44}}]},"127":{"type":"branch","line":1215,"loc":{"start":{"line":1215,"column":24},"end":{"line":1216,"column":22}},"locations":[{"start":{"line":1215,"column":24},"end":{"line":1216,"column":22}}]},"128":{"type":"branch","line":1218,"loc":{"start":{"line":1218,"column":37},"end":{"line":1218,"column":68}},"locations":[{"start":{"line":1218,"column":37},"end":{"line":1218,"column":68}}]},"129":{"type":"branch","line":1218,"loc":{"start":{"line":1218,"column":60},"end":{"line":1218,"column":78}},"locations":[{"start":{"line":1218,"column":60},"end":{"line":1218,"column":78}}]},"130":{"type":"branch","line":1220,"loc":{"start":{"line":1220,"column":37},"end":{"line":1220,"column":68}},"locations":[{"start":{"line":1220,"column":37},"end":{"line":1220,"column":68}}]},"131":{"type":"branch","line":1220,"loc":{"start":{"line":1220,"column":60},"end":{"line":1220,"column":78}},"locations":[{"start":{"line":1220,"column":60},"end":{"line":1220,"column":78}}]},"132":{"type":"branch","line":1222,"loc":{"start":{"line":1222,"column":42},"end":{"line":1223,"column":34}},"locations":[{"start":{"line":1222,"column":42},"end":{"line":1223,"column":34}}]},"133":{"type":"branch","line":1223,"loc":{"start":{"line":1223,"column":24},"end":{"line":1224,"column":22}},"locations":[{"start":{"line":1223,"column":24},"end":{"line":1224,"column":22}}]},"134":{"type":"branch","line":1232,"loc":{"start":{"line":1232,"column":14},"end":{"line":1232,"column":45}},"locations":[{"start":{"line":1232,"column":14},"end":{"line":1232,"column":45}}]},"135":{"type":"branch","line":1232,"loc":{"start":{"line":1232,"column":41},"end":{"line":1232,"column":49}},"locations":[{"start":{"line":1232,"column":41},"end":{"line":1232,"column":49}}]},"136":{"type":"branch","line":1233,"loc":{"start":{"line":1233,"column":14},"end":{"line":1233,"column":34}},"locations":[{"start":{"line":1233,"column":14},"end":{"line":1233,"column":34}}]},"137":{"type":"branch","line":1233,"loc":{"start":{"line":1233,"column":30},"end":{"line":1233,"column":38}},"locations":[{"start":{"line":1233,"column":30},"end":{"line":1233,"column":38}}]},"138":{"type":"branch","line":1234,"loc":{"start":{"line":1234,"column":14},"end":{"line":1234,"column":34}},"locations":[{"start":{"line":1234,"column":14},"end":{"line":1234,"column":34}}]},"139":{"type":"branch","line":1234,"loc":{"start":{"line":1234,"column":30},"end":{"line":1234,"column":38}},"locations":[{"start":{"line":1234,"column":30},"end":{"line":1234,"column":38}}]},"140":{"type":"branch","line":1235,"loc":{"start":{"line":1235,"column":14},"end":{"line":1235,"column":54}},"locations":[{"start":{"line":1235,"column":14},"end":{"line":1235,"column":54}}]},"141":{"type":"branch","line":1235,"loc":{"start":{"line":1235,"column":50},"end":{"line":1235,"column":58}},"locations":[{"start":{"line":1235,"column":50},"end":{"line":1235,"column":58}}]},"142":{"type":"branch","line":1238,"loc":{"start":{"line":1238,"column":4},"end":{"line":1247,"column":5}},"locations":[{"start":{"line":1238,"column":4},"end":{"line":1247,"column":5}}]}},"b":{"0":[18],"1":[18],"2":[16],"3":[15],"4":[15],"5":[15],"6":[15],"7":[1],"8":[0],"9":[2],"10":[0],"11":[14],"12":[2],"13":[1],"14":[1],"15":[12],"16":[0],"17":[10],"18":[3],"19":[0],"20":[0],"21":[1],"22":[7],"23":[1],"24":[6],"25":[2],"26":[8],"27":[0],"28":[8],"29":[0],"30":[8],"31":[8],"32":[0],"33":[2],"34":[6],"35":[7],"36":[0],"37":[6],"38":[5],"39":[2],"40":[8],"41":[1],"42":[8],"43":[0],"44":[0],"45":[8],"46":[3],"47":[5],"48":[0],"49":[8],"50":[0],"51":[8],"52":[0],"53":[8],"54":[0],"55":[8],"56":[7],"57":[0],"58":[7],"59":[3],"60":[0],"61":[0],"62":[0],"63":[4],"64":[2],"65":[2],"66":[2],"67":[2],"68":[1],"69":[0],"70":[0],"71":[1],"72":[12],"73":[14],"74":[2],"75":[8],"76":[0],"77":[0],"78":[7],"79":[0],"80":[0],"81":[0],"82":[0],"83":[0],"84":[0],"85":[0],"86":[0],"87":[0],"88":[0],"89":[0],"90":[0],"91":[0],"92":[0],"93":[0],"94":[0],"95":[0],"96":[0],"97":[0],"98":[0],"99":[0],"100":[0],"101":[0],"102":[6],"103":[0],"104":[0],"105":[1],"106":[5],"107":[1],"108":[4],"109":[0],"110":[4],"111":[6],"112":[0],"113":[0],"114":[0],"115":[0],"116":[16],"117":[2],"118":[8],"119":[0],"120":[8],"121":[0],"122":[8],"123":[6],"124":[2],"125":[0],"126":[0],"127":[2],"128":[0],"129":[2],"130":[2],"131":[0],"132":[0],"133":[2],"134":[0],"135":[2],"136":[0],"137":[2],"138":[2],"139":[0],"140":[0],"141":[2],"142":[0]},"fnMap":{"0":{"name":"<instance_members_initializer>","decl":{"start":{"line":52,"column":26},"end":{"line":1249,"column":1}},"loc":{"start":{"line":52,"column":26},"end":{"line":1249,"column":1}},"line":52},"1":{"name":"LeadsService","decl":{"start":{"line":55,"column":2},"end":{"line":63,"column":6}},"loc":{"start":{"line":55,"column":2},"end":{"line":63,"column":6}},"line":55},"2":{"name":"createLead","decl":{"start":{"line":65,"column":2},"end":{"line":559,"column":3}},"loc":{"start":{"line":65,"column":2},"end":{"line":559,"column":3}},"line":65},"3":{"name":"listLeads","decl":{"start":{"line":561,"column":2},"end":{"line":642,"column":3}},"loc":{"start":{"line":561,"column":2},"end":{"line":642,"column":3}},"line":561},"4":{"name":"getLead","decl":{"start":{"line":644,"column":2},"end":{"line":660,"column":3}},"loc":{"start":{"line":644,"column":2},"end":{"line":660,"column":3}},"line":644},"5":{"name":"updateLead","decl":{"start":{"line":662,"column":2},"end":{"line":739,"column":3}},"loc":{"start":{"line":662,"column":2},"end":{"line":739,"column":3}},"line":662},"6":{"name":"deleteLead","decl":{"start":{"line":741,"column":2},"end":{"line":790,"column":3}},"loc":{"start":{"line":741,"column":2},"end":{"line":790,"column":3}},"line":741},"7":{"name":"applyValueMappings","decl":{"start":{"line":801,"column":10},"end":{"line":858,"column":3}},"loc":{"start":{"line":801,"column":10},"end":{"line":858,"column":3}},"line":801},"8":{"name":"writeIntakeLog","decl":{"start":{"line":860,"column":2},"end":{"line":916,"column":3}},"loc":{"start":{"line":860,"column":2},"end":{"line":916,"column":3}},"line":860},"9":{"name":"s","decl":{"start":{"line":876,"column":14},"end":{"line":879,"column":20}},"loc":{"start":{"line":876,"column":14},"end":{"line":879,"column":20}},"line":876},"10":{"name":"listIntakeLogs","decl":{"start":{"line":918,"column":2},"end":{"line":1065,"column":3}},"loc":{"start":{"line":918,"column":2},"end":{"line":1065,"column":3}},"line":918},"11":{"name":"validateStatus","decl":{"start":{"line":1067,"column":2},"end":{"line":1098,"column":3}},"loc":{"start":{"line":1067,"column":2},"end":{"line":1098,"column":3}},"line":1067},"12":{"name":"resolveExternalLeadsBaseUrl","decl":{"start":{"line":1100,"column":2},"end":{"line":1136,"column":3}},"loc":{"start":{"line":1100,"column":2},"end":{"line":1136,"column":3}},"line":1100},"13":{"name":"getCampaign","decl":{"start":{"line":1138,"column":2},"end":{"line":1145,"column":3}},"loc":{"start":{"line":1138,"column":2},"end":{"line":1145,"column":3}},"line":1138},"14":{"name":"runLogicRules","decl":{"start":{"line":1147,"column":2},"end":{"line":1168,"column":3}},"loc":{"start":{"line":1147,"column":2},"end":{"line":1168,"column":3}},"line":1147},"15":{"name":"runCriteriaValidation","decl":{"start":{"line":1170,"column":2},"end":{"line":1194,"column":3}},"loc":{"start":{"line":1170,"column":2},"end":{"line":1194,"column":3}},"line":1170},"16":{"name":"runQaPlugins","decl":{"start":{"line":1196,"column":2},"end":{"line":1248,"column":3}},"loc":{"start":{"line":1196,"column":2},"end":{"line":1248,"column":3}},"line":1196}},"f":{"0":18,"1":18,"2":16,"3":0,"4":0,"5":0,"6":0,"7":8,"8":7,"9":0,"10":0,"11":6,"12":6,"13":16,"14":8,"15":8,"16":8}}
}
