{"/home/evelasco/smash_orbit/lms/LMS-BE/handlers/qa/modules/duplicate-check/constants/duplicate-check.constants.ts": {"path":"/home/evelasco/smash_orbit/lms/LMS-BE/handlers/qa/modules/duplicate-check/constants/duplicate-check.constants.ts","all":false,"statementMap":{"0":{"start":{"line":1,"column":0},"end":{"line":1,"column":39}},"2":{"start":{"line":3,"column":0},"end":{"line":3,"column":13}},"3":{"start":{"line":4,"column":0},"end":{"line":4,"column":38}},"4":{"start":{"line":5,"column":0},"end":{"line":5,"column":43}},"6":{"start":{"line":7,"column":0},"end":{"line":7,"column":17}},"7":{"start":{"line":8,"column":0},"end":{"line":8,"column":63}},"9":{"start":{"line":10,"column":0},"end":{"line":10,"column":33}},"10":{"start":{"line":11,"column":0},"end":{"line":11,"column":62}},"11":{"start":{"line":12,"column":0},"end":{"line":12,"column":5}},"12":{"start":{"line":13,"column":0},"end":{"line":13,"column":3}},"13":{"start":{"line":14,"column":0},"end":{"line":14,"column":1}}},"s":{"0":1,"2":1,"3":1,"4":0,"6":0,"7":0,"9":0,"10":0,"11":0,"12":0,"13":0},"branchMap":{"0":{"type":"branch","line":4,"loc":{"start":{"line":4,"column":37},"end":{"line":14,"column":1}},"locations":[{"start":{"line":4,"column":37},"end":{"line":14,"column":1}}]}},"b":{"0":[0]},"fnMap":{"0":{"name":"<instance_members_initializer>","decl":{"start":{"line":4,"column":37},"end":{"line":14,"column":1}},"loc":{"start":{"line":4,"column":37},"end":{"line":14,"column":1}},"line":4}},"f":{"0":0}}
,"/home/evelasco/smash_orbit/lms/LMS-BE/handlers/qa/modules/duplicate-check/modules/duplicate-check.module.ts": {"path":"/home/evelasco/smash_orbit/lms/LMS-BE/handlers/qa/modules/duplicate-check/modules/duplicate-check.module.ts","all":false,"statementMap":{"0":{"start":{"line":1,"column":0},"end":{"line":1,"column":26}},"7":{"start":{"line":8,"column":0},"end":{"line":8,"column":34}},"9":{"start":{"line":10,"column":0},"end":{"line":10,"column":9}},"10":{"start":{"line":11,"column":0},"end":{"line":11,"column":37}},"11":{"start":{"line":12,"column":0},"end":{"line":12,"column":19}},"12":{"start":{"line":13,"column":0},"end":{"line":13,"column":22}},"13":{"start":{"line":14,"column":0},"end":{"line":14,"column":71}},"14":{"start":{"line":15,"column":0},"end":{"line":15,"column":9}},"15":{"start":{"line":16,"column":0},"end":{"line":16,"column":59}},"16":{"start":{"line":17,"column":0},"end":{"line":17,"column":30}},"17":{"start":{"line":18,"column":0},"end":{"line":18,"column":22}},"18":{"start":{"line":19,"column":0},"end":{"line":19,"column":9}},"19":{"start":{"line":20,"column":0},"end":{"line":20,"column":55}},"20":{"start":{"line":21,"column":0},"end":{"line":21,"column":29}}},"s":{"0":1,"7":1,"9":1,"10":1,"11":1,"12":1,"13":1,"14":1,"15":1,"16":1,"17":1,"18":1,"19":1,"20":1},"branchMap":{},"b":{},"fnMap":{},"f":{}}
,"/home/evelasco/smash_orbit/lms/LMS-BE/handlers/qa/modules/duplicate-check/services/duplicate-check.service.ts": {"path":"/home/evelasco/smash_orbit/lms/LMS-BE/handlers/qa/modules/duplicate-check/services/duplicate-check.service.ts","all":false,"statementMap":{"0":{"start":{"line":1,"column":0},"end":{"line":1,"column":47}},"11":{"start":{"line":12,"column":0},"end":{"line":12,"column":44}},"12":{"start":{"line":13,"column":0},"end":{"line":13,"column":44}},"14":{"start":{"line":15,"column":0},"end":{"line":15,"column":13}},"15":{"start":{"line":16,"column":0},"end":{"line":16,"column":36}},"16":{"start":{"line":17,"column":0},"end":{"line":17,"column":14}},"17":{"start":{"line":18,"column":0},"end":{"line":18,"column":72}},"18":{"start":{"line":19,"column":0},"end":{"line":19,"column":54}},"19":{"start":{"line":20,"column":0},"end":{"line":20,"column":38}},"20":{"start":{"line":21,"column":0},"end":{"line":21,"column":56}},"21":{"start":{"line":22,"column":0},"end":{"line":22,"column":6}},"23":{"start":{"line":24,"column":0},"end":{"line":24,"column":16}},"24":{"start":{"line":25,"column":0},"end":{"line":25,"column":31}},"25":{"start":{"line":26,"column":0},"end":{"line":26,"column":53}},"26":{"start":{"line":27,"column":0},"end":{"line":27,"column":9}},"27":{"start":{"line":28,"column":0},"end":{"line":28,"column":34}},"28":{"start":{"line":29,"column":0},"end":{"line":29,"column":16}},"29":{"start":{"line":30,"column":0},"end":{"line":30,"column":40}},"30":{"start":{"line":31,"column":0},"end":{"line":31,"column":28}},"31":{"start":{"line":32,"column":0},"end":{"line":32,"column":30}},"32":{"start":{"line":33,"column":0},"end":{"line":33,"column":64}},"33":{"start":{"line":34,"column":0},"end":{"line":34,"column":10}},"34":{"start":{"line":35,"column":0},"end":{"line":35,"column":8}},"36":{"start":{"line":37,"column":0},"end":{"line":37,"column":34}},"37":{"start":{"line":38,"column":0},"end":{"line":38,"column":62}},"38":{"start":{"line":39,"column":0},"end":{"line":39,"column":7}},"40":{"start":{"line":41,"column":0},"end":{"line":41,"column":50}},"41":{"start":{"line":42,"column":0},"end":{"line":42,"column":48}},"42":{"start":{"line":43,"column":0},"end":{"line":43,"column":33}},"43":{"start":{"line":44,"column":0},"end":{"line":44,"column":16}},"44":{"start":{"line":45,"column":0},"end":{"line":45,"column":61}},"45":{"start":{"line":46,"column":0},"end":{"line":46,"column":11}},"46":{"start":{"line":47,"column":0},"end":{"line":47,"column":8}},"48":{"start":{"line":49,"column":0},"end":{"line":49,"column":47}},"49":{"start":{"line":50,"column":0},"end":{"line":50,"column":41}},"50":{"start":{"line":51,"column":0},"end":{"line":51,"column":8}},"51":{"start":{"line":52,"column":0},"end":{"line":52,"column":32}},"52":{"start":{"line":53,"column":0},"end":{"line":53,"column":62}},"53":{"start":{"line":54,"column":0},"end":{"line":54,"column":7}},"55":{"start":{"line":56,"column":0},"end":{"line":56,"column":65}},"56":{"start":{"line":57,"column":0},"end":{"line":57,"column":51}},"57":{"start":{"line":58,"column":0},"end":{"line":58,"column":56}},"58":{"start":{"line":59,"column":0},"end":{"line":59,"column":35}},"59":{"start":{"line":60,"column":0},"end":{"line":60,"column":40}},"60":{"start":{"line":61,"column":0},"end":{"line":61,"column":10}},"61":{"start":{"line":62,"column":0},"end":{"line":62,"column":36}},"62":{"start":{"line":63,"column":0},"end":{"line":63,"column":44}},"63":{"start":{"line":64,"column":0},"end":{"line":64,"column":10}},"64":{"start":{"line":65,"column":0},"end":{"line":65,"column":9}},"66":{"start":{"line":67,"column":0},"end":{"line":67,"column":35}},"67":{"start":{"line":68,"column":0},"end":{"line":68,"column":27}},"68":{"start":{"line":69,"column":0},"end":{"line":69,"column":49}},"70":{"start":{"line":71,"column":0},"end":{"line":71,"column":44}},"71":{"start":{"line":72,"column":0},"end":{"line":72,"column":51}},"72":{"start":{"line":73,"column":0},"end":{"line":73,"column":28}},"73":{"start":{"line":74,"column":0},"end":{"line":74,"column":27}},"74":{"start":{"line":75,"column":0},"end":{"line":75,"column":13}},"76":{"start":{"line":77,"column":0},"end":{"line":77,"column":76}},"77":{"start":{"line":78,"column":0},"end":{"line":78,"column":62}},"78":{"start":{"line":79,"column":0},"end":{"line":79,"column":13}},"79":{"start":{"line":80,"column":0},"end":{"line":80,"column":10}},"80":{"start":{"line":81,"column":0},"end":{"line":81,"column":32}},"82":{"start":{"line":83,"column":0},"end":{"line":83,"column":14}},"83":{"start":{"line":84,"column":0},"end":{"line":84,"column":21}},"84":{"start":{"line":85,"column":0},"end":{"line":85,"column":15}},"85":{"start":{"line":86,"column":0},"end":{"line":86,"column":48}},"86":{"start":{"line":87,"column":0},"end":{"line":87,"column":30}},"87":{"start":{"line":88,"column":0},"end":{"line":88,"column":38}},"88":{"start":{"line":89,"column":0},"end":{"line":89,"column":12}},"89":{"start":{"line":90,"column":0},"end":{"line":90,"column":10}},"90":{"start":{"line":91,"column":0},"end":{"line":91,"column":8}},"91":{"start":{"line":92,"column":0},"end":{"line":92,"column":26}},"92":{"start":{"line":93,"column":0},"end":{"line":93,"column":57}},"93":{"start":{"line":94,"column":0},"end":{"line":94,"column":14}},"94":{"start":{"line":95,"column":0},"end":{"line":95,"column":22}},"95":{"start":{"line":96,"column":0},"end":{"line":96,"column":57}},"96":{"start":{"line":97,"column":0},"end":{"line":97,"column":8}},"97":{"start":{"line":98,"column":0},"end":{"line":98,"column":5}},"98":{"start":{"line":99,"column":0},"end":{"line":99,"column":3}},"100":{"start":{"line":101,"column":0},"end":{"line":101,"column":53}},"101":{"start":{"line":102,"column":0},"end":{"line":102,"column":12}},"102":{"start":{"line":103,"column":0},"end":{"line":103,"column":23}},"103":{"start":{"line":104,"column":0},"end":{"line":104,"column":26}},"104":{"start":{"line":105,"column":0},"end":{"line":105,"column":21}},"105":{"start":{"line":106,"column":0},"end":{"line":106,"column":8}},"106":{"start":{"line":107,"column":0},"end":{"line":107,"column":6}},"107":{"start":{"line":108,"column":0},"end":{"line":108,"column":3}},"109":{"start":{"line":110,"column":0},"end":{"line":110,"column":72}},"110":{"start":{"line":111,"column":0},"end":{"line":111,"column":28}},"111":{"start":{"line":112,"column":0},"end":{"line":112,"column":40}},"112":{"start":{"line":113,"column":0},"end":{"line":113,"column":5}},"114":{"start":{"line":115,"column":0},"end":{"line":115,"column":28}},"115":{"start":{"line":116,"column":0},"end":{"line":116,"column":40}},"116":{"start":{"line":117,"column":0},"end":{"line":117,"column":5}},"118":{"start":{"line":119,"column":0},"end":{"line":119,"column":16}},"119":{"start":{"line":120,"column":0},"end":{"line":120,"column":3}},"121":{"start":{"line":122,"column":0},"end":{"line":122,"column":57}},"122":{"start":{"line":123,"column":0},"end":{"line":123,"column":36}},"123":{"start":{"line":124,"column":0},"end":{"line":124,"column":18}},"124":{"start":{"line":125,"column":0},"end":{"line":125,"column":5}},"126":{"start":{"line":127,"column":0},"end":{"line":127,"column":50}},"127":{"start":{"line":128,"column":0},"end":{"line":128,"column":53}},"128":{"start":{"line":129,"column":0},"end":{"line":129,"column":3}},"130":{"start":{"line":131,"column":0},"end":{"line":131,"column":57}},"131":{"start":{"line":132,"column":0},"end":{"line":132,"column":65}},"132":{"start":{"line":133,"column":0},"end":{"line":133,"column":18}},"133":{"start":{"line":134,"column":0},"end":{"line":134,"column":5}},"135":{"start":{"line":136,"column":0},"end":{"line":136,"column":56}},"136":{"start":{"line":137,"column":0},"end":{"line":137,"column":53}},"137":{"start":{"line":138,"column":0},"end":{"line":138,"column":3}},"138":{"start":{"line":139,"column":0},"end":{"line":139,"column":1}}},"s":{"0":1,"11":1,"12":1,"14":1,"15":1,"16":1,"17":3,"18":3,"19":3,"20":3,"21":3,"23":1,"24":2,"25":2,"26":2,"27":2,"28":2,"29":2,"30":1,"31":1,"32":2,"33":2,"34":2,"36":2,"37":0,"38":0,"40":2,"41":2,"42":2,"43":3,"44":3,"45":2,"46":2,"48":2,"49":2,"50":2,"51":2,"52":1,"53":1,"55":1,"56":1,"57":1,"58":1,"59":1,"60":1,"61":1,"62":1,"63":1,"64":1,"66":1,"67":1,"68":1,"70":1,"71":1,"72":1,"73":0,"74":0,"76":1,"77":1,"78":1,"79":1,"80":1,"82":1,"83":1,"84":1,"85":1,"86":1,"87":1,"88":1,"89":1,"90":1,"91":2,"92":0,"93":0,"94":0,"95":0,"96":0,"97":0,"98":2,"100":1,"101":1,"102":1,"103":1,"104":1,"105":1,"106":1,"107":1,"109":1,"110":4,"111":3,"112":3,"114":1,"115":1,"116":1,"118":0,"119":4,"121":1,"122":3,"123":1,"124":1,"126":2,"127":3,"128":3,"130":1,"131":1,"132":1,"133":1,"135":0,"136":1,"137":1,"138":1},"branchMap":{"0":{"type":"branch","line":17,"loc":{"start":{"line":17,"column":2},"end":{"line":22,"column":6}},"locations":[{"start":{"line":17,"column":2},"end":{"line":22,"column":6}}]},"1":{"type":"branch","line":24,"loc":{"start":{"line":24,"column":2},"end":{"line":99,"column":3}},"locations":[{"start":{"line":24,"column":2},"end":{"line":99,"column":3}}]},"2":{"type":"branch","line":30,"loc":{"start":{"line":30,"column":39},"end":{"line":31,"column":28}},"locations":[{"start":{"line":30,"column":39},"end":{"line":31,"column":28}}]},"3":{"type":"branch","line":31,"loc":{"start":{"line":31,"column":20},"end":{"line":32,"column":30}},"locations":[{"start":{"line":31,"column":20},"end":{"line":32,"column":30}}]},"4":{"type":"branch","line":37,"loc":{"start":{"line":37,"column":33},"end":{"line":39,"column":7}},"locations":[{"start":{"line":37,"column":33},"end":{"line":39,"column":7}}]},"5":{"type":"branch","line":41,"loc":{"start":{"line":41,"column":36},"end":{"line":41,"column":50}},"locations":[{"start":{"line":41,"column":36},"end":{"line":41,"column":50}}]},"6":{"type":"branch","line":52,"loc":{"start":{"line":52,"column":31},"end":{"line":92,"column":13}},"locations":[{"start":{"line":52,"column":31},"end":{"line":92,"column":13}}]},"7":{"type":"branch","line":92,"loc":{"start":{"line":92,"column":4},"end":{"line":98,"column":5}},"locations":[{"start":{"line":92,"column":4},"end":{"line":98,"column":5}}]},"8":{"type":"branch","line":33,"loc":{"start":{"line":33,"column":19},"end":{"line":33,"column":62}},"locations":[{"start":{"line":33,"column":19},"end":{"line":33,"column":62}}]},"9":{"type":"branch","line":43,"loc":{"start":{"line":43,"column":21},"end":{"line":46,"column":9}},"locations":[{"start":{"line":43,"column":21},"end":{"line":46,"column":9}}]},"10":{"type":"branch","line":50,"loc":{"start":{"line":50,"column":8},"end":{"line":50,"column":41}},"locations":[{"start":{"line":50,"column":8},"end":{"line":50,"column":41}}]},"11":{"type":"branch","line":68,"loc":{"start":{"line":68,"column":16},"end":{"line":80,"column":9}},"locations":[{"start":{"line":68,"column":16},"end":{"line":80,"column":9}}]},"12":{"type":"branch","line":69,"loc":{"start":{"line":69,"column":35},"end":{"line":69,"column":49}},"locations":[{"start":{"line":69,"column":35},"end":{"line":69,"column":49}}]},"13":{"type":"branch","line":71,"loc":{"start":{"line":71,"column":32},"end":{"line":79,"column":11}},"locations":[{"start":{"line":71,"column":32},"end":{"line":79,"column":11}}]},"14":{"type":"branch","line":73,"loc":{"start":{"line":73,"column":27},"end":{"line":75,"column":13}},"locations":[{"start":{"line":73,"column":27},"end":{"line":75,"column":13}}]},"15":{"type":"branch","line":81,"loc":{"start":{"line":81,"column":13},"end":{"line":81,"column":30}},"locations":[{"start":{"line":81,"column":13},"end":{"line":81,"column":30}}]},"16":{"type":"branch","line":101,"loc":{"start":{"line":101,"column":10},"end":{"line":108,"column":3}},"locations":[{"start":{"line":101,"column":10},"end":{"line":108,"column":3}}]},"17":{"type":"branch","line":110,"loc":{"start":{"line":110,"column":10},"end":{"line":120,"column":3}},"locations":[{"start":{"line":110,"column":10},"end":{"line":120,"column":3}}]},"18":{"type":"branch","line":111,"loc":{"start":{"line":111,"column":27},"end":{"line":113,"column":5}},"locations":[{"start":{"line":111,"column":27},"end":{"line":113,"column":5}}]},"19":{"type":"branch","line":113,"loc":{"start":{"line":113,"column":4},"end":{"line":117,"column":5}},"locations":[{"start":{"line":113,"column":4},"end":{"line":117,"column":5}}]},"20":{"type":"branch","line":117,"loc":{"start":{"line":117,"column":4},"end":{"line":119,"column":16}},"locations":[{"start":{"line":117,"column":4},"end":{"line":119,"column":16}}]},"21":{"type":"branch","line":122,"loc":{"start":{"line":122,"column":10},"end":{"line":129,"column":3}},"locations":[{"start":{"line":122,"column":10},"end":{"line":129,"column":3}}]},"22":{"type":"branch","line":123,"loc":{"start":{"line":123,"column":35},"end":{"line":125,"column":5}},"locations":[{"start":{"line":123,"column":35},"end":{"line":125,"column":5}}]},"23":{"type":"branch","line":125,"loc":{"start":{"line":125,"column":4},"end":{"line":128,"column":48}},"locations":[{"start":{"line":125,"column":4},"end":{"line":128,"column":48}}]},"24":{"type":"branch","line":128,"loc":{"start":{"line":128,"column":35},"end":{"line":128,"column":53}},"locations":[{"start":{"line":128,"column":35},"end":{"line":128,"column":53}}]},"25":{"type":"branch","line":131,"loc":{"start":{"line":131,"column":10},"end":{"line":138,"column":3}},"locations":[{"start":{"line":131,"column":10},"end":{"line":138,"column":3}}]},"26":{"type":"branch","line":134,"loc":{"start":{"line":134,"column":4},"end":{"line":137,"column":48}},"locations":[{"start":{"line":134,"column":4},"end":{"line":137,"column":48}}]},"27":{"type":"branch","line":137,"loc":{"start":{"line":137,"column":35},"end":{"line":137,"column":53}},"locations":[{"start":{"line":137,"column":35},"end":{"line":137,"column":53}}]}},"b":{"0":[3],"1":[2],"2":[1],"3":[1],"4":[0],"5":[0],"6":[1],"7":[0],"8":[3],"9":[3],"10":[3],"11":[1],"12":[0],"13":[1],"14":[0],"15":[1],"16":[1],"17":[4],"18":[3],"19":[1],"20":[0],"21":[3],"22":[1],"23":[2],"24":[0],"25":[1],"26":[0],"27":[0]},"fnMap":{"0":{"name":"DuplicateCheckService","decl":{"start":{"line":17,"column":2},"end":{"line":22,"column":6}},"loc":{"start":{"line":17,"column":2},"end":{"line":22,"column":6}},"line":17},"1":{"name":"execute","decl":{"start":{"line":24,"column":2},"end":{"line":99,"column":3}},"loc":{"start":{"line":24,"column":2},"end":{"line":99,"column":3}},"line":24},"2":{"name":"defaultResponse","decl":{"start":{"line":101,"column":10},"end":{"line":108,"column":3}},"loc":{"start":{"line":101,"column":10},"end":{"line":108,"column":3}},"line":101},"3":{"name":"normalizeValue","decl":{"start":{"line":110,"column":10},"end":{"line":120,"column":3}},"loc":{"start":{"line":110,"column":10},"end":{"line":120,"column":3}},"line":110},"4":{"name":"normalizeEmail","decl":{"start":{"line":122,"column":10},"end":{"line":129,"column":3}},"loc":{"start":{"line":122,"column":10},"end":{"line":129,"column":3}},"line":122},"5":{"name":"normalizePhone","decl":{"start":{"line":131,"column":10},"end":{"line":138,"column":3}},"loc":{"start":{"line":131,"column":10},"end":{"line":138,"column":3}},"line":131}},"f":{"0":3,"1":2,"2":1,"3":4,"4":3,"5":1}}
}
