{"/home/evelasco/smash_orbit/lms/LMS-BE/handlers/affiliates/modules/affiliate.module.ts": {"path":"/home/evelasco/smash_orbit/lms/LMS-BE/handlers/affiliates/modules/affiliate.module.ts","all":false,"statementMap":{"0":{"start":{"line":1,"column":0},"end":{"line":1,"column":26}},"8":{"start":{"line":9,"column":0},"end":{"line":9,"column":34}},"11":{"start":{"line":12,"column":0},"end":{"line":12,"column":9}},"12":{"start":{"line":13,"column":0},"end":{"line":13,"column":37}},"13":{"start":{"line":14,"column":0},"end":{"line":14,"column":19}},"14":{"start":{"line":15,"column":0},"end":{"line":15,"column":22}},"15":{"start":{"line":16,"column":0},"end":{"line":16,"column":71}},"18":{"start":{"line":19,"column":0},"end":{"line":19,"column":9}},"19":{"start":{"line":20,"column":0},"end":{"line":20,"column":49}},"20":{"start":{"line":21,"column":0},"end":{"line":21,"column":25}},"21":{"start":{"line":22,"column":0},"end":{"line":22,"column":22}},"24":{"start":{"line":25,"column":0},"end":{"line":25,"column":74}},"27":{"start":{"line":28,"column":0},"end":{"line":28,"column":66}}},"s":{"0":1,"8":1,"11":1,"12":1,"13":1,"14":1,"15":1,"18":1,"19":1,"20":1,"21":1,"24":1,"27":1},"branchMap":{},"b":{},"fnMap":{},"f":{}}
,"/home/evelasco/smash_orbit/lms/LMS-BE/handlers/affiliates/services/affiliate.service.ts": {"path":"/home/evelasco/smash_orbit/lms/LMS-BE/handlers/affiliates/services/affiliate.service.ts","all":false,"statementMap":{"0":{"start":{"line":1,"column":0},"end":{"line":1,"column":47}},"15":{"start":{"line":16,"column":0},"end":{"line":16,"column":13}},"16":{"start":{"line":17,"column":0},"end":{"line":17,"column":31}},"17":{"start":{"line":18,"column":0},"end":{"line":18,"column":14}},"18":{"start":{"line":19,"column":0},"end":{"line":19,"column":72}},"19":{"start":{"line":20,"column":0},"end":{"line":20,"column":54}},"20":{"start":{"line":21,"column":0},"end":{"line":21,"column":33}},"21":{"start":{"line":22,"column":0},"end":{"line":22,"column":51}},"22":{"start":{"line":23,"column":0},"end":{"line":23,"column":6}},"24":{"start":{"line":25,"column":0},"end":{"line":25,"column":24}},"25":{"start":{"line":26,"column":0},"end":{"line":26,"column":36}},"26":{"start":{"line":27,"column":0},"end":{"line":27,"column":41}},"27":{"start":{"line":28,"column":0},"end":{"line":28,"column":9}},"28":{"start":{"line":29,"column":0},"end":{"line":29,"column":62}},"29":{"start":{"line":30,"column":0},"end":{"line":30,"column":43}},"30":{"start":{"line":31,"column":0},"end":{"line":31,"column":64}},"31":{"start":{"line":32,"column":0},"end":{"line":32,"column":8}},"32":{"start":{"line":33,"column":0},"end":{"line":33,"column":16}},"33":{"start":{"line":34,"column":0},"end":{"line":34,"column":16}},"34":{"start":{"line":35,"column":0},"end":{"line":35,"column":24}},"35":{"start":{"line":36,"column":0},"end":{"line":36,"column":56}},"36":{"start":{"line":37,"column":0},"end":{"line":37,"column":10}},"37":{"start":{"line":38,"column":0},"end":{"line":38,"column":7}},"39":{"start":{"line":40,"column":0},"end":{"line":40,"column":54}},"40":{"start":{"line":41,"column":0},"end":{"line":41,"column":44}},"42":{"start":{"line":43,"column":0},"end":{"line":43,"column":69}},"43":{"start":{"line":44,"column":0},"end":{"line":44,"column":45}},"44":{"start":{"line":45,"column":0},"end":{"line":45,"column":16}},"45":{"start":{"line":46,"column":0},"end":{"line":46,"column":24}},"46":{"start":{"line":47,"column":0},"end":{"line":47,"column":72}},"47":{"start":{"line":48,"column":0},"end":{"line":48,"column":10}},"48":{"start":{"line":49,"column":0},"end":{"line":49,"column":7}},"50":{"start":{"line":51,"column":0},"end":{"line":51,"column":43}},"51":{"start":{"line":52,"column":0},"end":{"line":52,"column":37}},"52":{"start":{"line":53,"column":0},"end":{"line":53,"column":46}},"53":{"start":{"line":54,"column":0},"end":{"line":54,"column":28}},"54":{"start":{"line":55,"column":0},"end":{"line":55,"column":39}},"55":{"start":{"line":56,"column":0},"end":{"line":56,"column":47}},"56":{"start":{"line":57,"column":0},"end":{"line":57,"column":24}},"57":{"start":{"line":58,"column":0},"end":{"line":58,"column":24}},"58":{"start":{"line":59,"column":0},"end":{"line":59,"column":8}},"60":{"start":{"line":61,"column":0},"end":{"line":61,"column":35}},"61":{"start":{"line":62,"column":0},"end":{"line":62,"column":56}},"62":{"start":{"line":63,"column":0},"end":{"line":63,"column":24}},"63":{"start":{"line":64,"column":0},"end":{"line":64,"column":9}},"65":{"start":{"line":66,"column":0},"end":{"line":66,"column":58}},"66":{"start":{"line":67,"column":0},"end":{"line":67,"column":34}},"67":{"start":{"line":68,"column":0},"end":{"line":68,"column":9}},"68":{"start":{"line":69,"column":0},"end":{"line":69,"column":14}},"69":{"start":{"line":70,"column":0},"end":{"line":70,"column":21}},"70":{"start":{"line":71,"column":0},"end":{"line":71,"column":24}},"71":{"start":{"line":72,"column":0},"end":{"line":72,"column":8}},"72":{"start":{"line":73,"column":0},"end":{"line":73,"column":26}},"73":{"start":{"line":74,"column":0},"end":{"line":74,"column":61}},"74":{"start":{"line":75,"column":0},"end":{"line":75,"column":14}},"75":{"start":{"line":76,"column":0},"end":{"line":76,"column":22}},"76":{"start":{"line":77,"column":0},"end":{"line":77,"column":61}},"77":{"start":{"line":78,"column":0},"end":{"line":78,"column":8}},"78":{"start":{"line":79,"column":0},"end":{"line":79,"column":5}},"79":{"start":{"line":80,"column":0},"end":{"line":80,"column":3}},"81":{"start":{"line":82,"column":0},"end":{"line":82,"column":70}},"82":{"start":{"line":83,"column":0},"end":{"line":83,"column":9}},"83":{"start":{"line":84,"column":0},"end":{"line":84,"column":65}},"84":{"start":{"line":85,"column":0},"end":{"line":85,"column":56}},"85":{"start":{"line":86,"column":0},"end":{"line":86,"column":20}},"86":{"start":{"line":87,"column":0},"end":{"line":87,"column":9}},"88":{"start":{"line":89,"column":0},"end":{"line":89,"column":23}},"89":{"start":{"line":90,"column":0},"end":{"line":90,"column":16}},"90":{"start":{"line":91,"column":0},"end":{"line":91,"column":24}},"91":{"start":{"line":92,"column":0},"end":{"line":92,"column":53}},"92":{"start":{"line":93,"column":0},"end":{"line":93,"column":10}},"93":{"start":{"line":94,"column":0},"end":{"line":94,"column":7}},"95":{"start":{"line":96,"column":0},"end":{"line":96,"column":14}},"96":{"start":{"line":97,"column":0},"end":{"line":97,"column":21}},"97":{"start":{"line":98,"column":0},"end":{"line":98,"column":24}},"98":{"start":{"line":99,"column":0},"end":{"line":99,"column":8}},"99":{"start":{"line":100,"column":0},"end":{"line":100,"column":26}},"100":{"start":{"line":101,"column":0},"end":{"line":101,"column":58}},"101":{"start":{"line":102,"column":0},"end":{"line":102,"column":14}},"102":{"start":{"line":103,"column":0},"end":{"line":103,"column":22}},"103":{"start":{"line":104,"column":0},"end":{"line":104,"column":58}},"104":{"start":{"line":105,"column":0},"end":{"line":105,"column":8}},"105":{"start":{"line":106,"column":0},"end":{"line":106,"column":5}},"106":{"start":{"line":107,"column":0},"end":{"line":107,"column":3}},"108":{"start":{"line":109,"column":0},"end":{"line":109,"column":80}},"109":{"start":{"line":110,"column":0},"end":{"line":110,"column":9}},"110":{"start":{"line":111,"column":0},"end":{"line":111,"column":69}},"111":{"start":{"line":112,"column":0},"end":{"line":112,"column":56}},"112":{"start":{"line":113,"column":0},"end":{"line":113,"column":33}},"113":{"start":{"line":114,"column":0},"end":{"line":114,"column":49}},"114":{"start":{"line":115,"column":0},"end":{"line":115,"column":36}},"115":{"start":{"line":116,"column":0},"end":{"line":116,"column":26}},"116":{"start":{"line":117,"column":0},"end":{"line":117,"column":10}},"117":{"start":{"line":118,"column":0},"end":{"line":118,"column":17}},"118":{"start":{"line":119,"column":0},"end":{"line":119,"column":9}},"120":{"start":{"line":121,"column":0},"end":{"line":121,"column":53}},"121":{"start":{"line":122,"column":0},"end":{"line":122,"column":14}},"122":{"start":{"line":123,"column":0},"end":{"line":123,"column":28}},"123":{"start":{"line":124,"column":0},"end":{"line":124,"column":37}},"124":{"start":{"line":125,"column":0},"end":{"line":125,"column":8}},"125":{"start":{"line":126,"column":0},"end":{"line":126,"column":26}},"126":{"start":{"line":127,"column":0},"end":{"line":127,"column":67}},"127":{"start":{"line":128,"column":0},"end":{"line":128,"column":14}},"128":{"start":{"line":129,"column":0},"end":{"line":129,"column":22}},"129":{"start":{"line":130,"column":0},"end":{"line":130,"column":67}},"130":{"start":{"line":131,"column":0},"end":{"line":131,"column":8}},"131":{"start":{"line":132,"column":0},"end":{"line":132,"column":5}},"132":{"start":{"line":133,"column":0},"end":{"line":133,"column":3}},"134":{"start":{"line":135,"column":0},"end":{"line":135,"column":65}},"140":{"start":{"line":141,"column":0},"end":{"line":141,"column":5}},"141":{"start":{"line":142,"column":0},"end":{"line":142,"column":9}},"142":{"start":{"line":143,"column":0},"end":{"line":143,"column":61}},"144":{"start":{"line":145,"column":0},"end":{"line":145,"column":19}},"145":{"start":{"line":146,"column":0},"end":{"line":146,"column":71}},"146":{"start":{"line":147,"column":0},"end":{"line":147,"column":58}},"147":{"start":{"line":148,"column":0},"end":{"line":148,"column":36}},"148":{"start":{"line":149,"column":0},"end":{"line":149,"column":54}},"149":{"start":{"line":150,"column":0},"end":{"line":150,"column":37}},"150":{"start":{"line":151,"column":0},"end":{"line":151,"column":32}},"151":{"start":{"line":152,"column":0},"end":{"line":152,"column":12}},"152":{"start":{"line":153,"column":0},"end":{"line":153,"column":38}},"153":{"start":{"line":154,"column":0},"end":{"line":154,"column":30}},"154":{"start":{"line":155,"column":0},"end":{"line":155,"column":12}},"155":{"start":{"line":156,"column":0},"end":{"line":156,"column":23}},"156":{"start":{"line":157,"column":0},"end":{"line":157,"column":45}},"157":{"start":{"line":158,"column":0},"end":{"line":158,"column":76}},"158":{"start":{"line":159,"column":0},"end":{"line":159,"column":24}},"159":{"start":{"line":160,"column":0},"end":{"line":160,"column":11}},"161":{"start":{"line":162,"column":0},"end":{"line":162,"column":16}},"162":{"start":{"line":163,"column":0},"end":{"line":163,"column":23}},"163":{"start":{"line":164,"column":0},"end":{"line":164,"column":17}},"164":{"start":{"line":165,"column":0},"end":{"line":165,"column":37}},"165":{"start":{"line":166,"column":0},"end":{"line":166,"column":44}},"166":{"start":{"line":167,"column":0},"end":{"line":167,"column":58}},"167":{"start":{"line":168,"column":0},"end":{"line":168,"column":28}},"168":{"start":{"line":169,"column":0},"end":{"line":169,"column":63}},"169":{"start":{"line":170,"column":0},"end":{"line":170,"column":36}},"170":{"start":{"line":171,"column":0},"end":{"line":171,"column":26}},"171":{"start":{"line":172,"column":0},"end":{"line":172,"column":12}},"172":{"start":{"line":173,"column":0},"end":{"line":173,"column":10}},"173":{"start":{"line":174,"column":0},"end":{"line":174,"column":7}},"175":{"start":{"line":176,"column":0},"end":{"line":176,"column":67}},"176":{"start":{"line":177,"column":0},"end":{"line":177,"column":56}},"177":{"start":{"line":178,"column":0},"end":{"line":178,"column":21}},"178":{"start":{"line":179,"column":0},"end":{"line":179,"column":43}},"179":{"start":{"line":180,"column":0},"end":{"line":180,"column":74}},"180":{"start":{"line":181,"column":0},"end":{"line":181,"column":22}},"181":{"start":{"line":182,"column":0},"end":{"line":182,"column":9}},"183":{"start":{"line":184,"column":0},"end":{"line":184,"column":14}},"184":{"start":{"line":185,"column":0},"end":{"line":185,"column":21}},"185":{"start":{"line":186,"column":0},"end":{"line":186,"column":15}},"186":{"start":{"line":187,"column":0},"end":{"line":187,"column":34}},"187":{"start":{"line":188,"column":0},"end":{"line":188,"column":41}},"188":{"start":{"line":189,"column":0},"end":{"line":189,"column":55}},"189":{"start":{"line":190,"column":0},"end":{"line":190,"column":80}},"190":{"start":{"line":191,"column":0},"end":{"line":191,"column":25}},"191":{"start":{"line":192,"column":0},"end":{"line":192,"column":15}},"192":{"start":{"line":193,"column":0},"end":{"line":193,"column":24}},"193":{"start":{"line":194,"column":0},"end":{"line":194,"column":10}},"194":{"start":{"line":195,"column":0},"end":{"line":195,"column":8}},"195":{"start":{"line":196,"column":0},"end":{"line":196,"column":26}},"196":{"start":{"line":197,"column":0},"end":{"line":197,"column":60}},"197":{"start":{"line":198,"column":0},"end":{"line":198,"column":14}},"198":{"start":{"line":199,"column":0},"end":{"line":199,"column":22}},"199":{"start":{"line":200,"column":0},"end":{"line":200,"column":60}},"200":{"start":{"line":201,"column":0},"end":{"line":201,"column":8}},"201":{"start":{"line":202,"column":0},"end":{"line":202,"column":5}},"202":{"start":{"line":203,"column":0},"end":{"line":203,"column":3}},"204":{"start":{"line":205,"column":0},"end":{"line":205,"column":24}},"205":{"start":{"line":206,"column":0},"end":{"line":206,"column":15}},"206":{"start":{"line":207,"column":0},"end":{"line":207,"column":36}},"207":{"start":{"line":208,"column":0},"end":{"line":208,"column":41}},"208":{"start":{"line":209,"column":0},"end":{"line":209,"column":9}},"209":{"start":{"line":210,"column":0},"end":{"line":210,"column":51}},"210":{"start":{"line":211,"column":0},"end":{"line":211,"column":47}},"211":{"start":{"line":212,"column":0},"end":{"line":212,"column":16}},"212":{"start":{"line":213,"column":0},"end":{"line":213,"column":24}},"213":{"start":{"line":214,"column":0},"end":{"line":214,"column":53}},"214":{"start":{"line":215,"column":0},"end":{"line":215,"column":10}},"215":{"start":{"line":216,"column":0},"end":{"line":216,"column":7}},"217":{"start":{"line":218,"column":0},"end":{"line":218,"column":67}},"218":{"start":{"line":219,"column":0},"end":{"line":219,"column":74}},"219":{"start":{"line":220,"column":0},"end":{"line":220,"column":53}},"220":{"start":{"line":221,"column":0},"end":{"line":221,"column":18}},"221":{"start":{"line":222,"column":0},"end":{"line":222,"column":26}},"222":{"start":{"line":223,"column":0},"end":{"line":223,"column":74}},"223":{"start":{"line":224,"column":0},"end":{"line":224,"column":12}},"224":{"start":{"line":225,"column":0},"end":{"line":225,"column":9}},"225":{"start":{"line":226,"column":0},"end":{"line":226,"column":7}},"227":{"start":{"line":228,"column":0},"end":{"line":228,"column":23}},"228":{"start":{"line":229,"column":0},"end":{"line":229,"column":19}},"229":{"start":{"line":230,"column":0},"end":{"line":230,"column":45}},"230":{"start":{"line":231,"column":0},"end":{"line":231,"column":8}},"232":{"start":{"line":233,"column":0},"end":{"line":233,"column":74}},"234":{"start":{"line":235,"column":0},"end":{"line":235,"column":59}},"235":{"start":{"line":236,"column":0},"end":{"line":236,"column":56}},"236":{"start":{"line":237,"column":0},"end":{"line":237,"column":20}},"237":{"start":{"line":238,"column":0},"end":{"line":238,"column":22}},"238":{"start":{"line":239,"column":0},"end":{"line":239,"column":32}},"239":{"start":{"line":240,"column":0},"end":{"line":240,"column":9}},"241":{"start":{"line":242,"column":0},"end":{"line":242,"column":78}},"242":{"start":{"line":243,"column":0},"end":{"line":243,"column":14}},"243":{"start":{"line":244,"column":0},"end":{"line":244,"column":21}},"244":{"start":{"line":245,"column":0},"end":{"line":245,"column":41}},"245":{"start":{"line":246,"column":0},"end":{"line":246,"column":8}},"246":{"start":{"line":247,"column":0},"end":{"line":247,"column":26}},"247":{"start":{"line":248,"column":0},"end":{"line":248,"column":61}},"248":{"start":{"line":249,"column":0},"end":{"line":249,"column":14}},"249":{"start":{"line":250,"column":0},"end":{"line":250,"column":22}},"250":{"start":{"line":251,"column":0},"end":{"line":251,"column":61}},"251":{"start":{"line":252,"column":0},"end":{"line":252,"column":8}},"252":{"start":{"line":253,"column":0},"end":{"line":253,"column":5}},"253":{"start":{"line":254,"column":0},"end":{"line":254,"column":3}},"255":{"start":{"line":256,"column":0},"end":{"line":256,"column":67}},"256":{"start":{"line":257,"column":0},"end":{"line":257,"column":9}},"257":{"start":{"line":258,"column":0},"end":{"line":258,"column":51}},"258":{"start":{"line":259,"column":0},"end":{"line":259,"column":47}},"259":{"start":{"line":260,"column":0},"end":{"line":260,"column":16}},"260":{"start":{"line":261,"column":0},"end":{"line":261,"column":24}},"261":{"start":{"line":262,"column":0},"end":{"line":262,"column":53}},"262":{"start":{"line":263,"column":0},"end":{"line":263,"column":10}},"263":{"start":{"line":264,"column":0},"end":{"line":264,"column":7}},"265":{"start":{"line":266,"column":0},"end":{"line":266,"column":38}},"266":{"start":{"line":267,"column":0},"end":{"line":267,"column":56}},"267":{"start":{"line":268,"column":0},"end":{"line":268,"column":20}},"268":{"start":{"line":269,"column":0},"end":{"line":269,"column":9}},"270":{"start":{"line":271,"column":0},"end":{"line":271,"column":78}},"271":{"start":{"line":272,"column":0},"end":{"line":272,"column":14}},"272":{"start":{"line":273,"column":0},"end":{"line":273,"column":21}},"273":{"start":{"line":274,"column":0},"end":{"line":274,"column":8}},"274":{"start":{"line":275,"column":0},"end":{"line":275,"column":26}},"275":{"start":{"line":276,"column":0},"end":{"line":276,"column":61}},"276":{"start":{"line":277,"column":0},"end":{"line":277,"column":14}},"277":{"start":{"line":278,"column":0},"end":{"line":278,"column":22}},"278":{"start":{"line":279,"column":0},"end":{"line":279,"column":61}},"279":{"start":{"line":280,"column":0},"end":{"line":280,"column":8}},"280":{"start":{"line":281,"column":0},"end":{"line":281,"column":5}},"281":{"start":{"line":282,"column":0},"end":{"line":282,"column":3}},"282":{"start":{"line":283,"column":0},"end":{"line":283,"column":1}}},"s":{"0":1,"15":1,"16":1,"17":1,"18":18,"19":18,"20":18,"21":18,"22":18,"24":1,"25":3,"26":3,"27":3,"28":3,"29":3,"30":3,"31":3,"32":3,"33":1,"34":1,"35":1,"36":1,"37":1,"39":2,"40":2,"42":2,"43":3,"44":1,"45":1,"46":1,"47":1,"48":1,"50":1,"51":1,"52":1,"53":1,"54":1,"55":1,"56":1,"57":1,"58":1,"60":1,"61":1,"62":1,"63":1,"65":1,"66":1,"67":1,"68":1,"69":1,"70":1,"71":1,"72":3,"73":0,"74":0,"75":0,"76":0,"77":0,"78":0,"79":3,"81":1,"82":2,"83":2,"84":2,"85":2,"86":2,"88":2,"89":1,"90":1,"91":1,"92":1,"93":1,"95":1,"96":1,"97":1,"98":1,"99":2,"100":0,"101":0,"102":0,"103":0,"104":0,"105":0,"106":2,"108":1,"109":5,"110":5,"111":5,"112":5,"113":5,"114":5,"115":5,"116":5,"117":5,"118":5,"120":5,"121":5,"122":5,"123":5,"124":5,"125":5,"126":1,"127":1,"128":1,"129":1,"130":1,"131":1,"132":5,"134":1,"140":3,"141":3,"142":3,"144":3,"145":1,"146":1,"147":1,"148":1,"149":1,"150":1,"151":1,"152":1,"153":1,"154":1,"155":1,"156":1,"157":1,"158":0,"159":1,"161":1,"162":1,"163":1,"164":1,"165":1,"166":1,"167":1,"168":1,"169":1,"170":0,"171":1,"172":1,"173":1,"175":2,"176":2,"177":2,"178":2,"179":0,"180":2,"181":3,"183":1,"184":1,"185":1,"186":1,"187":1,"188":1,"189":0,"190":0,"191":0,"192":1,"193":3,"194":3,"195":3,"196":1,"197":1,"198":1,"199":1,"200":1,"201":1,"202":3,"204":1,"205":3,"206":3,"207":3,"208":3,"209":3,"210":3,"211":1,"212":1,"213":1,"214":1,"215":1,"217":3,"218":1,"219":1,"220":1,"221":1,"222":1,"223":1,"224":1,"225":1,"227":1,"228":1,"229":1,"230":1,"232":1,"234":1,"235":1,"236":1,"237":1,"238":1,"239":1,"241":1,"242":1,"243":1,"244":1,"245":1,"246":3,"247":0,"248":0,"249":0,"250":0,"251":0,"252":0,"253":3,"255":1,"256":2,"257":2,"258":2,"259":1,"260":1,"261":1,"262":1,"263":1,"265":1,"266":1,"267":1,"268":1,"270":1,"271":1,"272":1,"273":1,"274":2,"275":0,"276":0,"277":0,"278":0,"279":0,"280":0,"281":2,"282":1},"branchMap":{"0":{"type":"branch","line":18,"loc":{"start":{"line":18,"column":2},"end":{"line":23,"column":6}},"locations":[{"start":{"line":18,"column":2},"end":{"line":23,"column":6}}]},"1":{"type":"branch","line":25,"loc":{"start":{"line":25,"column":2},"end":{"line":80,"column":3}},"locations":[{"start":{"line":25,"column":2},"end":{"line":80,"column":3}}]},"2":{"type":"branch","line":33,"loc":{"start":{"line":33,"column":15},"end":{"line":38,"column":7}},"locations":[{"start":{"line":33,"column":15},"end":{"line":38,"column":7}}]},"3":{"type":"branch","line":38,"loc":{"start":{"line":38,"column":6},"end":{"line":44,"column":29}},"locations":[{"start":{"line":38,"column":6},"end":{"line":44,"column":29}}]},"4":{"type":"branch","line":44,"loc":{"start":{"line":44,"column":19},"end":{"line":44,"column":44}},"locations":[{"start":{"line":44,"column":19},"end":{"line":44,"column":44}}]},"5":{"type":"branch","line":44,"loc":{"start":{"line":44,"column":44},"end":{"line":73,"column":13}},"locations":[{"start":{"line":44,"column":44},"end":{"line":73,"column":13}}]},"6":{"type":"branch","line":73,"loc":{"start":{"line":73,"column":4},"end":{"line":79,"column":5}},"locations":[{"start":{"line":73,"column":4},"end":{"line":79,"column":5}}]},"7":{"type":"branch","line":82,"loc":{"start":{"line":82,"column":2},"end":{"line":107,"column":3}},"locations":[{"start":{"line":82,"column":2},"end":{"line":107,"column":3}}]},"8":{"type":"branch","line":89,"loc":{"start":{"line":89,"column":22},"end":{"line":100,"column":13}},"locations":[{"start":{"line":89,"column":22},"end":{"line":100,"column":13}}]},"9":{"type":"branch","line":100,"loc":{"start":{"line":100,"column":4},"end":{"line":106,"column":5}},"locations":[{"start":{"line":100,"column":4},"end":{"line":106,"column":5}}]},"10":{"type":"branch","line":109,"loc":{"start":{"line":109,"column":2},"end":{"line":133,"column":3}},"locations":[{"start":{"line":109,"column":2},"end":{"line":133,"column":3}}]},"11":{"type":"branch","line":119,"loc":{"start":{"line":119,"column":7},"end":{"line":121,"column":48}},"locations":[{"start":{"line":119,"column":7},"end":{"line":121,"column":48}}]},"12":{"type":"branch","line":121,"loc":{"start":{"line":121,"column":43},"end":{"line":121,"column":53}},"locations":[{"start":{"line":121,"column":43},"end":{"line":121,"column":53}}]},"13":{"type":"branch","line":124,"loc":{"start":{"line":124,"column":14},"end":{"line":124,"column":37}},"locations":[{"start":{"line":124,"column":14},"end":{"line":124,"column":37}}]},"14":{"type":"branch","line":126,"loc":{"start":{"line":126,"column":4},"end":{"line":132,"column":5}},"locations":[{"start":{"line":126,"column":4},"end":{"line":132,"column":5}}]},"15":{"type":"branch","line":130,"loc":{"start":{"line":130,"column":21},"end":{"line":130,"column":67}},"locations":[{"start":{"line":130,"column":21},"end":{"line":130,"column":67}}]},"16":{"type":"branch","line":135,"loc":{"start":{"line":135,"column":2},"end":{"line":203,"column":3}},"locations":[{"start":{"line":135,"column":2},"end":{"line":203,"column":3}}]},"17":{"type":"branch","line":145,"loc":{"start":{"line":145,"column":18},"end":{"line":174,"column":7}},"locations":[{"start":{"line":145,"column":18},"end":{"line":174,"column":7}}]},"18":{"type":"branch","line":158,"loc":{"start":{"line":158,"column":75},"end":{"line":159,"column":24}},"locations":[{"start":{"line":158,"column":75},"end":{"line":159,"column":24}}]},"19":{"type":"branch","line":170,"loc":{"start":{"line":170,"column":35},"end":{"line":171,"column":26}},"locations":[{"start":{"line":170,"column":35},"end":{"line":171,"column":26}}]},"20":{"type":"branch","line":174,"loc":{"start":{"line":174,"column":6},"end":{"line":179,"column":43}},"locations":[{"start":{"line":174,"column":6},"end":{"line":179,"column":43}}]},"21":{"type":"branch","line":179,"loc":{"start":{"line":179,"column":27},"end":{"line":180,"column":74}},"locations":[{"start":{"line":179,"column":27},"end":{"line":180,"column":74}}]},"22":{"type":"branch","line":180,"loc":{"start":{"line":180,"column":73},"end":{"line":181,"column":22}},"locations":[{"start":{"line":180,"column":73},"end":{"line":181,"column":22}}]},"23":{"type":"branch","line":182,"loc":{"start":{"line":182,"column":7},"end":{"line":189,"column":55}},"locations":[{"start":{"line":182,"column":7},"end":{"line":189,"column":55}}]},"24":{"type":"branch","line":189,"loc":{"start":{"line":189,"column":39},"end":{"line":192,"column":15}},"locations":[{"start":{"line":189,"column":39},"end":{"line":192,"column":15}}]},"25":{"type":"branch","line":192,"loc":{"start":{"line":192,"column":14},"end":{"line":193,"column":24}},"locations":[{"start":{"line":192,"column":14},"end":{"line":193,"column":24}}]},"26":{"type":"branch","line":196,"loc":{"start":{"line":196,"column":4},"end":{"line":202,"column":5}},"locations":[{"start":{"line":196,"column":4},"end":{"line":202,"column":5}}]},"27":{"type":"branch","line":200,"loc":{"start":{"line":200,"column":21},"end":{"line":200,"column":60}},"locations":[{"start":{"line":200,"column":21},"end":{"line":200,"column":60}}]},"28":{"type":"branch","line":205,"loc":{"start":{"line":205,"column":2},"end":{"line":254,"column":3}},"locations":[{"start":{"line":205,"column":2},"end":{"line":254,"column":3}}]},"29":{"type":"branch","line":211,"loc":{"start":{"line":211,"column":20},"end":{"line":211,"column":46}},"locations":[{"start":{"line":211,"column":20},"end":{"line":211,"column":46}}]},"30":{"type":"branch","line":211,"loc":{"start":{"line":211,"column":46},"end":{"line":216,"column":7}},"locations":[{"start":{"line":211,"column":46},"end":{"line":216,"column":7}}]},"31":{"type":"branch","line":216,"loc":{"start":{"line":216,"column":6},"end":{"line":218,"column":27}},"locations":[{"start":{"line":216,"column":6},"end":{"line":218,"column":27}}]},"32":{"type":"branch","line":218,"loc":{"start":{"line":218,"column":18},"end":{"line":218,"column":66}},"locations":[{"start":{"line":218,"column":18},"end":{"line":218,"column":66}}]},"33":{"type":"branch","line":218,"loc":{"start":{"line":218,"column":66},"end":{"line":247,"column":13}},"locations":[{"start":{"line":218,"column":66},"end":{"line":247,"column":13}}]},"34":{"type":"branch","line":247,"loc":{"start":{"line":247,"column":4},"end":{"line":253,"column":5}},"locations":[{"start":{"line":247,"column":4},"end":{"line":253,"column":5}}]},"35":{"type":"branch","line":256,"loc":{"start":{"line":256,"column":2},"end":{"line":282,"column":3}},"locations":[{"start":{"line":256,"column":2},"end":{"line":282,"column":3}}]},"36":{"type":"branch","line":259,"loc":{"start":{"line":259,"column":20},"end":{"line":259,"column":46}},"locations":[{"start":{"line":259,"column":20},"end":{"line":259,"column":46}}]},"37":{"type":"branch","line":259,"loc":{"start":{"line":259,"column":46},"end":{"line":275,"column":13}},"locations":[{"start":{"line":259,"column":46},"end":{"line":275,"column":13}}]},"38":{"type":"branch","line":275,"loc":{"start":{"line":275,"column":4},"end":{"line":281,"column":5}},"locations":[{"start":{"line":275,"column":4},"end":{"line":281,"column":5}}]}},"b":{"0":[18],"1":[3],"2":[1],"3":[2],"4":[1],"5":[1],"6":[0],"7":[2],"8":[1],"9":[0],"10":[5],"11":[4],"12":[2],"13":[2],"14":[1],"15":[0],"16":[3],"17":[1],"18":[0],"19":[0],"20":[2],"21":[0],"22":[2],"23":[1],"24":[0],"25":[1],"26":[1],"27":[0],"28":[3],"29":[2],"30":[1],"31":[2],"32":[1],"33":[1],"34":[0],"35":[2],"36":[1],"37":[1],"38":[0]},"fnMap":{"0":{"name":"AffiliateService","decl":{"start":{"line":18,"column":2},"end":{"line":23,"column":6}},"loc":{"start":{"line":18,"column":2},"end":{"line":23,"column":6}},"line":18},"1":{"name":"createAffiliate","decl":{"start":{"line":25,"column":2},"end":{"line":80,"column":3}},"loc":{"start":{"line":25,"column":2},"end":{"line":80,"column":3}},"line":25},"2":{"name":"getAffiliate","decl":{"start":{"line":82,"column":2},"end":{"line":107,"column":3}},"loc":{"start":{"line":82,"column":2},"end":{"line":107,"column":3}},"line":82},"3":{"name":"getAffiliateByEmail","decl":{"start":{"line":109,"column":2},"end":{"line":133,"column":3}},"loc":{"start":{"line":109,"column":2},"end":{"line":133,"column":3}},"line":109},"4":{"name":"listAffiliates","decl":{"start":{"line":135,"column":2},"end":{"line":203,"column":3}},"loc":{"start":{"line":135,"column":2},"end":{"line":203,"column":3}},"line":135},"5":{"name":"updateAffiliate","decl":{"start":{"line":205,"column":2},"end":{"line":254,"column":3}},"loc":{"start":{"line":205,"column":2},"end":{"line":254,"column":3}},"line":205},"6":{"name":"deleteAffiliate","decl":{"start":{"line":256,"column":2},"end":{"line":282,"column":3}},"loc":{"start":{"line":256,"column":2},"end":{"line":282,"column":3}},"line":256}},"f":{"0":18,"1":3,"2":2,"3":5,"4":3,"5":3,"6":2}}
}
