{"/home/evelasco/smash_orbit/lms/LMS-BE/handlers/qa/orchestrator/app.ts": {"path":"/home/evelasco/smash_orbit/lms/LMS-BE/handlers/qa/orchestrator/app.ts","all":true,"statementMap":{"0":{"start":{"line":1,"column":0},"end":{"line":1,"column":26}},"5":{"start":{"line":6,"column":0},"end":{"line":6,"column":35}},"6":{"start":{"line":7,"column":0},"end":{"line":7,"column":36}},"7":{"start":{"line":8,"column":0},"end":{"line":8,"column":45}},"8":{"start":{"line":9,"column":0},"end":{"line":9,"column":27}},"9":{"start":{"line":10,"column":0},"end":{"line":10,"column":25}},"11":{"start":{"line":12,"column":0},"end":{"line":12,"column":31}},"12":{"start":{"line":13,"column":0},"end":{"line":13,"column":14}},"13":{"start":{"line":14,"column":0},"end":{"line":14,"column":14}},"14":{"start":{"line":15,"column":0},"end":{"line":15,"column":10}},"15":{"start":{"line":16,"column":0},"end":{"line":16,"column":47}},"16":{"start":{"line":17,"column":0},"end":{"line":17,"column":4}},"18":{"start":{"line":19,"column":0},"end":{"line":19,"column":13}},"19":{"start":{"line":20,"column":0},"end":{"line":20,"column":1}}},"s":{"0":0,"5":0,"6":0,"7":0,"8":0,"9":0,"11":0,"12":0,"13":0,"14":0,"15":0,"16":0,"18":0,"19":0},"branchMap":{"0":{"type":"branch","line":1,"loc":{"start":{"line":1,"column":0},"end":{"line":20,"column":-110}},"locations":[{"start":{"line":1,"column":0},"end":{"line":20,"column":-110}}]}},"b":{"0":[0]},"fnMap":{"0":{"name":"(empty-report)","decl":{"start":{"line":1,"column":0},"end":{"line":20,"column":-110}},"loc":{"start":{"line":1,"column":0},"end":{"line":20,"column":-110}},"line":1}},"f":{"0":0}}
,"/home/evelasco/smash_orbit/lms/LMS-BE/handlers/qa/orchestrator/constants/orchestrator.constants.ts": {"path":"/home/evelasco/smash_orbit/lms/LMS-BE/handlers/qa/orchestrator/constants/orchestrator.constants.ts","all":false,"statementMap":{"0":{"start":{"line":1,"column":0},"end":{"line":1,"column":39}},"2":{"start":{"line":3,"column":0},"end":{"line":3,"column":13}},"3":{"start":{"line":4,"column":0},"end":{"line":4,"column":36}},"4":{"start":{"line":5,"column":0},"end":{"line":5,"column":54}},"5":{"start":{"line":6,"column":0},"end":{"line":6,"column":51}},"6":{"start":{"line":7,"column":0},"end":{"line":7,"column":43}},"7":{"start":{"line":8,"column":0},"end":{"line":8,"column":53}},"8":{"start":{"line":9,"column":0},"end":{"line":9,"column":53}},"10":{"start":{"line":11,"column":0},"end":{"line":11,"column":17}},"11":{"start":{"line":12,"column":0},"end":{"line":12,"column":38}},"12":{"start":{"line":13,"column":0},"end":{"line":13,"column":52}},"13":{"start":{"line":14,"column":0},"end":{"line":14,"column":79}},"14":{"start":{"line":15,"column":0},"end":{"line":15,"column":63}},"15":{"start":{"line":16,"column":0},"end":{"line":16,"column":37}},"16":{"start":{"line":17,"column":0},"end":{"line":17,"column":51}},"17":{"start":{"line":18,"column":0},"end":{"line":18,"column":37}},"18":{"start":{"line":19,"column":0},"end":{"line":19,"column":51}},"19":{"start":{"line":20,"column":0},"end":{"line":20,"column":3}},"20":{"start":{"line":21,"column":0},"end":{"line":21,"column":1}}},"s":{"0":1,"2":1,"3":1,"4":0,"5":0,"6":0,"7":0,"8":0,"10":0,"11":0,"12":0,"13":0,"14":0,"15":0,"16":0,"17":0,"18":0,"19":0,"20":0},"branchMap":{"0":{"type":"branch","line":4,"loc":{"start":{"line":4,"column":35},"end":{"line":21,"column":1}},"locations":[{"start":{"line":4,"column":35},"end":{"line":21,"column":1}}]}},"b":{"0":[0]},"fnMap":{"0":{"name":"<instance_members_initializer>","decl":{"start":{"line":4,"column":35},"end":{"line":21,"column":1}},"loc":{"start":{"line":4,"column":35},"end":{"line":21,"column":1}},"line":4}},"f":{"0":0}}
,"/home/evelasco/smash_orbit/lms/LMS-BE/handlers/qa/orchestrator/controllers/orchestrator.controller.ts": {"path":"/home/evelasco/smash_orbit/lms/LMS-BE/handlers/qa/orchestrator/controllers/orchestrator.controller.ts","all":false,"statementMap":{"0":{"start":{"line":1,"column":0},"end":{"line":1,"column":26}},"12":{"start":{"line":13,"column":0},"end":{"line":13,"column":13}},"13":{"start":{"line":14,"column":0},"end":{"line":14,"column":21}},"14":{"start":{"line":15,"column":0},"end":{"line":15,"column":56}},"15":{"start":{"line":16,"column":0},"end":{"line":16,"column":14}},"16":{"start":{"line":17,"column":0},"end":{"line":17,"column":34}},"17":{"start":{"line":18,"column":0},"end":{"line":18,"column":62}},"18":{"start":{"line":19,"column":0},"end":{"line":19,"column":54}},"19":{"start":{"line":20,"column":0},"end":{"line":20,"column":5}},"20":{"start":{"line":21,"column":0},"end":{"line":21,"column":12}},"21":{"start":{"line":22,"column":0},"end":{"line":22,"column":3}},"23":{"start":{"line":24,"column":0},"end":{"line":24,"column":50}},"24":{"start":{"line":25,"column":0},"end":{"line":25,"column":43}},"25":{"start":{"line":26,"column":0},"end":{"line":26,"column":76}},"26":{"start":{"line":27,"column":0},"end":{"line":27,"column":6}},"27":{"start":{"line":28,"column":0},"end":{"line":28,"column":3}},"29":{"start":{"line":30,"column":0},"end":{"line":30,"column":70}},"30":{"start":{"line":31,"column":0},"end":{"line":31,"column":29}},"31":{"start":{"line":32,"column":0},"end":{"line":32,"column":15}},"32":{"start":{"line":33,"column":0},"end":{"line":33,"column":76}},"33":{"start":{"line":34,"column":0},"end":{"line":34,"column":11}},"34":{"start":{"line":35,"column":0},"end":{"line":35,"column":3}},"36":{"start":{"line":37,"column":0},"end":{"line":37,"column":15}},"37":{"start":{"line":38,"column":0},"end":{"line":38,"column":20}},"38":{"start":{"line":39,"column":0},"end":{"line":39,"column":19}},"39":{"start":{"line":40,"column":0},"end":{"line":40,"column":25}},"40":{"start":{"line":41,"column":0},"end":{"line":41,"column":22}},"41":{"start":{"line":42,"column":0},"end":{"line":42,"column":77}},"42":{"start":{"line":43,"column":0},"end":{"line":43,"column":33}},"43":{"start":{"line":44,"column":0},"end":{"line":44,"column":21}},"44":{"start":{"line":45,"column":0},"end":{"line":45,"column":14}},"45":{"start":{"line":46,"column":0},"end":{"line":46,"column":12}},"46":{"start":{"line":47,"column":0},"end":{"line":47,"column":7}},"47":{"start":{"line":48,"column":0},"end":{"line":48,"column":3}},"59":{"start":{"line":60,"column":0},"end":{"line":60,"column":33}},"60":{"start":{"line":61,"column":0},"end":{"line":61,"column":31}},"61":{"start":{"line":62,"column":0},"end":{"line":62,"column":32}},"62":{"start":{"line":63,"column":0},"end":{"line":63,"column":39}},"63":{"start":{"line":64,"column":0},"end":{"line":64,"column":31}},"64":{"start":{"line":65,"column":0},"end":{"line":65,"column":28}},"65":{"start":{"line":66,"column":0},"end":{"line":66,"column":70}},"66":{"start":{"line":67,"column":0},"end":{"line":67,"column":5}},"68":{"start":{"line":69,"column":0},"end":{"line":69,"column":9}},"69":{"start":{"line":70,"column":0},"end":{"line":70,"column":76}},"70":{"start":{"line":71,"column":0},"end":{"line":71,"column":24}},"71":{"start":{"line":72,"column":0},"end":{"line":72,"column":8}},"73":{"start":{"line":74,"column":0},"end":{"line":74,"column":35}},"74":{"start":{"line":75,"column":0},"end":{"line":75,"column":46}},"75":{"start":{"line":76,"column":0},"end":{"line":76,"column":16}},"76":{"start":{"line":77,"column":0},"end":{"line":77,"column":38}},"77":{"start":{"line":78,"column":0},"end":{"line":78,"column":36}},"78":{"start":{"line":79,"column":0},"end":{"line":79,"column":46}},"79":{"start":{"line":80,"column":0},"end":{"line":80,"column":21}},"80":{"start":{"line":81,"column":0},"end":{"line":81,"column":9}},"81":{"start":{"line":82,"column":0},"end":{"line":82,"column":26}},"82":{"start":{"line":83,"column":0},"end":{"line":83,"column":53}},"83":{"start":{"line":84,"column":0},"end":{"line":84,"column":64}},"84":{"start":{"line":85,"column":0},"end":{"line":85,"column":23}},"85":{"start":{"line":86,"column":0},"end":{"line":86,"column":14}},"86":{"start":{"line":87,"column":0},"end":{"line":87,"column":9}},"87":{"start":{"line":88,"column":0},"end":{"line":88,"column":23}},"88":{"start":{"line":89,"column":0},"end":{"line":89,"column":46}},"89":{"start":{"line":90,"column":0},"end":{"line":90,"column":58}},"90":{"start":{"line":91,"column":0},"end":{"line":91,"column":12}},"91":{"start":{"line":92,"column":0},"end":{"line":92,"column":8}},"92":{"start":{"line":93,"column":0},"end":{"line":93,"column":5}},"93":{"start":{"line":94,"column":0},"end":{"line":94,"column":3}},"105":{"start":{"line":106,"column":0},"end":{"line":106,"column":22}},"106":{"start":{"line":107,"column":0},"end":{"line":107,"column":31}},"107":{"start":{"line":108,"column":0},"end":{"line":108,"column":18}},"108":{"start":{"line":109,"column":0},"end":{"line":109,"column":75}},"109":{"start":{"line":110,"column":0},"end":{"line":110,"column":31}},"110":{"start":{"line":111,"column":0},"end":{"line":111,"column":69}},"111":{"start":{"line":112,"column":0},"end":{"line":112,"column":23}},"112":{"start":{"line":113,"column":0},"end":{"line":113,"column":26}},"113":{"start":{"line":114,"column":0},"end":{"line":114,"column":66}},"114":{"start":{"line":115,"column":0},"end":{"line":115,"column":12}},"115":{"start":{"line":116,"column":0},"end":{"line":116,"column":8}},"116":{"start":{"line":117,"column":0},"end":{"line":117,"column":5}},"118":{"start":{"line":119,"column":0},"end":{"line":119,"column":9}},"119":{"start":{"line":120,"column":0},"end":{"line":120,"column":27}},"120":{"start":{"line":121,"column":0},"end":{"line":121,"column":75}},"122":{"start":{"line":123,"column":0},"end":{"line":123,"column":27}},"123":{"start":{"line":124,"column":0},"end":{"line":124,"column":25}},"124":{"start":{"line":125,"column":0},"end":{"line":125,"column":37}},"125":{"start":{"line":126,"column":0},"end":{"line":126,"column":98}},"126":{"start":{"line":127,"column":0},"end":{"line":127,"column":14}},"127":{"start":{"line":128,"column":0},"end":{"line":128,"column":10}},"128":{"start":{"line":129,"column":0},"end":{"line":129,"column":7}},"130":{"start":{"line":131,"column":0},"end":{"line":131,"column":66}},"131":{"start":{"line":132,"column":0},"end":{"line":132,"column":38}},"132":{"start":{"line":133,"column":0},"end":{"line":133,"column":29}},"133":{"start":{"line":134,"column":0},"end":{"line":134,"column":29}},"134":{"start":{"line":135,"column":0},"end":{"line":135,"column":39}},"135":{"start":{"line":136,"column":0},"end":{"line":136,"column":9}},"137":{"start":{"line":138,"column":0},"end":{"line":138,"column":35}},"138":{"start":{"line":139,"column":0},"end":{"line":139,"column":32}},"139":{"start":{"line":140,"column":0},"end":{"line":140,"column":79}},"140":{"start":{"line":141,"column":0},"end":{"line":141,"column":21}},"141":{"start":{"line":142,"column":0},"end":{"line":142,"column":9}},"142":{"start":{"line":143,"column":0},"end":{"line":143,"column":26}},"143":{"start":{"line":144,"column":0},"end":{"line":144,"column":53}},"144":{"start":{"line":145,"column":0},"end":{"line":145,"column":53}},"145":{"start":{"line":146,"column":0},"end":{"line":146,"column":23}},"146":{"start":{"line":147,"column":0},"end":{"line":147,"column":14}},"147":{"start":{"line":148,"column":0},"end":{"line":148,"column":9}},"148":{"start":{"line":149,"column":0},"end":{"line":149,"column":23}},"149":{"start":{"line":150,"column":0},"end":{"line":150,"column":35}},"150":{"start":{"line":151,"column":0},"end":{"line":151,"column":46}},"151":{"start":{"line":152,"column":0},"end":{"line":152,"column":12}},"152":{"start":{"line":153,"column":0},"end":{"line":153,"column":8}},"153":{"start":{"line":154,"column":0},"end":{"line":154,"column":5}},"154":{"start":{"line":155,"column":0},"end":{"line":155,"column":3}},"155":{"start":{"line":156,"column":0},"end":{"line":156,"column":1}}},"s":{"0":1,"12":1,"13":1,"14":1,"15":1,"16":3,"17":3,"18":3,"19":3,"20":3,"21":3,"23":1,"24":1,"25":1,"26":1,"27":1,"29":1,"30":3,"31":3,"32":3,"33":3,"34":3,"36":1,"37":3,"38":3,"39":3,"40":3,"41":3,"42":3,"43":3,"44":3,"45":3,"46":3,"47":3,"59":1,"60":1,"61":1,"62":2,"63":2,"64":2,"65":1,"66":1,"68":1,"69":1,"70":1,"71":1,"73":0,"74":0,"75":0,"76":0,"77":0,"78":0,"79":2,"80":2,"81":2,"82":1,"83":1,"84":1,"85":1,"86":1,"87":1,"88":1,"89":1,"90":1,"91":1,"92":1,"93":2,"105":1,"106":1,"107":1,"108":1,"109":1,"110":1,"111":0,"112":0,"113":0,"114":0,"115":0,"116":0,"118":1,"119":1,"120":1,"122":1,"123":1,"124":1,"125":1,"126":1,"127":1,"128":1,"130":0,"131":0,"132":0,"133":0,"134":0,"135":0,"137":0,"138":0,"139":1,"140":1,"141":1,"142":1,"143":0,"144":0,"145":0,"146":0,"147":0,"148":0,"149":0,"150":0,"151":0,"152":0,"153":0,"154":1,"155":1},"branchMap":{"0":{"type":"branch","line":16,"loc":{"start":{"line":16,"column":2},"end":{"line":22,"column":3}},"locations":[{"start":{"line":16,"column":2},"end":{"line":22,"column":3}}]},"1":{"type":"branch","line":24,"loc":{"start":{"line":24,"column":10},"end":{"line":28,"column":3}},"locations":[{"start":{"line":24,"column":10},"end":{"line":28,"column":3}}]},"2":{"type":"branch","line":30,"loc":{"start":{"line":30,"column":10},"end":{"line":35,"column":3}},"locations":[{"start":{"line":30,"column":10},"end":{"line":35,"column":3}}]},"3":{"type":"branch","line":37,"loc":{"start":{"line":37,"column":10},"end":{"line":48,"column":3}},"locations":[{"start":{"line":37,"column":10},"end":{"line":48,"column":3}}]},"4":{"type":"branch","line":62,"loc":{"start":{"line":62,"column":2},"end":{"line":94,"column":3}},"locations":[{"start":{"line":62,"column":2},"end":{"line":94,"column":3}}]},"5":{"type":"branch","line":65,"loc":{"start":{"line":65,"column":27},"end":{"line":72,"column":8}},"locations":[{"start":{"line":65,"column":27},"end":{"line":72,"column":8}}]},"6":{"type":"branch","line":72,"loc":{"start":{"line":72,"column":6},"end":{"line":78,"column":36}},"locations":[{"start":{"line":72,"column":6},"end":{"line":78,"column":36}}]},"7":{"type":"branch","line":78,"loc":{"start":{"line":78,"column":14},"end":{"line":79,"column":46}},"locations":[{"start":{"line":78,"column":14},"end":{"line":79,"column":46}}]},"8":{"type":"branch","line":82,"loc":{"start":{"line":82,"column":4},"end":{"line":93,"column":5}},"locations":[{"start":{"line":82,"column":4},"end":{"line":93,"column":5}}]},"9":{"type":"branch","line":90,"loc":{"start":{"line":90,"column":15},"end":{"line":90,"column":58}},"locations":[{"start":{"line":90,"column":15},"end":{"line":90,"column":58}}]},"10":{"type":"branch","line":108,"loc":{"start":{"line":108,"column":2},"end":{"line":155,"column":3}},"locations":[{"start":{"line":108,"column":2},"end":{"line":155,"column":3}}]},"11":{"type":"branch","line":111,"loc":{"start":{"line":111,"column":18},"end":{"line":111,"column":46}},"locations":[{"start":{"line":111,"column":18},"end":{"line":111,"column":46}}]},"12":{"type":"branch","line":111,"loc":{"start":{"line":111,"column":37},"end":{"line":111,"column":68}},"locations":[{"start":{"line":111,"column":37},"end":{"line":111,"column":68}}]},"13":{"type":"branch","line":111,"loc":{"start":{"line":111,"column":68},"end":{"line":117,"column":5}},"locations":[{"start":{"line":111,"column":68},"end":{"line":117,"column":5}}]},"14":{"type":"branch","line":129,"loc":{"start":{"line":129,"column":6},"end":{"line":140,"column":59}},"locations":[{"start":{"line":129,"column":6},"end":{"line":140,"column":59}}]},"15":{"type":"branch","line":140,"loc":{"start":{"line":140,"column":34},"end":{"line":140,"column":79}},"locations":[{"start":{"line":140,"column":34},"end":{"line":140,"column":79}}]},"16":{"type":"branch","line":143,"loc":{"start":{"line":143,"column":4},"end":{"line":154,"column":5}},"locations":[{"start":{"line":143,"column":4},"end":{"line":154,"column":5}}]}},"b":{"0":[3],"1":[1],"2":[3],"3":[3],"4":[2],"5":[1],"6":[0],"7":[0],"8":[1],"9":[0],"10":[1],"11":[0],"12":[0],"13":[0],"14":[0],"15":[0],"16":[0]},"fnMap":{"0":{"name":"OrchestratorController","decl":{"start":{"line":16,"column":2},"end":{"line":22,"column":3}},"loc":{"start":{"line":16,"column":2},"end":{"line":22,"column":3}},"line":16},"1":{"name":"getCorrelationId","decl":{"start":{"line":24,"column":10},"end":{"line":28,"column":3}},"loc":{"start":{"line":24,"column":10},"end":{"line":28,"column":3}},"line":24},"2":{"name":"withCorrelation","decl":{"start":{"line":30,"column":10},"end":{"line":35,"column":3}},"loc":{"start":{"line":30,"column":10},"end":{"line":35,"column":3}},"line":30},"3":{"name":"fail","decl":{"start":{"line":37,"column":10},"end":{"line":48,"column":3}},"loc":{"start":{"line":37,"column":10},"end":{"line":48,"column":3}},"line":37},"4":{"name":"validateTrustedFormCert","decl":{"start":{"line":62,"column":2},"end":{"line":94,"column":3}},"loc":{"start":{"line":62,"column":2},"end":{"line":94,"column":3}},"line":62},"5":{"name":"checkIpqs","decl":{"start":{"line":108,"column":2},"end":{"line":155,"column":3}},"loc":{"start":{"line":108,"column":2},"end":{"line":155,"column":3}},"line":108}},"f":{"0":3,"1":1,"2":3,"3":3,"4":2,"5":1}}
,"/home/evelasco/smash_orbit/lms/LMS-BE/handlers/qa/orchestrator/modules/orchestrator.module.ts": {"path":"/home/evelasco/smash_orbit/lms/LMS-BE/handlers/qa/orchestrator/modules/orchestrator.module.ts","all":false,"statementMap":{"0":{"start":{"line":1,"column":0},"end":{"line":1,"column":26}},"9":{"start":{"line":10,"column":0},"end":{"line":10,"column":34}},"11":{"start":{"line":12,"column":0},"end":{"line":12,"column":71}},"12":{"start":{"line":13,"column":0},"end":{"line":13,"column":9}},"13":{"start":{"line":14,"column":0},"end":{"line":14,"column":45}},"14":{"start":{"line":15,"column":0},"end":{"line":15,"column":23}},"15":{"start":{"line":16,"column":0},"end":{"line":16,"column":22}},"16":{"start":{"line":17,"column":0},"end":{"line":17,"column":9}},"17":{"start":{"line":18,"column":0},"end":{"line":18,"column":37}},"18":{"start":{"line":19,"column":0},"end":{"line":19,"column":19}},"19":{"start":{"line":20,"column":0},"end":{"line":20,"column":22}},"20":{"start":{"line":21,"column":0},"end":{"line":21,"column":9}},"21":{"start":{"line":22,"column":0},"end":{"line":22,"column":55}},"22":{"start":{"line":23,"column":0},"end":{"line":23,"column":28}},"23":{"start":{"line":24,"column":0},"end":{"line":24,"column":22}},"24":{"start":{"line":25,"column":0},"end":{"line":25,"column":9}},"25":{"start":{"line":26,"column":0},"end":{"line":26,"column":51}},"26":{"start":{"line":27,"column":0},"end":{"line":27,"column":27}},"27":{"start":{"line":28,"column":0},"end":{"line":28,"column":72}}},"s":{"0":1,"9":1,"11":1,"12":1,"13":1,"14":1,"15":1,"16":1,"17":1,"18":1,"19":1,"20":1,"21":1,"22":1,"23":1,"24":1,"25":1,"26":1,"27":1},"branchMap":{},"b":{},"fnMap":{},"f":{}}
,"/home/evelasco/smash_orbit/lms/LMS-BE/handlers/qa/orchestrator/services/orchestrator.service.ts": {"path":"/home/evelasco/smash_orbit/lms/LMS-BE/handlers/qa/orchestrator/services/orchestrator.service.ts","all":false,"statementMap":{"0":{"start":{"line":1,"column":0},"end":{"line":1,"column":26}},"35":{"start":{"line":36,"column":0},"end":{"line":36,"column":13}},"36":{"start":{"line":37,"column":0},"end":{"line":37,"column":34}},"37":{"start":{"line":38,"column":0},"end":{"line":38,"column":14}},"38":{"start":{"line":39,"column":0},"end":{"line":39,"column":54}},"39":{"start":{"line":40,"column":0},"end":{"line":40,"column":31}},"40":{"start":{"line":41,"column":0},"end":{"line":41,"column":56}},"41":{"start":{"line":42,"column":0},"end":{"line":42,"column":72}},"42":{"start":{"line":43,"column":0},"end":{"line":43,"column":36}},"43":{"start":{"line":44,"column":0},"end":{"line":44,"column":54}},"44":{"start":{"line":45,"column":0},"end":{"line":45,"column":6}},"46":{"start":{"line":47,"column":0},"end":{"line":47,"column":16}},"47":{"start":{"line":48,"column":0},"end":{"line":48,"column":29}},"48":{"start":{"line":49,"column":0},"end":{"line":49,"column":51}},"49":{"start":{"line":50,"column":0},"end":{"line":50,"column":54}},"50":{"start":{"line":51,"column":0},"end":{"line":51,"column":42}},"53":{"start":{"line":54,"column":0},"end":{"line":54,"column":59}},"54":{"start":{"line":55,"column":0},"end":{"line":55,"column":62}},"55":{"start":{"line":56,"column":0},"end":{"line":56,"column":29}},"56":{"start":{"line":57,"column":0},"end":{"line":57,"column":73}},"58":{"start":{"line":59,"column":0},"end":{"line":59,"column":58}},"59":{"start":{"line":60,"column":0},"end":{"line":60,"column":23}},"60":{"start":{"line":61,"column":0},"end":{"line":61,"column":42}},"61":{"start":{"line":62,"column":0},"end":{"line":62,"column":6}},"63":{"start":{"line":64,"column":0},"end":{"line":64,"column":49}},"64":{"start":{"line":65,"column":0},"end":{"line":65,"column":56}},"65":{"start":{"line":66,"column":0},"end":{"line":66,"column":74}},"66":{"start":{"line":67,"column":0},"end":{"line":67,"column":14}},"67":{"start":{"line":68,"column":0},"end":{"line":68,"column":13}},"68":{"start":{"line":69,"column":0},"end":{"line":69,"column":67}},"70":{"start":{"line":71,"column":0},"end":{"line":71,"column":13}},"71":{"start":{"line":72,"column":0},"end":{"line":72,"column":69}},"72":{"start":{"line":73,"column":0},"end":{"line":73,"column":22}},"73":{"start":{"line":74,"column":0},"end":{"line":74,"column":45}},"74":{"start":{"line":75,"column":0},"end":{"line":75,"column":40}},"75":{"start":{"line":76,"column":0},"end":{"line":76,"column":43}},"76":{"start":{"line":77,"column":0},"end":{"line":77,"column":72}},"77":{"start":{"line":78,"column":0},"end":{"line":78,"column":14}},"78":{"start":{"line":79,"column":0},"end":{"line":79,"column":13}},"79":{"start":{"line":80,"column":0},"end":{"line":80,"column":25}},"80":{"start":{"line":81,"column":0},"end":{"line":81,"column":28}},"81":{"start":{"line":82,"column":0},"end":{"line":82,"column":67}},"82":{"start":{"line":83,"column":0},"end":{"line":83,"column":53}},"83":{"start":{"line":84,"column":0},"end":{"line":84,"column":12}},"84":{"start":{"line":85,"column":0},"end":{"line":85,"column":9}},"85":{"start":{"line":86,"column":0},"end":{"line":86,"column":7}},"86":{"start":{"line":87,"column":0},"end":{"line":87,"column":5}},"88":{"start":{"line":89,"column":0},"end":{"line":89,"column":41}},"89":{"start":{"line":90,"column":0},"end":{"line":90,"column":51}},"90":{"start":{"line":91,"column":0},"end":{"line":91,"column":5}},"91":{"start":{"line":92,"column":0},"end":{"line":92,"column":59}},"92":{"start":{"line":93,"column":0},"end":{"line":93,"column":55}},"93":{"start":{"line":94,"column":0},"end":{"line":94,"column":9}},"94":{"start":{"line":95,"column":0},"end":{"line":95,"column":11}},"96":{"start":{"line":97,"column":0},"end":{"line":97,"column":21}},"97":{"start":{"line":98,"column":0},"end":{"line":98,"column":71}},"100":{"start":{"line":101,"column":0},"end":{"line":101,"column":62}},"101":{"start":{"line":102,"column":0},"end":{"line":102,"column":14}},"102":{"start":{"line":103,"column":0},"end":{"line":103,"column":21}},"103":{"start":{"line":104,"column":0},"end":{"line":104,"column":15}},"104":{"start":{"line":105,"column":0},"end":{"line":105,"column":26}},"105":{"start":{"line":106,"column":0},"end":{"line":106,"column":58}},"106":{"start":{"line":107,"column":0},"end":{"line":107,"column":32}},"107":{"start":{"line":108,"column":0},"end":{"line":108,"column":24}},"108":{"start":{"line":109,"column":0},"end":{"line":109,"column":41}},"109":{"start":{"line":110,"column":0},"end":{"line":110,"column":43}},"110":{"start":{"line":111,"column":0},"end":{"line":111,"column":27}},"111":{"start":{"line":112,"column":0},"end":{"line":112,"column":30}},"112":{"start":{"line":113,"column":0},"end":{"line":113,"column":28}},"113":{"start":{"line":114,"column":0},"end":{"line":114,"column":30}},"114":{"start":{"line":115,"column":0},"end":{"line":115,"column":30}},"115":{"start":{"line":116,"column":0},"end":{"line":116,"column":47}},"116":{"start":{"line":117,"column":0},"end":{"line":117,"column":14}},"117":{"start":{"line":118,"column":0},"end":{"line":118,"column":12}},"118":{"start":{"line":119,"column":0},"end":{"line":119,"column":80}},"119":{"start":{"line":120,"column":0},"end":{"line":120,"column":10}},"120":{"start":{"line":121,"column":0},"end":{"line":121,"column":8}},"121":{"start":{"line":122,"column":0},"end":{"line":122,"column":5}},"124":{"start":{"line":125,"column":0},"end":{"line":125,"column":79}},"125":{"start":{"line":126,"column":0},"end":{"line":126,"column":12}},"126":{"start":{"line":127,"column":0},"end":{"line":127,"column":13}},"127":{"start":{"line":128,"column":0},"end":{"line":128,"column":6}},"128":{"start":{"line":129,"column":0},"end":{"line":129,"column":11}},"129":{"start":{"line":130,"column":0},"end":{"line":130,"column":24}},"130":{"start":{"line":131,"column":0},"end":{"line":131,"column":17}},"131":{"start":{"line":132,"column":0},"end":{"line":132,"column":21}},"132":{"start":{"line":133,"column":0},"end":{"line":133,"column":16}},"133":{"start":{"line":134,"column":0},"end":{"line":134,"column":17}},"134":{"start":{"line":135,"column":0},"end":{"line":135,"column":17}},"135":{"start":{"line":136,"column":0},"end":{"line":136,"column":41}},"138":{"start":{"line":139,"column":0},"end":{"line":139,"column":77}},"139":{"start":{"line":140,"column":0},"end":{"line":140,"column":62}},"141":{"start":{"line":142,"column":0},"end":{"line":142,"column":44}},"142":{"start":{"line":143,"column":0},"end":{"line":143,"column":16}},"143":{"start":{"line":144,"column":0},"end":{"line":144,"column":54}},"144":{"start":{"line":145,"column":0},"end":{"line":145,"column":79}},"145":{"start":{"line":146,"column":0},"end":{"line":146,"column":57}},"146":{"start":{"line":147,"column":0},"end":{"line":147,"column":24}},"147":{"start":{"line":148,"column":0},"end":{"line":148,"column":11}},"148":{"start":{"line":149,"column":0},"end":{"line":149,"column":34}},"149":{"start":{"line":150,"column":0},"end":{"line":150,"column":34}},"150":{"start":{"line":151,"column":0},"end":{"line":151,"column":36}},"151":{"start":{"line":152,"column":0},"end":{"line":152,"column":36}},"152":{"start":{"line":153,"column":0},"end":{"line":153,"column":11}},"153":{"start":{"line":154,"column":0},"end":{"line":154,"column":14}},"154":{"start":{"line":155,"column":0},"end":{"line":155,"column":76}},"155":{"start":{"line":156,"column":0},"end":{"line":156,"column":23}},"156":{"start":{"line":157,"column":0},"end":{"line":157,"column":26}},"157":{"start":{"line":158,"column":0},"end":{"line":158,"column":36}},"158":{"start":{"line":159,"column":0},"end":{"line":159,"column":59}},"159":{"start":{"line":160,"column":0},"end":{"line":160,"column":20}},"160":{"start":{"line":161,"column":0},"end":{"line":161,"column":43}},"161":{"start":{"line":162,"column":0},"end":{"line":162,"column":10}},"162":{"start":{"line":163,"column":0},"end":{"line":163,"column":30}},"163":{"start":{"line":164,"column":0},"end":{"line":164,"column":13}},"164":{"start":{"line":165,"column":0},"end":{"line":165,"column":29}},"165":{"start":{"line":166,"column":0},"end":{"line":166,"column":30}},"166":{"start":{"line":167,"column":0},"end":{"line":167,"column":67}},"167":{"start":{"line":168,"column":0},"end":{"line":168,"column":52}},"168":{"start":{"line":169,"column":0},"end":{"line":169,"column":48}},"169":{"start":{"line":170,"column":0},"end":{"line":170,"column":16}},"170":{"start":{"line":171,"column":0},"end":{"line":171,"column":13}},"171":{"start":{"line":172,"column":0},"end":{"line":172,"column":16}},"172":{"start":{"line":173,"column":0},"end":{"line":173,"column":23}},"173":{"start":{"line":174,"column":0},"end":{"line":174,"column":13}},"174":{"start":{"line":175,"column":0},"end":{"line":175,"column":21}},"175":{"start":{"line":176,"column":0},"end":{"line":176,"column":30}},"176":{"start":{"line":177,"column":0},"end":{"line":177,"column":60}},"177":{"start":{"line":178,"column":0},"end":{"line":178,"column":45}},"178":{"start":{"line":179,"column":0},"end":{"line":179,"column":41}},"179":{"start":{"line":180,"column":0},"end":{"line":180,"column":16}},"180":{"start":{"line":181,"column":0},"end":{"line":181,"column":13}},"181":{"start":{"line":182,"column":0},"end":{"line":182,"column":16}},"182":{"start":{"line":183,"column":0},"end":{"line":183,"column":8}},"183":{"start":{"line":184,"column":0},"end":{"line":184,"column":6}},"185":{"start":{"line":186,"column":0},"end":{"line":186,"column":44}},"186":{"start":{"line":187,"column":0},"end":{"line":187,"column":3}},"193":{"start":{"line":194,"column":0},"end":{"line":194,"column":24}},"194":{"start":{"line":195,"column":0},"end":{"line":195,"column":29}},"195":{"start":{"line":196,"column":0},"end":{"line":196,"column":39}},"200":{"start":{"line":201,"column":0},"end":{"line":201,"column":5}},"201":{"start":{"line":202,"column":0},"end":{"line":202,"column":76}},"202":{"start":{"line":203,"column":0},"end":{"line":203,"column":42}},"203":{"start":{"line":204,"column":0},"end":{"line":204,"column":36}},"204":{"start":{"line":205,"column":0},"end":{"line":205,"column":29}},"206":{"start":{"line":207,"column":0},"end":{"line":207,"column":58}},"207":{"start":{"line":208,"column":0},"end":{"line":208,"column":72}},"208":{"start":{"line":209,"column":0},"end":{"line":209,"column":58}},"209":{"start":{"line":210,"column":0},"end":{"line":210,"column":33}},"210":{"start":{"line":211,"column":0},"end":{"line":211,"column":61}},"211":{"start":{"line":212,"column":0},"end":{"line":212,"column":52}},"212":{"start":{"line":213,"column":0},"end":{"line":213,"column":58}},"213":{"start":{"line":214,"column":0},"end":{"line":214,"column":12}},"214":{"start":{"line":215,"column":0},"end":{"line":215,"column":23}},"215":{"start":{"line":216,"column":0},"end":{"line":216,"column":71}},"216":{"start":{"line":217,"column":0},"end":{"line":217,"column":5}},"218":{"start":{"line":219,"column":0},"end":{"line":219,"column":43}},"219":{"start":{"line":220,"column":0},"end":{"line":220,"column":64}},"220":{"start":{"line":221,"column":0},"end":{"line":221,"column":64}},"221":{"start":{"line":222,"column":0},"end":{"line":222,"column":58}},"222":{"start":{"line":223,"column":0},"end":{"line":223,"column":8}},"223":{"start":{"line":224,"column":0},"end":{"line":224,"column":28}},"224":{"start":{"line":225,"column":0},"end":{"line":225,"column":54}},"225":{"start":{"line":226,"column":0},"end":{"line":226,"column":7}},"226":{"start":{"line":227,"column":0},"end":{"line":227,"column":44}},"227":{"start":{"line":228,"column":0},"end":{"line":228,"column":44}},"228":{"start":{"line":229,"column":0},"end":{"line":229,"column":46}},"230":{"start":{"line":231,"column":0},"end":{"line":231,"column":54}},"231":{"start":{"line":232,"column":0},"end":{"line":232,"column":54}},"232":{"start":{"line":233,"column":0},"end":{"line":233,"column":45}},"234":{"start":{"line":235,"column":0},"end":{"line":235,"column":20}},"235":{"start":{"line":236,"column":0},"end":{"line":236,"column":36}},"236":{"start":{"line":237,"column":0},"end":{"line":237,"column":36}},"237":{"start":{"line":238,"column":0},"end":{"line":238,"column":28}},"239":{"start":{"line":240,"column":0},"end":{"line":240,"column":63}},"240":{"start":{"line":241,"column":0},"end":{"line":241,"column":16}},"241":{"start":{"line":242,"column":0},"end":{"line":242,"column":77}},"242":{"start":{"line":243,"column":0},"end":{"line":243,"column":30}},"243":{"start":{"line":244,"column":0},"end":{"line":244,"column":23}},"244":{"start":{"line":245,"column":0},"end":{"line":245,"column":10}},"245":{"start":{"line":246,"column":0},"end":{"line":246,"column":7}},"247":{"start":{"line":248,"column":0},"end":{"line":248,"column":49}},"248":{"start":{"line":249,"column":0},"end":{"line":249,"column":17}},"249":{"start":{"line":250,"column":0},"end":{"line":250,"column":56}},"250":{"start":{"line":251,"column":0},"end":{"line":251,"column":56}},"251":{"start":{"line":252,"column":0},"end":{"line":252,"column":58}},"252":{"start":{"line":253,"column":0},"end":{"line":253,"column":8}},"253":{"start":{"line":254,"column":0},"end":{"line":254,"column":49}},"254":{"start":{"line":255,"column":0},"end":{"line":255,"column":22}},"255":{"start":{"line":256,"column":0},"end":{"line":256,"column":29}},"256":{"start":{"line":257,"column":0},"end":{"line":257,"column":28}},"257":{"start":{"line":258,"column":0},"end":{"line":258,"column":60}},"258":{"start":{"line":259,"column":0},"end":{"line":259,"column":29}},"259":{"start":{"line":260,"column":0},"end":{"line":260,"column":28}},"260":{"start":{"line":261,"column":0},"end":{"line":261,"column":60}},"261":{"start":{"line":262,"column":0},"end":{"line":262,"column":23}},"262":{"start":{"line":263,"column":0},"end":{"line":263,"column":25}},"263":{"start":{"line":264,"column":0},"end":{"line":264,"column":57}},"264":{"start":{"line":265,"column":0},"end":{"line":265,"column":8}},"266":{"start":{"line":267,"column":0},"end":{"line":267,"column":45}},"267":{"start":{"line":268,"column":0},"end":{"line":268,"column":58}},"268":{"start":{"line":269,"column":0},"end":{"line":269,"column":12}},"269":{"start":{"line":270,"column":0},"end":{"line":270,"column":23}},"270":{"start":{"line":271,"column":0},"end":{"line":271,"column":71}},"271":{"start":{"line":272,"column":0},"end":{"line":272,"column":5}},"274":{"start":{"line":275,"column":0},"end":{"line":275,"column":12}},"275":{"start":{"line":276,"column":0},"end":{"line":276,"column":73}},"276":{"start":{"line":277,"column":0},"end":{"line":277,"column":26}},"277":{"start":{"line":278,"column":0},"end":{"line":278,"column":19}},"278":{"start":{"line":279,"column":0},"end":{"line":279,"column":6}},"279":{"start":{"line":280,"column":0},"end":{"line":280,"column":3}},"281":{"start":{"line":282,"column":0},"end":{"line":282,"column":26}},"282":{"start":{"line":283,"column":0},"end":{"line":283,"column":40}},"283":{"start":{"line":284,"column":0},"end":{"line":284,"column":33}},"284":{"start":{"line":285,"column":0},"end":{"line":285,"column":73}},"285":{"start":{"line":286,"column":0},"end":{"line":286,"column":16}},"286":{"start":{"line":287,"column":0},"end":{"line":287,"column":5}},"288":{"start":{"line":289,"column":0},"end":{"line":289,"column":54}},"289":{"start":{"line":290,"column":0},"end":{"line":290,"column":59}},"290":{"start":{"line":291,"column":0},"end":{"line":291,"column":24}},"291":{"start":{"line":292,"column":0},"end":{"line":292,"column":21}},"292":{"start":{"line":293,"column":0},"end":{"line":293,"column":19}},"293":{"start":{"line":294,"column":0},"end":{"line":294,"column":19}},"294":{"start":{"line":295,"column":0},"end":{"line":295,"column":16}},"295":{"start":{"line":296,"column":0},"end":{"line":296,"column":12}},"296":{"start":{"line":297,"column":0},"end":{"line":297,"column":6}},"298":{"start":{"line":299,"column":0},"end":{"line":299,"column":29}},"299":{"start":{"line":300,"column":0},"end":{"line":300,"column":32}},"300":{"start":{"line":301,"column":0},"end":{"line":301,"column":39}},"301":{"start":{"line":302,"column":0},"end":{"line":302,"column":32}},"302":{"start":{"line":303,"column":0},"end":{"line":303,"column":7}},"303":{"start":{"line":304,"column":0},"end":{"line":304,"column":5}},"305":{"start":{"line":306,"column":0},"end":{"line":306,"column":22}},"306":{"start":{"line":307,"column":0},"end":{"line":307,"column":3}},"313":{"start":{"line":314,"column":0},"end":{"line":314,"column":28}},"314":{"start":{"line":315,"column":0},"end":{"line":315,"column":65}},"322":{"start":{"line":323,"column":0},"end":{"line":323,"column":6}},"323":{"start":{"line":324,"column":0},"end":{"line":324,"column":57}},"324":{"start":{"line":325,"column":0},"end":{"line":325,"column":43}},"325":{"start":{"line":326,"column":0},"end":{"line":326,"column":31}},"326":{"start":{"line":327,"column":0},"end":{"line":327,"column":38}},"327":{"start":{"line":328,"column":0},"end":{"line":328,"column":39}},"328":{"start":{"line":329,"column":0},"end":{"line":329,"column":39}},"330":{"start":{"line":331,"column":0},"end":{"line":331,"column":47}},"332":{"start":{"line":333,"column":0},"end":{"line":333,"column":68}},"335":{"start":{"line":336,"column":0},"end":{"line":336,"column":37}},"336":{"start":{"line":337,"column":0},"end":{"line":337,"column":73}},"337":{"start":{"line":338,"column":0},"end":{"line":338,"column":52}},"338":{"start":{"line":339,"column":0},"end":{"line":339,"column":7}},"341":{"start":{"line":342,"column":0},"end":{"line":342,"column":73}},"342":{"start":{"line":343,"column":0},"end":{"line":343,"column":24}},"343":{"start":{"line":344,"column":0},"end":{"line":344,"column":30}},"344":{"start":{"line":345,"column":0},"end":{"line":345,"column":29}},"345":{"start":{"line":346,"column":0},"end":{"line":346,"column":38}},"346":{"start":{"line":347,"column":0},"end":{"line":347,"column":44}},"347":{"start":{"line":348,"column":0},"end":{"line":348,"column":14}},"348":{"start":{"line":349,"column":0},"end":{"line":349,"column":7}},"349":{"start":{"line":350,"column":0},"end":{"line":350,"column":5}},"351":{"start":{"line":352,"column":0},"end":{"line":352,"column":12}},"352":{"start":{"line":353,"column":0},"end":{"line":353,"column":24}},"353":{"start":{"line":354,"column":0},"end":{"line":354,"column":17}},"354":{"start":{"line":355,"column":0},"end":{"line":355,"column":21}},"355":{"start":{"line":356,"column":0},"end":{"line":356,"column":16}},"356":{"start":{"line":357,"column":0},"end":{"line":357,"column":17}},"357":{"start":{"line":358,"column":0},"end":{"line":358,"column":17}},"358":{"start":{"line":359,"column":0},"end":{"line":359,"column":6}},"359":{"start":{"line":360,"column":0},"end":{"line":360,"column":3}},"362":{"start":{"line":363,"column":0},"end":{"line":363,"column":35}},"363":{"start":{"line":364,"column":0},"end":{"line":364,"column":29}},"364":{"start":{"line":365,"column":0},"end":{"line":365,"column":36}},"365":{"start":{"line":366,"column":0},"end":{"line":366,"column":31}},"366":{"start":{"line":367,"column":0},"end":{"line":367,"column":37}},"368":{"start":{"line":369,"column":0},"end":{"line":369,"column":51}},"369":{"start":{"line":370,"column":0},"end":{"line":370,"column":80}},"370":{"start":{"line":371,"column":0},"end":{"line":371,"column":59}},"371":{"start":{"line":372,"column":0},"end":{"line":372,"column":5}},"373":{"start":{"line":374,"column":0},"end":{"line":374,"column":25}},"374":{"start":{"line":375,"column":0},"end":{"line":375,"column":61}},"375":{"start":{"line":376,"column":0},"end":{"line":376,"column":25}},"376":{"start":{"line":377,"column":0},"end":{"line":377,"column":23}},"377":{"start":{"line":378,"column":0},"end":{"line":378,"column":79}},"378":{"start":{"line":379,"column":0},"end":{"line":379,"column":8}},"379":{"start":{"line":380,"column":0},"end":{"line":380,"column":59}},"380":{"start":{"line":381,"column":0},"end":{"line":381,"column":5}},"382":{"start":{"line":383,"column":0},"end":{"line":383,"column":9}},"383":{"start":{"line":384,"column":0},"end":{"line":384,"column":31}},"384":{"start":{"line":385,"column":0},"end":{"line":385,"column":67}},"385":{"start":{"line":386,"column":0},"end":{"line":386,"column":64}},"386":{"start":{"line":387,"column":0},"end":{"line":387,"column":20}},"387":{"start":{"line":388,"column":0},"end":{"line":388,"column":43}},"388":{"start":{"line":389,"column":0},"end":{"line":389,"column":42}},"389":{"start":{"line":390,"column":0},"end":{"line":390,"column":35}},"390":{"start":{"line":391,"column":0},"end":{"line":391,"column":31}},"391":{"start":{"line":392,"column":0},"end":{"line":392,"column":34}},"392":{"start":{"line":393,"column":0},"end":{"line":393,"column":41}},"393":{"start":{"line":394,"column":0},"end":{"line":394,"column":12}},"394":{"start":{"line":395,"column":0},"end":{"line":395,"column":11}},"396":{"start":{"line":397,"column":0},"end":{"line":397,"column":59}},"397":{"start":{"line":398,"column":0},"end":{"line":398,"column":33}},"398":{"start":{"line":399,"column":0},"end":{"line":399,"column":60}},"399":{"start":{"line":400,"column":0},"end":{"line":400,"column":20}},"401":{"start":{"line":402,"column":0},"end":{"line":402,"column":14}},"402":{"start":{"line":403,"column":0},"end":{"line":403,"column":29}},"403":{"start":{"line":404,"column":0},"end":{"line":404,"column":16}},"404":{"start":{"line":405,"column":0},"end":{"line":405,"column":13}},"405":{"start":{"line":406,"column":0},"end":{"line":406,"column":19}},"406":{"start":{"line":407,"column":0},"end":{"line":407,"column":26}},"407":{"start":{"line":408,"column":0},"end":{"line":408,"column":8}},"408":{"start":{"line":409,"column":0},"end":{"line":409,"column":21}},"409":{"start":{"line":410,"column":0},"end":{"line":410,"column":78}},"410":{"start":{"line":411,"column":0},"end":{"line":411,"column":14}},"411":{"start":{"line":412,"column":0},"end":{"line":412,"column":38}},"412":{"start":{"line":413,"column":0},"end":{"line":413,"column":9}},"413":{"start":{"line":414,"column":0},"end":{"line":414,"column":49}},"414":{"start":{"line":415,"column":0},"end":{"line":415,"column":23}},"415":{"start":{"line":416,"column":0},"end":{"line":416,"column":37}},"416":{"start":{"line":417,"column":0},"end":{"line":417,"column":54}},"417":{"start":{"line":418,"column":0},"end":{"line":418,"column":8}},"418":{"start":{"line":419,"column":0},"end":{"line":419,"column":14}},"419":{"start":{"line":420,"column":0},"end":{"line":420,"column":29}},"420":{"start":{"line":421,"column":0},"end":{"line":421,"column":23}},"421":{"start":{"line":422,"column":0},"end":{"line":422,"column":13}},"422":{"start":{"line":423,"column":0},"end":{"line":423,"column":51}},"423":{"start":{"line":424,"column":0},"end":{"line":424,"column":42}},"424":{"start":{"line":425,"column":0},"end":{"line":425,"column":8}},"425":{"start":{"line":426,"column":0},"end":{"line":426,"column":5}},"426":{"start":{"line":427,"column":0},"end":{"line":427,"column":3}},"429":{"start":{"line":430,"column":0},"end":{"line":430,"column":28}},"430":{"start":{"line":431,"column":0},"end":{"line":431,"column":29}},"431":{"start":{"line":432,"column":0},"end":{"line":432,"column":29}},"432":{"start":{"line":433,"column":0},"end":{"line":433,"column":31}},"433":{"start":{"line":434,"column":0},"end":{"line":434,"column":37}},"435":{"start":{"line":436,"column":0},"end":{"line":436,"column":43}},"436":{"start":{"line":437,"column":0},"end":{"line":437,"column":72}},"437":{"start":{"line":438,"column":0},"end":{"line":438,"column":51}},"438":{"start":{"line":439,"column":0},"end":{"line":439,"column":5}},"440":{"start":{"line":441,"column":0},"end":{"line":441,"column":73}},"441":{"start":{"line":442,"column":0},"end":{"line":442,"column":25}},"442":{"start":{"line":443,"column":0},"end":{"line":443,"column":80}},"443":{"start":{"line":444,"column":0},"end":{"line":444,"column":51}},"444":{"start":{"line":445,"column":0},"end":{"line":445,"column":5}},"446":{"start":{"line":447,"column":0},"end":{"line":447,"column":9}},"447":{"start":{"line":448,"column":0},"end":{"line":448,"column":77}},"448":{"start":{"line":449,"column":0},"end":{"line":449,"column":54}},"449":{"start":{"line":450,"column":0},"end":{"line":450,"column":18}},"450":{"start":{"line":451,"column":0},"end":{"line":451,"column":41}},"451":{"start":{"line":452,"column":0},"end":{"line":452,"column":40}},"452":{"start":{"line":453,"column":0},"end":{"line":453,"column":29}},"453":{"start":{"line":454,"column":0},"end":{"line":454,"column":29}},"454":{"start":{"line":455,"column":0},"end":{"line":455,"column":39}},"455":{"start":{"line":456,"column":0},"end":{"line":456,"column":19}},"456":{"start":{"line":457,"column":0},"end":{"line":457,"column":32}},"457":{"start":{"line":458,"column":0},"end":{"line":458,"column":32}},"458":{"start":{"line":459,"column":0},"end":{"line":459,"column":26}},"459":{"start":{"line":460,"column":0},"end":{"line":460,"column":12}},"460":{"start":{"line":461,"column":0},"end":{"line":461,"column":10}},"461":{"start":{"line":462,"column":0},"end":{"line":462,"column":9}},"463":{"start":{"line":464,"column":0},"end":{"line":464,"column":52}},"464":{"start":{"line":465,"column":0},"end":{"line":465,"column":41}},"465":{"start":{"line":466,"column":0},"end":{"line":466,"column":21}},"466":{"start":{"line":467,"column":0},"end":{"line":467,"column":42}},"467":{"start":{"line":468,"column":0},"end":{"line":468,"column":49}},"468":{"start":{"line":469,"column":0},"end":{"line":469,"column":50}},"469":{"start":{"line":470,"column":0},"end":{"line":470,"column":49}},"470":{"start":{"line":471,"column":0},"end":{"line":471,"column":50}},"471":{"start":{"line":472,"column":0},"end":{"line":472,"column":46}},"472":{"start":{"line":473,"column":0},"end":{"line":473,"column":47}},"473":{"start":{"line":474,"column":0},"end":{"line":474,"column":61}},"474":{"start":{"line":475,"column":0},"end":{"line":475,"column":7}},"476":{"start":{"line":477,"column":0},"end":{"line":477,"column":69}},"477":{"start":{"line":478,"column":0},"end":{"line":478,"column":21}},"478":{"start":{"line":479,"column":0},"end":{"line":479,"column":70}},"479":{"start":{"line":480,"column":0},"end":{"line":480,"column":14}},"480":{"start":{"line":481,"column":0},"end":{"line":481,"column":38}},"481":{"start":{"line":482,"column":0},"end":{"line":482,"column":9}},"482":{"start":{"line":483,"column":0},"end":{"line":483,"column":42}},"483":{"start":{"line":484,"column":0},"end":{"line":484,"column":23}},"484":{"start":{"line":485,"column":0},"end":{"line":485,"column":47}},"485":{"start":{"line":486,"column":0},"end":{"line":486,"column":8}},"486":{"start":{"line":487,"column":0},"end":{"line":487,"column":14}},"487":{"start":{"line":488,"column":0},"end":{"line":488,"column":21}},"488":{"start":{"line":489,"column":0},"end":{"line":489,"column":23}},"489":{"start":{"line":490,"column":0},"end":{"line":490,"column":13}},"490":{"start":{"line":491,"column":0},"end":{"line":491,"column":50}},"491":{"start":{"line":492,"column":0},"end":{"line":492,"column":35}},"492":{"start":{"line":493,"column":0},"end":{"line":493,"column":8}},"493":{"start":{"line":494,"column":0},"end":{"line":494,"column":5}},"494":{"start":{"line":495,"column":0},"end":{"line":495,"column":3}},"500":{"start":{"line":501,"column":0},"end":{"line":501,"column":73}},"501":{"start":{"line":502,"column":0},"end":{"line":502,"column":53}},"502":{"start":{"line":503,"column":0},"end":{"line":503,"column":73}},"503":{"start":{"line":504,"column":0},"end":{"line":504,"column":64}},"504":{"start":{"line":505,"column":0},"end":{"line":505,"column":52}},"505":{"start":{"line":506,"column":0},"end":{"line":506,"column":42}},"506":{"start":{"line":507,"column":0},"end":{"line":507,"column":3}},"513":{"start":{"line":514,"column":0},"end":{"line":514,"column":79}},"514":{"start":{"line":515,"column":0},"end":{"line":515,"column":64}},"516":{"start":{"line":517,"column":0},"end":{"line":517,"column":9}},"517":{"start":{"line":518,"column":0},"end":{"line":518,"column":66}},"521":{"start":{"line":522,"column":0},"end":{"line":522,"column":62}},"523":{"start":{"line":524,"column":0},"end":{"line":524,"column":9}},"524":{"start":{"line":525,"column":0},"end":{"line":525,"column":29}},"525":{"start":{"line":526,"column":0},"end":{"line":526,"column":54}},"526":{"start":{"line":527,"column":0},"end":{"line":527,"column":64}},"527":{"start":{"line":528,"column":0},"end":{"line":528,"column":25}},"528":{"start":{"line":529,"column":0},"end":{"line":529,"column":83}},"529":{"start":{"line":530,"column":0},"end":{"line":530,"column":69}},"530":{"start":{"line":531,"column":0},"end":{"line":531,"column":36}},"531":{"start":{"line":532,"column":0},"end":{"line":532,"column":36}},"532":{"start":{"line":533,"column":0},"end":{"line":533,"column":32}},"533":{"start":{"line":534,"column":0},"end":{"line":534,"column":21}},"534":{"start":{"line":535,"column":0},"end":{"line":535,"column":22}},"535":{"start":{"line":536,"column":0},"end":{"line":536,"column":10}},"536":{"start":{"line":537,"column":0},"end":{"line":537,"column":17}},"537":{"start":{"line":538,"column":0},"end":{"line":538,"column":9}},"539":{"start":{"line":540,"column":0},"end":{"line":540,"column":53}},"540":{"start":{"line":541,"column":0},"end":{"line":541,"column":19}},"541":{"start":{"line":542,"column":0},"end":{"line":542,"column":77}},"542":{"start":{"line":543,"column":0},"end":{"line":543,"column":24}},"543":{"start":{"line":544,"column":0},"end":{"line":544,"column":31}},"544":{"start":{"line":545,"column":0},"end":{"line":545,"column":34}},"545":{"start":{"line":546,"column":0},"end":{"line":546,"column":7}},"549":{"start":{"line":550,"column":0},"end":{"line":550,"column":62}},"552":{"start":{"line":553,"column":0},"end":{"line":553,"column":10}},"553":{"start":{"line":554,"column":0},"end":{"line":554,"column":29}},"554":{"start":{"line":555,"column":0},"end":{"line":555,"column":54}},"555":{"start":{"line":556,"column":0},"end":{"line":556,"column":64}},"556":{"start":{"line":557,"column":0},"end":{"line":557,"column":25}},"557":{"start":{"line":558,"column":0},"end":{"line":558,"column":83}},"558":{"start":{"line":559,"column":0},"end":{"line":559,"column":69}},"559":{"start":{"line":560,"column":0},"end":{"line":560,"column":36}},"560":{"start":{"line":561,"column":0},"end":{"line":561,"column":39}},"561":{"start":{"line":562,"column":0},"end":{"line":562,"column":32}},"562":{"start":{"line":563,"column":0},"end":{"line":563,"column":21}},"563":{"start":{"line":564,"column":0},"end":{"line":564,"column":22}},"564":{"start":{"line":565,"column":0},"end":{"line":565,"column":10}},"565":{"start":{"line":566,"column":0},"end":{"line":566,"column":17}},"566":{"start":{"line":567,"column":0},"end":{"line":567,"column":9}},"568":{"start":{"line":569,"column":0},"end":{"line":569,"column":69}},"569":{"start":{"line":570,"column":0},"end":{"line":570,"column":22}},"570":{"start":{"line":571,"column":0},"end":{"line":571,"column":25}},"571":{"start":{"line":572,"column":0},"end":{"line":572,"column":70}},"572":{"start":{"line":573,"column":0},"end":{"line":573,"column":10}},"573":{"start":{"line":574,"column":0},"end":{"line":574,"column":20}},"574":{"start":{"line":575,"column":0},"end":{"line":575,"column":7}},"576":{"start":{"line":577,"column":0},"end":{"line":577,"column":28}},"577":{"start":{"line":578,"column":0},"end":{"line":578,"column":63}},"578":{"start":{"line":579,"column":0},"end":{"line":579,"column":31}},"579":{"start":{"line":580,"column":0},"end":{"line":580,"column":52}},"580":{"start":{"line":581,"column":0},"end":{"line":581,"column":59}},"581":{"start":{"line":582,"column":0},"end":{"line":582,"column":27}},"582":{"start":{"line":583,"column":0},"end":{"line":583,"column":100}},"583":{"start":{"line":584,"column":0},"end":{"line":584,"column":37}},"584":{"start":{"line":585,"column":0},"end":{"line":585,"column":25}},"585":{"start":{"line":586,"column":0},"end":{"line":586,"column":12}},"586":{"start":{"line":587,"column":0},"end":{"line":587,"column":38}},"587":{"start":{"line":588,"column":0},"end":{"line":588,"column":35}},"588":{"start":{"line":589,"column":0},"end":{"line":589,"column":38}},"589":{"start":{"line":590,"column":0},"end":{"line":590,"column":23}},"590":{"start":{"line":591,"column":0},"end":{"line":591,"column":24}},"591":{"start":{"line":592,"column":0},"end":{"line":592,"column":12}},"592":{"start":{"line":593,"column":0},"end":{"line":593,"column":19}},"593":{"start":{"line":594,"column":0},"end":{"line":594,"column":11}},"595":{"start":{"line":596,"column":0},"end":{"line":596,"column":53}},"596":{"start":{"line":597,"column":0},"end":{"line":597,"column":19}},"597":{"start":{"line":598,"column":0},"end":{"line":598,"column":77}},"598":{"start":{"line":599,"column":0},"end":{"line":599,"column":24}},"600":{"start":{"line":601,"column":0},"end":{"line":601,"column":32}},"601":{"start":{"line":602,"column":0},"end":{"line":602,"column":25}},"602":{"start":{"line":603,"column":0},"end":{"line":603,"column":70}},"603":{"start":{"line":604,"column":0},"end":{"line":604,"column":10}},"604":{"start":{"line":605,"column":0},"end":{"line":605,"column":20}},"605":{"start":{"line":606,"column":0},"end":{"line":606,"column":7}},"607":{"start":{"line":608,"column":0},"end":{"line":608,"column":32}},"608":{"start":{"line":609,"column":0},"end":{"line":609,"column":21}},"609":{"start":{"line":610,"column":0},"end":{"line":610,"column":69}},"610":{"start":{"line":611,"column":0},"end":{"line":611,"column":14}},"611":{"start":{"line":612,"column":0},"end":{"line":612,"column":17}},"612":{"start":{"line":613,"column":0},"end":{"line":613,"column":9}},"613":{"start":{"line":614,"column":0},"end":{"line":614,"column":18}},"614":{"start":{"line":615,"column":0},"end":{"line":615,"column":5}},"615":{"start":{"line":616,"column":0},"end":{"line":616,"column":3}},"625":{"start":{"line":626,"column":0},"end":{"line":626,"column":32}},"626":{"start":{"line":627,"column":0},"end":{"line":627,"column":19}},"627":{"start":{"line":628,"column":0},"end":{"line":628,"column":43}},"629":{"start":{"line":630,"column":0},"end":{"line":630,"column":53}},"631":{"start":{"line":632,"column":0},"end":{"line":632,"column":33}},"632":{"start":{"line":633,"column":0},"end":{"line":633,"column":61}},"633":{"start":{"line":634,"column":0},"end":{"line":634,"column":33}},"634":{"start":{"line":635,"column":0},"end":{"line":635,"column":14}},"635":{"start":{"line":636,"column":0},"end":{"line":636,"column":25}},"636":{"start":{"line":637,"column":0},"end":{"line":637,"column":15}},"637":{"start":{"line":638,"column":0},"end":{"line":638,"column":105}},"638":{"start":{"line":639,"column":0},"end":{"line":639,"column":8}},"639":{"start":{"line":640,"column":0},"end":{"line":640,"column":5}},"641":{"start":{"line":642,"column":0},"end":{"line":642,"column":74}},"642":{"start":{"line":643,"column":0},"end":{"line":643,"column":16}},"643":{"start":{"line":644,"column":0},"end":{"line":644,"column":14}},"644":{"start":{"line":645,"column":0},"end":{"line":645,"column":25}},"645":{"start":{"line":646,"column":0},"end":{"line":646,"column":79}},"646":{"start":{"line":647,"column":0},"end":{"line":647,"column":8}},"647":{"start":{"line":648,"column":0},"end":{"line":648,"column":5}},"649":{"start":{"line":650,"column":0},"end":{"line":650,"column":33}},"650":{"start":{"line":651,"column":0},"end":{"line":651,"column":14}},"651":{"start":{"line":652,"column":0},"end":{"line":652,"column":25}},"652":{"start":{"line":653,"column":0},"end":{"line":653,"column":53}},"653":{"start":{"line":654,"column":0},"end":{"line":654,"column":8}},"654":{"start":{"line":655,"column":0},"end":{"line":655,"column":5}},"656":{"start":{"line":657,"column":0},"end":{"line":657,"column":50}},"657":{"start":{"line":658,"column":0},"end":{"line":658,"column":50}},"658":{"start":{"line":659,"column":0},"end":{"line":659,"column":33}},"659":{"start":{"line":660,"column":0},"end":{"line":660,"column":14}},"660":{"start":{"line":661,"column":0},"end":{"line":661,"column":25}},"661":{"start":{"line":662,"column":0},"end":{"line":662,"column":70}},"662":{"start":{"line":663,"column":0},"end":{"line":663,"column":8}},"663":{"start":{"line":664,"column":0},"end":{"line":664,"column":5}},"665":{"start":{"line":666,"column":0},"end":{"line":666,"column":52}},"666":{"start":{"line":667,"column":0},"end":{"line":667,"column":66}},"667":{"start":{"line":668,"column":0},"end":{"line":668,"column":44}},"668":{"start":{"line":669,"column":0},"end":{"line":669,"column":7}},"670":{"start":{"line":671,"column":0},"end":{"line":671,"column":9}},"671":{"start":{"line":672,"column":0},"end":{"line":672,"column":41}},"672":{"start":{"line":673,"column":0},"end":{"line":673,"column":31}},"673":{"start":{"line":674,"column":0},"end":{"line":674,"column":35}},"674":{"start":{"line":675,"column":0},"end":{"line":675,"column":17}},"675":{"start":{"line":676,"column":0},"end":{"line":676,"column":17}},"676":{"start":{"line":677,"column":0},"end":{"line":677,"column":8}},"677":{"start":{"line":678,"column":0},"end":{"line":678,"column":51}},"678":{"start":{"line":679,"column":0},"end":{"line":679,"column":26}},"679":{"start":{"line":680,"column":0},"end":{"line":680,"column":76}},"680":{"start":{"line":681,"column":0},"end":{"line":681,"column":14}},"681":{"start":{"line":682,"column":0},"end":{"line":682,"column":25}},"682":{"start":{"line":683,"column":0},"end":{"line":683,"column":67}},"683":{"start":{"line":684,"column":0},"end":{"line":684,"column":8}},"684":{"start":{"line":685,"column":0},"end":{"line":685,"column":5}},"685":{"start":{"line":686,"column":0},"end":{"line":686,"column":3}},"691":{"start":{"line":692,"column":0},"end":{"line":692,"column":30}},"696":{"start":{"line":697,"column":0},"end":{"line":697,"column":27}},"697":{"start":{"line":698,"column":0},"end":{"line":698,"column":43}},"698":{"start":{"line":699,"column":0},"end":{"line":699,"column":77}},"699":{"start":{"line":700,"column":0},"end":{"line":700,"column":5}},"700":{"start":{"line":701,"column":0},"end":{"line":701,"column":9}},"701":{"start":{"line":702,"column":0},"end":{"line":702,"column":65}},"702":{"start":{"line":703,"column":0},"end":{"line":703,"column":54}},"703":{"start":{"line":704,"column":0},"end":{"line":704,"column":18}},"704":{"start":{"line":705,"column":0},"end":{"line":705,"column":48}},"705":{"start":{"line":706,"column":0},"end":{"line":706,"column":30}},"706":{"start":{"line":707,"column":0},"end":{"line":707,"column":30}},"707":{"start":{"line":708,"column":0},"end":{"line":708,"column":40}},"709":{"start":{"line":710,"column":0},"end":{"line":710,"column":19}},"710":{"start":{"line":711,"column":0},"end":{"line":711,"column":64}},"711":{"start":{"line":712,"column":0},"end":{"line":712,"column":64}},"712":{"start":{"line":713,"column":0},"end":{"line":713,"column":66}},"713":{"start":{"line":714,"column":0},"end":{"line":714,"column":12}},"714":{"start":{"line":715,"column":0},"end":{"line":715,"column":10}},"715":{"start":{"line":716,"column":0},"end":{"line":716,"column":9}},"716":{"start":{"line":717,"column":0},"end":{"line":717,"column":26}},"717":{"start":{"line":718,"column":0},"end":{"line":718,"column":63}},"718":{"start":{"line":719,"column":0},"end":{"line":719,"column":78}},"719":{"start":{"line":720,"column":0},"end":{"line":720,"column":5}},"720":{"start":{"line":721,"column":0},"end":{"line":721,"column":3}},"723":{"start":{"line":724,"column":0},"end":{"line":724,"column":50}},"724":{"start":{"line":725,"column":0},"end":{"line":725,"column":30}},"725":{"start":{"line":726,"column":0},"end":{"line":726,"column":74}},"726":{"start":{"line":727,"column":0},"end":{"line":727,"column":6}},"727":{"start":{"line":728,"column":0},"end":{"line":728,"column":43}},"728":{"start":{"line":729,"column":0},"end":{"line":729,"column":3}},"733":{"start":{"line":734,"column":0},"end":{"line":734,"column":19}},"734":{"start":{"line":735,"column":0},"end":{"line":735,"column":17}},"735":{"start":{"line":736,"column":0},"end":{"line":736,"column":17}},"736":{"start":{"line":737,"column":0},"end":{"line":737,"column":21}},"737":{"start":{"line":738,"column":0},"end":{"line":738,"column":21}},"738":{"start":{"line":739,"column":0},"end":{"line":739,"column":39}},"739":{"start":{"line":740,"column":0},"end":{"line":740,"column":45}},"740":{"start":{"line":741,"column":0},"end":{"line":741,"column":77}},"741":{"start":{"line":742,"column":0},"end":{"line":742,"column":45}},"742":{"start":{"line":743,"column":0},"end":{"line":743,"column":23}},"743":{"start":{"line":744,"column":0},"end":{"line":744,"column":13}},"744":{"start":{"line":745,"column":0},"end":{"line":745,"column":22}},"745":{"start":{"line":746,"column":0},"end":{"line":746,"column":18}},"746":{"start":{"line":747,"column":0},"end":{"line":747,"column":41}},"747":{"start":{"line":748,"column":0},"end":{"line":748,"column":37}},"748":{"start":{"line":749,"column":0},"end":{"line":749,"column":45}},"749":{"start":{"line":750,"column":0},"end":{"line":750,"column":10}},"750":{"start":{"line":751,"column":0},"end":{"line":751,"column":8}},"752":{"start":{"line":753,"column":0},"end":{"line":753,"column":51}},"753":{"start":{"line":754,"column":0},"end":{"line":754,"column":36}},"754":{"start":{"line":755,"column":0},"end":{"line":755,"column":62}},"755":{"start":{"line":756,"column":0},"end":{"line":756,"column":29}},"756":{"start":{"line":757,"column":0},"end":{"line":757,"column":15}},"757":{"start":{"line":758,"column":0},"end":{"line":758,"column":63}},"758":{"start":{"line":759,"column":0},"end":{"line":759,"column":54}},"759":{"start":{"line":760,"column":0},"end":{"line":760,"column":28}},"760":{"start":{"line":761,"column":0},"end":{"line":761,"column":30}},"761":{"start":{"line":762,"column":0},"end":{"line":762,"column":29}},"762":{"start":{"line":763,"column":0},"end":{"line":763,"column":11}},"763":{"start":{"line":764,"column":0},"end":{"line":764,"column":11}},"764":{"start":{"line":765,"column":0},"end":{"line":765,"column":9}},"766":{"start":{"line":767,"column":0},"end":{"line":767,"column":30}},"767":{"start":{"line":768,"column":0},"end":{"line":768,"column":16}},"768":{"start":{"line":769,"column":0},"end":{"line":769,"column":7}},"769":{"start":{"line":770,"column":0},"end":{"line":770,"column":3}},"774":{"start":{"line":775,"column":0},"end":{"line":775,"column":31}},"775":{"start":{"line":776,"column":0},"end":{"line":776,"column":26}},"776":{"start":{"line":777,"column":0},"end":{"line":777,"column":45}},"777":{"start":{"line":778,"column":0},"end":{"line":778,"column":64}},"778":{"start":{"line":779,"column":0},"end":{"line":779,"column":9}},"779":{"start":{"line":780,"column":0},"end":{"line":780,"column":74}},"780":{"start":{"line":781,"column":0},"end":{"line":781,"column":61}},"781":{"start":{"line":782,"column":0},"end":{"line":782,"column":35}},"782":{"start":{"line":783,"column":0},"end":{"line":783,"column":9}},"783":{"start":{"line":784,"column":0},"end":{"line":784,"column":63}},"786":{"start":{"line":787,"column":0},"end":{"line":787,"column":52}},"787":{"start":{"line":788,"column":0},"end":{"line":788,"column":54}},"788":{"start":{"line":789,"column":0},"end":{"line":789,"column":28}},"789":{"start":{"line":790,"column":0},"end":{"line":790,"column":33}},"790":{"start":{"line":791,"column":0},"end":{"line":791,"column":32}},"791":{"start":{"line":792,"column":0},"end":{"line":792,"column":8}},"792":{"start":{"line":793,"column":0},"end":{"line":793,"column":71}},"793":{"start":{"line":794,"column":0},"end":{"line":794,"column":78}},"794":{"start":{"line":795,"column":0},"end":{"line":795,"column":15}},"795":{"start":{"line":796,"column":0},"end":{"line":796,"column":41}},"796":{"start":{"line":797,"column":0},"end":{"line":797,"column":33}},"797":{"start":{"line":798,"column":0},"end":{"line":798,"column":56}},"798":{"start":{"line":799,"column":0},"end":{"line":799,"column":14}},"799":{"start":{"line":800,"column":0},"end":{"line":800,"column":19}},"801":{"start":{"line":802,"column":0},"end":{"line":802,"column":11}},"802":{"start":{"line":803,"column":0},"end":{"line":803,"column":9}},"803":{"start":{"line":804,"column":0},"end":{"line":804,"column":7}},"805":{"start":{"line":806,"column":0},"end":{"line":806,"column":40}},"806":{"start":{"line":807,"column":0},"end":{"line":807,"column":21}},"807":{"start":{"line":808,"column":0},"end":{"line":808,"column":78}},"808":{"start":{"line":809,"column":0},"end":{"line":809,"column":18}},"809":{"start":{"line":810,"column":0},"end":{"line":810,"column":5}},"810":{"start":{"line":811,"column":0},"end":{"line":811,"column":3}},"811":{"start":{"line":812,"column":0},"end":{"line":812,"column":1}}},"s":{"0":1,"35":1,"36":1,"37":1,"38":32,"39":32,"40":32,"41":32,"42":32,"43":32,"44":32,"46":1,"47":26,"48":26,"49":26,"50":26,"53":26,"54":26,"55":26,"56":26,"58":26,"59":26,"60":26,"61":26,"63":26,"64":5,"65":0,"66":5,"67":5,"68":5,"70":5,"71":5,"72":5,"73":5,"74":5,"75":5,"76":5,"77":5,"78":5,"79":5,"80":0,"81":0,"82":0,"83":0,"84":0,"85":5,"86":5,"88":26,"89":26,"90":26,"91":26,"92":26,"93":26,"94":0,"96":26,"97":26,"100":26,"101":1,"102":1,"103":1,"104":1,"105":1,"106":1,"107":1,"108":1,"109":1,"110":1,"111":1,"112":1,"113":1,"114":1,"115":1,"116":1,"117":1,"118":1,"119":1,"120":1,"121":1,"124":25,"125":25,"126":25,"127":25,"128":25,"129":25,"130":25,"131":25,"132":25,"133":25,"134":25,"135":25,"138":26,"139":26,"141":26,"142":26,"143":26,"144":26,"145":26,"146":26,"147":8,"148":8,"149":8,"150":8,"151":8,"152":8,"153":17,"154":26,"155":26,"156":26,"157":26,"158":26,"159":26,"160":26,"161":26,"162":26,"163":16,"164":16,"165":16,"166":16,"167":16,"168":16,"169":16,"170":16,"171":9,"172":26,"173":11,"174":11,"175":11,"176":11,"177":11,"178":11,"179":11,"180":11,"181":14,"182":26,"183":26,"185":26,"186":26,"193":1,"194":25,"195":25,"200":25,"201":25,"202":25,"203":25,"204":25,"206":25,"207":25,"208":25,"209":0,"210":25,"211":15,"212":15,"213":15,"214":15,"215":15,"216":15,"218":25,"219":25,"220":25,"221":25,"222":25,"223":25,"224":11,"225":25,"226":10,"227":10,"228":10,"230":10,"231":10,"232":10,"234":10,"235":10,"236":10,"237":10,"239":10,"240":0,"241":0,"242":0,"243":0,"244":0,"245":0,"247":10,"248":10,"249":10,"250":10,"251":10,"252":10,"253":10,"254":10,"255":10,"256":9,"257":1,"258":10,"259":2,"260":8,"261":10,"262":1,"263":9,"264":10,"266":10,"267":10,"268":10,"269":10,"270":10,"271":10,"274":25,"275":25,"276":25,"277":25,"278":25,"279":25,"281":1,"282":26,"283":26,"284":26,"285":26,"286":26,"288":0,"289":0,"290":0,"291":0,"292":0,"293":0,"294":0,"295":0,"296":0,"298":0,"299":0,"300":0,"301":0,"302":0,"303":0,"305":0,"306":26,"313":1,"314":25,"322":25,"323":25,"324":25,"325":25,"326":25,"327":25,"328":25,"330":25,"332":22,"335":22,"336":23,"337":23,"338":23,"341":22,"342":22,"343":8,"344":8,"345":8,"346":8,"347":8,"348":8,"349":22,"351":25,"352":25,"353":25,"354":25,"355":25,"356":25,"357":25,"358":25,"359":25,"362":1,"363":14,"364":14,"365":14,"366":14,"368":14,"369":0,"370":0,"371":0,"373":14,"374":14,"375":14,"376":1,"377":1,"378":1,"379":1,"380":1,"382":13,"383":13,"384":13,"385":13,"386":13,"387":13,"388":13,"389":13,"390":13,"391":13,"392":14,"393":14,"394":14,"396":14,"397":14,"398":7,"399":6,"401":14,"402":14,"403":14,"404":14,"405":14,"406":14,"407":14,"408":14,"409":0,"410":0,"411":0,"412":0,"413":0,"414":0,"415":0,"416":0,"417":0,"418":0,"419":0,"420":0,"421":0,"422":0,"423":0,"424":0,"425":0,"426":14,"429":1,"430":9,"431":9,"432":9,"433":9,"435":9,"436":0,"437":0,"438":0,"440":9,"441":9,"442":1,"443":1,"444":1,"446":8,"447":8,"448":8,"449":8,"450":8,"451":8,"452":8,"453":8,"454":8,"455":8,"456":8,"457":8,"458":8,"459":8,"460":8,"461":8,"463":9,"464":9,"465":9,"466":4,"467":4,"468":4,"469":4,"470":4,"471":4,"472":4,"473":4,"474":4,"476":8,"477":9,"478":0,"479":0,"480":0,"481":0,"482":0,"483":0,"484":0,"485":0,"486":0,"487":0,"488":0,"489":0,"490":0,"491":0,"492":0,"493":0,"494":9,"500":1,"501":7,"502":7,"503":6,"504":7,"505":5,"506":7,"513":1,"514":23,"516":23,"517":23,"521":23,"523":23,"524":23,"525":23,"526":23,"527":23,"528":23,"529":23,"530":23,"531":23,"532":23,"533":23,"534":23,"535":23,"536":23,"537":23,"539":23,"540":23,"541":21,"542":23,"543":23,"544":0,"545":0,"549":23,"552":23,"553":23,"554":23,"555":23,"556":23,"557":23,"558":23,"559":23,"560":23,"561":23,"562":23,"563":23,"564":23,"565":23,"566":23,"568":23,"569":23,"570":2,"571":2,"572":2,"573":2,"574":2,"576":21,"577":21,"578":21,"579":21,"580":21,"581":21,"582":21,"583":21,"584":21,"585":21,"586":21,"587":21,"588":21,"589":21,"590":21,"591":21,"592":21,"593":21,"595":21,"596":21,"597":21,"598":21,"600":23,"601":0,"602":0,"603":0,"604":0,"605":0,"607":21,"608":23,"609":0,"610":0,"611":0,"612":0,"613":0,"614":0,"615":23,"625":1,"626":0,"627":0,"629":0,"631":0,"632":0,"633":0,"634":0,"635":0,"636":0,"637":0,"638":0,"639":0,"641":0,"642":0,"643":0,"644":0,"645":0,"646":0,"647":0,"649":0,"650":0,"651":0,"652":0,"653":0,"654":0,"656":0,"657":0,"658":0,"659":0,"660":0,"661":0,"662":0,"663":0,"665":0,"666":0,"667":0,"668":0,"670":0,"671":0,"672":0,"673":0,"674":0,"675":0,"676":0,"677":0,"678":0,"679":0,"680":0,"681":0,"682":0,"683":0,"684":0,"685":0,"691":1,"696":0,"697":0,"698":0,"699":0,"700":0,"701":0,"702":0,"703":0,"704":0,"705":0,"706":0,"707":0,"709":0,"710":0,"711":0,"712":0,"713":0,"714":0,"715":0,"716":0,"717":0,"718":0,"719":0,"720":0,"723":1,"724":0,"725":0,"726":0,"727":0,"728":0,"733":1,"734":0,"735":0,"736":0,"737":0,"738":0,"739":0,"740":0,"741":0,"742":0,"743":0,"744":0,"745":0,"746":0,"747":0,"748":0,"749":0,"750":0,"752":0,"753":0,"754":0,"755":0,"756":0,"757":0,"758":0,"759":0,"760":0,"761":0,"762":0,"763":0,"764":0,"766":0,"767":0,"768":0,"769":0,"774":1,"775":0,"776":0,"777":0,"778":0,"779":0,"780":0,"781":0,"782":0,"783":0,"786":0,"787":0,"788":0,"789":0,"790":0,"791":0,"792":0,"793":0,"794":0,"795":0,"796":0,"797":0,"798":0,"799":0,"801":0,"802":0,"803":0,"805":0,"806":0,"807":0,"808":0,"809":0,"810":0,"811":1},"branchMap":{"0":{"type":"branch","line":38,"loc":{"start":{"line":38,"column":2},"end":{"line":45,"column":6}},"locations":[{"start":{"line":38,"column":2},"end":{"line":45,"column":6}}]},"1":{"type":"branch","line":47,"loc":{"start":{"line":47,"column":2},"end":{"line":187,"column":3}},"locations":[{"start":{"line":47,"column":2},"end":{"line":187,"column":3}}]},"2":{"type":"branch","line":55,"loc":{"start":{"line":55,"column":46},"end":{"line":55,"column":62}},"locations":[{"start":{"line":55,"column":46},"end":{"line":55,"column":62}}]},"3":{"type":"branch","line":57,"loc":{"start":{"line":57,"column":6},"end":{"line":57,"column":73}},"locations":[{"start":{"line":57,"column":6},"end":{"line":57,"column":73}}]},"4":{"type":"branch","line":64,"loc":{"start":{"line":64,"column":8},"end":{"line":64,"column":48}},"locations":[{"start":{"line":64,"column":8},"end":{"line":64,"column":48}}]},"5":{"type":"branch","line":64,"loc":{"start":{"line":64,"column":48},"end":{"line":87,"column":5}},"locations":[{"start":{"line":64,"column":48},"end":{"line":87,"column":5}}]},"6":{"type":"branch","line":65,"loc":{"start":{"line":65,"column":55},"end":{"line":67,"column":13}},"locations":[{"start":{"line":65,"column":55},"end":{"line":67,"column":13}}]},"7":{"type":"branch","line":76,"loc":{"start":{"line":76,"column":29},"end":{"line":76,"column":43}},"locations":[{"start":{"line":76,"column":29},"end":{"line":76,"column":43}}]},"8":{"type":"branch","line":77,"loc":{"start":{"line":77,"column":41},"end":{"line":77,"column":72}},"locations":[{"start":{"line":77,"column":41},"end":{"line":77,"column":72}}]},"9":{"type":"branch","line":80,"loc":{"start":{"line":80,"column":8},"end":{"line":85,"column":9}},"locations":[{"start":{"line":80,"column":8},"end":{"line":85,"column":9}}]},"10":{"type":"branch","line":94,"loc":{"start":{"line":94,"column":8},"end":{"line":95,"column":11}},"locations":[{"start":{"line":94,"column":8},"end":{"line":95,"column":11}}]},"11":{"type":"branch","line":98,"loc":{"start":{"line":98,"column":30},"end":{"line":98,"column":71}},"locations":[{"start":{"line":98,"column":30},"end":{"line":98,"column":71}}]},"12":{"type":"branch","line":101,"loc":{"start":{"line":101,"column":8},"end":{"line":101,"column":41}},"locations":[{"start":{"line":101,"column":8},"end":{"line":101,"column":41}}]},"13":{"type":"branch","line":101,"loc":{"start":{"line":101,"column":21},"end":{"line":101,"column":61}},"locations":[{"start":{"line":101,"column":21},"end":{"line":101,"column":61}}]},"14":{"type":"branch","line":101,"loc":{"start":{"line":101,"column":61},"end":{"line":122,"column":5}},"locations":[{"start":{"line":101,"column":61},"end":{"line":122,"column":5}}]},"15":{"type":"branch","line":119,"loc":{"start":{"line":119,"column":43},"end":{"line":119,"column":76}},"locations":[{"start":{"line":119,"column":43},"end":{"line":119,"column":76}}]},"16":{"type":"branch","line":122,"loc":{"start":{"line":122,"column":4},"end":{"line":139,"column":60}},"locations":[{"start":{"line":122,"column":4},"end":{"line":139,"column":60}}]},"17":{"type":"branch","line":139,"loc":{"start":{"line":139,"column":46},"end":{"line":139,"column":71}},"locations":[{"start":{"line":139,"column":46},"end":{"line":139,"column":71}}]},"18":{"type":"branch","line":139,"loc":{"start":{"line":139,"column":60},"end":{"line":139,"column":77}},"locations":[{"start":{"line":139,"column":60},"end":{"line":139,"column":77}}]},"19":{"type":"branch","line":140,"loc":{"start":{"line":140,"column":30},"end":{"line":140,"column":45}},"locations":[{"start":{"line":140,"column":30},"end":{"line":140,"column":45}}]},"20":{"type":"branch","line":140,"loc":{"start":{"line":140,"column":39},"end":{"line":140,"column":56}},"locations":[{"start":{"line":140,"column":39},"end":{"line":140,"column":56}}]},"21":{"type":"branch","line":140,"loc":{"start":{"line":140,"column":45},"end":{"line":140,"column":62}},"locations":[{"start":{"line":140,"column":45},"end":{"line":140,"column":62}}]},"22":{"type":"branch","line":145,"loc":{"start":{"line":145,"column":10},"end":{"line":145,"column":75}},"locations":[{"start":{"line":145,"column":10},"end":{"line":145,"column":75}}]},"23":{"type":"branch","line":145,"loc":{"start":{"line":145,"column":71},"end":{"line":145,"column":79}},"locations":[{"start":{"line":145,"column":71},"end":{"line":145,"column":79}}]},"24":{"type":"branch","line":146,"loc":{"start":{"line":146,"column":10},"end":{"line":146,"column":53}},"locations":[{"start":{"line":146,"column":10},"end":{"line":146,"column":53}}]},"25":{"type":"branch","line":146,"loc":{"start":{"line":146,"column":49},"end":{"line":146,"column":57}},"locations":[{"start":{"line":146,"column":49},"end":{"line":146,"column":57}}]},"26":{"type":"branch","line":147,"loc":{"start":{"line":147,"column":10},"end":{"line":153,"column":11}},"locations":[{"start":{"line":147,"column":10},"end":{"line":153,"column":11}}]},"27":{"type":"branch","line":153,"loc":{"start":{"line":153,"column":10},"end":{"line":154,"column":14}},"locations":[{"start":{"line":153,"column":10},"end":{"line":154,"column":14}}]},"28":{"type":"branch","line":155,"loc":{"start":{"line":155,"column":39},"end":{"line":155,"column":72}},"locations":[{"start":{"line":155,"column":39},"end":{"line":155,"column":72}}]},"29":{"type":"branch","line":155,"loc":{"start":{"line":155,"column":68},"end":{"line":155,"column":76}},"locations":[{"start":{"line":155,"column":68},"end":{"line":155,"column":76}}]},"30":{"type":"branch","line":159,"loc":{"start":{"line":159,"column":14},"end":{"line":159,"column":55}},"locations":[{"start":{"line":159,"column":14},"end":{"line":159,"column":55}}]},"31":{"type":"branch","line":159,"loc":{"start":{"line":159,"column":51},"end":{"line":159,"column":59}},"locations":[{"start":{"line":159,"column":51},"end":{"line":159,"column":59}}]},"32":{"type":"branch","line":163,"loc":{"start":{"line":163,"column":12},"end":{"line":171,"column":13}},"locations":[{"start":{"line":163,"column":12},"end":{"line":171,"column":13}}]},"33":{"type":"branch","line":167,"loc":{"start":{"line":167,"column":20},"end":{"line":167,"column":63}},"locations":[{"start":{"line":167,"column":20},"end":{"line":167,"column":63}}]},"34":{"type":"branch","line":168,"loc":{"start":{"line":168,"column":25},"end":{"line":168,"column":52}},"locations":[{"start":{"line":168,"column":25},"end":{"line":168,"column":52}}]},"35":{"type":"branch","line":169,"loc":{"start":{"line":169,"column":23},"end":{"line":169,"column":48}},"locations":[{"start":{"line":169,"column":23},"end":{"line":169,"column":48}}]},"36":{"type":"branch","line":171,"loc":{"start":{"line":171,"column":12},"end":{"line":172,"column":16}},"locations":[{"start":{"line":171,"column":12},"end":{"line":172,"column":16}}]},"37":{"type":"branch","line":173,"loc":{"start":{"line":173,"column":12},"end":{"line":181,"column":13}},"locations":[{"start":{"line":173,"column":12},"end":{"line":181,"column":13}}]},"38":{"type":"branch","line":177,"loc":{"start":{"line":177,"column":20},"end":{"line":177,"column":56}},"locations":[{"start":{"line":177,"column":20},"end":{"line":177,"column":56}}]},"39":{"type":"branch","line":178,"loc":{"start":{"line":178,"column":25},"end":{"line":178,"column":45}},"locations":[{"start":{"line":178,"column":25},"end":{"line":178,"column":45}}]},"40":{"type":"branch","line":179,"loc":{"start":{"line":179,"column":23},"end":{"line":179,"column":41}},"locations":[{"start":{"line":179,"column":23},"end":{"line":179,"column":41}}]},"41":{"type":"branch","line":181,"loc":{"start":{"line":181,"column":12},"end":{"line":182,"column":16}},"locations":[{"start":{"line":181,"column":12},"end":{"line":182,"column":16}}]},"42":{"type":"branch","line":93,"loc":{"start":{"line":93,"column":10},"end":{"line":93,"column":55}},"locations":[{"start":{"line":93,"column":10},"end":{"line":93,"column":55}}]},"43":{"type":"branch","line":194,"loc":{"start":{"line":194,"column":10},"end":{"line":280,"column":3}},"locations":[{"start":{"line":194,"column":10},"end":{"line":280,"column":3}}]},"44":{"type":"branch","line":209,"loc":{"start":{"line":209,"column":8},"end":{"line":209,"column":38}},"locations":[{"start":{"line":209,"column":8},"end":{"line":209,"column":38}}]},"45":{"type":"branch","line":209,"loc":{"start":{"line":209,"column":27},"end":{"line":209,"column":57}},"locations":[{"start":{"line":209,"column":27},"end":{"line":209,"column":57}}]},"46":{"type":"branch","line":209,"loc":{"start":{"line":209,"column":57},"end":{"line":211,"column":15}},"locations":[{"start":{"line":209,"column":57},"end":{"line":211,"column":15}}]},"47":{"type":"branch","line":211,"loc":{"start":{"line":211,"column":15},"end":{"line":211,"column":45}},"locations":[{"start":{"line":211,"column":15},"end":{"line":211,"column":45}}]},"48":{"type":"branch","line":211,"loc":{"start":{"line":211,"column":34},"end":{"line":211,"column":60}},"locations":[{"start":{"line":211,"column":34},"end":{"line":211,"column":60}}]},"49":{"type":"branch","line":211,"loc":{"start":{"line":211,"column":60},"end":{"line":217,"column":5}},"locations":[{"start":{"line":211,"column":60},"end":{"line":217,"column":5}}]},"50":{"type":"branch","line":212,"loc":{"start":{"line":212,"column":41},"end":{"line":212,"column":52}},"locations":[{"start":{"line":212,"column":41},"end":{"line":212,"column":52}}]},"51":{"type":"branch","line":224,"loc":{"start":{"line":224,"column":6},"end":{"line":224,"column":28}},"locations":[{"start":{"line":224,"column":6},"end":{"line":224,"column":28}}]},"52":{"type":"branch","line":224,"loc":{"start":{"line":224,"column":18},"end":{"line":225,"column":54}},"locations":[{"start":{"line":224,"column":18},"end":{"line":225,"column":54}}]},"53":{"type":"branch","line":225,"loc":{"start":{"line":225,"column":13},"end":{"line":225,"column":37}},"locations":[{"start":{"line":225,"column":13},"end":{"line":225,"column":37}}]},"54":{"type":"branch","line":225,"loc":{"start":{"line":225,"column":28},"end":{"line":225,"column":54}},"locations":[{"start":{"line":225,"column":28},"end":{"line":225,"column":54}}]},"55":{"type":"branch","line":226,"loc":{"start":{"line":226,"column":6},"end":{"line":272,"column":5}},"locations":[{"start":{"line":226,"column":6},"end":{"line":272,"column":5}}]},"56":{"type":"branch","line":231,"loc":{"start":{"line":231,"column":29},"end":{"line":231,"column":54}},"locations":[{"start":{"line":231,"column":29},"end":{"line":231,"column":54}}]},"57":{"type":"branch","line":232,"loc":{"start":{"line":232,"column":29},"end":{"line":232,"column":54}},"locations":[{"start":{"line":232,"column":29},"end":{"line":232,"column":54}}]},"58":{"type":"branch","line":233,"loc":{"start":{"line":233,"column":26},"end":{"line":233,"column":45}},"locations":[{"start":{"line":233,"column":26},"end":{"line":233,"column":45}}]},"59":{"type":"branch","line":236,"loc":{"start":{"line":236,"column":9},"end":{"line":236,"column":36}},"locations":[{"start":{"line":236,"column":9},"end":{"line":236,"column":36}}]},"60":{"type":"branch","line":237,"loc":{"start":{"line":237,"column":9},"end":{"line":237,"column":36}},"locations":[{"start":{"line":237,"column":9},"end":{"line":237,"column":36}}]},"61":{"type":"branch","line":238,"loc":{"start":{"line":238,"column":9},"end":{"line":238,"column":28}},"locations":[{"start":{"line":238,"column":9},"end":{"line":238,"column":28}}]},"62":{"type":"branch","line":240,"loc":{"start":{"line":240,"column":11},"end":{"line":240,"column":48}},"locations":[{"start":{"line":240,"column":11},"end":{"line":240,"column":48}}]},"63":{"type":"branch","line":240,"loc":{"start":{"line":240,"column":30},"end":{"line":240,"column":62}},"locations":[{"start":{"line":240,"column":30},"end":{"line":240,"column":62}}]},"64":{"type":"branch","line":240,"loc":{"start":{"line":240,"column":62},"end":{"line":246,"column":7}},"locations":[{"start":{"line":240,"column":62},"end":{"line":246,"column":7}}]},"65":{"type":"branch","line":250,"loc":{"start":{"line":250,"column":12},"end":{"line":250,"column":34}},"locations":[{"start":{"line":250,"column":12},"end":{"line":250,"column":34}}]},"66":{"type":"branch","line":250,"loc":{"start":{"line":250,"column":30},"end":{"line":250,"column":56}},"locations":[{"start":{"line":250,"column":30},"end":{"line":250,"column":56}}]},"67":{"type":"branch","line":251,"loc":{"start":{"line":251,"column":12},"end":{"line":251,"column":34}},"locations":[{"start":{"line":251,"column":12},"end":{"line":251,"column":34}}]},"68":{"type":"branch","line":251,"loc":{"start":{"line":251,"column":30},"end":{"line":251,"column":56}},"locations":[{"start":{"line":251,"column":30},"end":{"line":251,"column":56}}]},"69":{"type":"branch","line":252,"loc":{"start":{"line":252,"column":12},"end":{"line":252,"column":31}},"locations":[{"start":{"line":252,"column":12},"end":{"line":252,"column":31}}]},"70":{"type":"branch","line":252,"loc":{"start":{"line":252,"column":27},"end":{"line":252,"column":58}},"locations":[{"start":{"line":252,"column":27},"end":{"line":252,"column":58}}]},"71":{"type":"branch","line":256,"loc":{"start":{"line":256,"column":15},"end":{"line":257,"column":28}},"locations":[{"start":{"line":256,"column":15},"end":{"line":257,"column":28}}]},"72":{"type":"branch","line":257,"loc":{"start":{"line":257,"column":23},"end":{"line":258,"column":60}},"locations":[{"start":{"line":257,"column":23},"end":{"line":258,"column":60}}]},"73":{"type":"branch","line":259,"loc":{"start":{"line":259,"column":15},"end":{"line":260,"column":28}},"locations":[{"start":{"line":259,"column":15},"end":{"line":260,"column":28}}]},"74":{"type":"branch","line":260,"loc":{"start":{"line":260,"column":23},"end":{"line":261,"column":60}},"locations":[{"start":{"line":260,"column":23},"end":{"line":261,"column":60}}]},"75":{"type":"branch","line":262,"loc":{"start":{"line":262,"column":12},"end":{"line":263,"column":25}},"locations":[{"start":{"line":262,"column":12},"end":{"line":263,"column":25}}]},"76":{"type":"branch","line":263,"loc":{"start":{"line":263,"column":23},"end":{"line":264,"column":57}},"locations":[{"start":{"line":263,"column":23},"end":{"line":264,"column":57}}]},"77":{"type":"branch","line":267,"loc":{"start":{"line":267,"column":34},"end":{"line":267,"column":45}},"locations":[{"start":{"line":267,"column":34},"end":{"line":267,"column":45}}]},"78":{"type":"branch","line":268,"loc":{"start":{"line":268,"column":33},"end":{"line":268,"column":58}},"locations":[{"start":{"line":268,"column":33},"end":{"line":268,"column":58}}]},"79":{"type":"branch","line":216,"loc":{"start":{"line":216,"column":14},"end":{"line":216,"column":69}},"locations":[{"start":{"line":216,"column":14},"end":{"line":216,"column":69}}]},"80":{"type":"branch","line":271,"loc":{"start":{"line":271,"column":14},"end":{"line":271,"column":69}},"locations":[{"start":{"line":271,"column":14},"end":{"line":271,"column":69}}]},"81":{"type":"branch","line":276,"loc":{"start":{"line":276,"column":51},"end":{"line":276,"column":70}},"locations":[{"start":{"line":276,"column":51},"end":{"line":276,"column":70}}]},"82":{"type":"branch","line":282,"loc":{"start":{"line":282,"column":10},"end":{"line":307,"column":3}},"locations":[{"start":{"line":282,"column":10},"end":{"line":307,"column":3}}]},"83":{"type":"branch","line":285,"loc":{"start":{"line":285,"column":9},"end":{"line":285,"column":49}},"locations":[{"start":{"line":285,"column":9},"end":{"line":285,"column":49}}]},"84":{"type":"branch","line":285,"loc":{"start":{"line":285,"column":37},"end":{"line":285,"column":72}},"locations":[{"start":{"line":285,"column":37},"end":{"line":285,"column":72}}]},"85":{"type":"branch","line":287,"loc":{"start":{"line":287,"column":4},"end":{"line":306,"column":22}},"locations":[{"start":{"line":287,"column":4},"end":{"line":306,"column":22}}]},"86":{"type":"branch","line":314,"loc":{"start":{"line":314,"column":2},"end":{"line":360,"column":3}},"locations":[{"start":{"line":314,"column":2},"end":{"line":360,"column":3}}]},"87":{"type":"branch","line":331,"loc":{"start":{"line":331,"column":46},"end":{"line":350,"column":5}},"locations":[{"start":{"line":331,"column":46},"end":{"line":350,"column":5}}]},"88":{"type":"branch","line":336,"loc":{"start":{"line":336,"column":36},"end":{"line":339,"column":7}},"locations":[{"start":{"line":336,"column":36},"end":{"line":339,"column":7}}]},"89":{"type":"branch","line":337,"loc":{"start":{"line":337,"column":33},"end":{"line":337,"column":73}},"locations":[{"start":{"line":337,"column":33},"end":{"line":337,"column":73}}]},"90":{"type":"branch","line":338,"loc":{"start":{"line":338,"column":26},"end":{"line":338,"column":52}},"locations":[{"start":{"line":338,"column":26},"end":{"line":338,"column":52}}]},"91":{"type":"branch","line":343,"loc":{"start":{"line":343,"column":23},"end":{"line":349,"column":7}},"locations":[{"start":{"line":343,"column":23},"end":{"line":349,"column":7}}]},"92":{"type":"branch","line":333,"loc":{"start":{"line":333,"column":55},"end":{"line":333,"column":65}},"locations":[{"start":{"line":333,"column":55},"end":{"line":333,"column":65}}]},"93":{"type":"branch","line":342,"loc":{"start":{"line":342,"column":44},"end":{"line":342,"column":71}},"locations":[{"start":{"line":342,"column":44},"end":{"line":342,"column":71}}]},"94":{"type":"branch","line":342,"loc":{"start":{"line":342,"column":53},"end":{"line":342,"column":71}},"locations":[{"start":{"line":342,"column":53},"end":{"line":342,"column":71}}]},"95":{"type":"branch","line":363,"loc":{"start":{"line":363,"column":2},"end":{"line":427,"column":3}},"locations":[{"start":{"line":363,"column":2},"end":{"line":427,"column":3}}]},"96":{"type":"branch","line":367,"loc":{"start":{"line":367,"column":24},"end":{"line":367,"column":37}},"locations":[{"start":{"line":367,"column":24},"end":{"line":367,"column":37}}]},"97":{"type":"branch","line":369,"loc":{"start":{"line":369,"column":50},"end":{"line":372,"column":5}},"locations":[{"start":{"line":369,"column":50},"end":{"line":372,"column":5}}]},"98":{"type":"branch","line":376,"loc":{"start":{"line":376,"column":24},"end":{"line":381,"column":5}},"locations":[{"start":{"line":376,"column":24},"end":{"line":381,"column":5}}]},"99":{"type":"branch","line":381,"loc":{"start":{"line":381,"column":4},"end":{"line":393,"column":35}},"locations":[{"start":{"line":381,"column":4},"end":{"line":393,"column":35}}]},"100":{"type":"branch","line":393,"loc":{"start":{"line":393,"column":26},"end":{"line":393,"column":41}},"locations":[{"start":{"line":393,"column":26},"end":{"line":393,"column":41}}]},"101":{"type":"branch","line":395,"loc":{"start":{"line":395,"column":9},"end":{"line":397,"column":53}},"locations":[{"start":{"line":395,"column":9},"end":{"line":397,"column":53}}]},"102":{"type":"branch","line":398,"loc":{"start":{"line":398,"column":26},"end":{"line":399,"column":60}},"locations":[{"start":{"line":398,"column":26},"end":{"line":399,"column":60}}]},"103":{"type":"branch","line":399,"loc":{"start":{"line":399,"column":59},"end":{"line":400,"column":20}},"locations":[{"start":{"line":399,"column":59},"end":{"line":400,"column":20}}]},"104":{"type":"branch","line":409,"loc":{"start":{"line":409,"column":4},"end":{"line":426,"column":5}},"locations":[{"start":{"line":409,"column":4},"end":{"line":426,"column":5}}]},"105":{"type":"branch","line":430,"loc":{"start":{"line":430,"column":2},"end":{"line":495,"column":3}},"locations":[{"start":{"line":430,"column":2},"end":{"line":495,"column":3}}]},"106":{"type":"branch","line":434,"loc":{"start":{"line":434,"column":24},"end":{"line":434,"column":37}},"locations":[{"start":{"line":434,"column":24},"end":{"line":434,"column":37}}]},"107":{"type":"branch","line":436,"loc":{"start":{"line":436,"column":42},"end":{"line":439,"column":5}},"locations":[{"start":{"line":436,"column":42},"end":{"line":439,"column":5}}]},"108":{"type":"branch","line":442,"loc":{"start":{"line":442,"column":24},"end":{"line":445,"column":5}},"locations":[{"start":{"line":442,"column":24},"end":{"line":445,"column":5}}]},"109":{"type":"branch","line":445,"loc":{"start":{"line":445,"column":4},"end":{"line":464,"column":46}},"locations":[{"start":{"line":445,"column":4},"end":{"line":464,"column":46}}]},"110":{"type":"branch","line":466,"loc":{"start":{"line":466,"column":20},"end":{"line":475,"column":7}},"locations":[{"start":{"line":466,"column":20},"end":{"line":475,"column":7}}]},"111":{"type":"branch","line":468,"loc":{"start":{"line":468,"column":24},"end":{"line":468,"column":43}},"locations":[{"start":{"line":468,"column":24},"end":{"line":468,"column":43}}]},"112":{"type":"branch","line":469,"loc":{"start":{"line":469,"column":10},"end":{"line":469,"column":50}},"locations":[{"start":{"line":469,"column":10},"end":{"line":469,"column":50}}]},"113":{"type":"branch","line":470,"loc":{"start":{"line":470,"column":24},"end":{"line":470,"column":43}},"locations":[{"start":{"line":470,"column":24},"end":{"line":470,"column":43}}]},"114":{"type":"branch","line":471,"loc":{"start":{"line":471,"column":10},"end":{"line":471,"column":50}},"locations":[{"start":{"line":471,"column":10},"end":{"line":471,"column":50}}]},"115":{"type":"branch","line":472,"loc":{"start":{"line":472,"column":24},"end":{"line":472,"column":40}},"locations":[{"start":{"line":472,"column":24},"end":{"line":472,"column":40}}]},"116":{"type":"branch","line":473,"loc":{"start":{"line":473,"column":10},"end":{"line":473,"column":47}},"locations":[{"start":{"line":473,"column":10},"end":{"line":473,"column":47}}]},"117":{"type":"branch","line":475,"loc":{"start":{"line":475,"column":6},"end":{"line":478,"column":13}},"locations":[{"start":{"line":475,"column":6},"end":{"line":478,"column":13}}]},"118":{"type":"branch","line":478,"loc":{"start":{"line":478,"column":4},"end":{"line":494,"column":5}},"locations":[{"start":{"line":478,"column":4},"end":{"line":494,"column":5}}]},"119":{"type":"branch","line":501,"loc":{"start":{"line":501,"column":10},"end":{"line":507,"column":3}},"locations":[{"start":{"line":501,"column":10},"end":{"line":507,"column":3}}]},"120":{"type":"branch","line":502,"loc":{"start":{"line":502,"column":26},"end":{"line":502,"column":39}},"locations":[{"start":{"line":502,"column":26},"end":{"line":502,"column":39}}]},"121":{"type":"branch","line":503,"loc":{"start":{"line":503,"column":35},"end":{"line":503,"column":73}},"locations":[{"start":{"line":503,"column":35},"end":{"line":503,"column":73}}]},"122":{"type":"branch","line":503,"loc":{"start":{"line":503,"column":42},"end":{"line":504,"column":64}},"locations":[{"start":{"line":503,"column":42},"end":{"line":504,"column":64}}]},"123":{"type":"branch","line":505,"loc":{"start":{"line":505,"column":6},"end":{"line":505,"column":52}},"locations":[{"start":{"line":505,"column":6},"end":{"line":505,"column":52}}]},"124":{"type":"branch","line":505,"loc":{"start":{"line":505,"column":13},"end":{"line":506,"column":42}},"locations":[{"start":{"line":505,"column":13},"end":{"line":506,"column":42}}]},"125":{"type":"branch","line":514,"loc":{"start":{"line":514,"column":2},"end":{"line":616,"column":3}},"locations":[{"start":{"line":514,"column":2},"end":{"line":616,"column":3}}]},"126":{"type":"branch","line":515,"loc":{"start":{"line":515,"column":52},"end":{"line":515,"column":64}},"locations":[{"start":{"line":515,"column":52},"end":{"line":515,"column":64}}]},"127":{"type":"branch","line":543,"loc":{"start":{"line":543,"column":6},"end":{"line":543,"column":24}},"locations":[{"start":{"line":543,"column":6},"end":{"line":543,"column":24}}]},"128":{"type":"branch","line":544,"loc":{"start":{"line":544,"column":30},"end":{"line":546,"column":7}},"locations":[{"start":{"line":544,"column":30},"end":{"line":546,"column":7}}]},"129":{"type":"branch","line":569,"loc":{"start":{"line":569,"column":63},"end":{"line":569,"column":69}},"locations":[{"start":{"line":569,"column":63},"end":{"line":569,"column":69}}]},"130":{"type":"branch","line":570,"loc":{"start":{"line":570,"column":21},"end":{"line":575,"column":7}},"locations":[{"start":{"line":570,"column":21},"end":{"line":575,"column":7}}]},"131":{"type":"branch","line":575,"loc":{"start":{"line":575,"column":6},"end":{"line":599,"column":24}},"locations":[{"start":{"line":575,"column":6},"end":{"line":599,"column":24}}]},"132":{"type":"branch","line":601,"loc":{"start":{"line":601,"column":31},"end":{"line":606,"column":7}},"locations":[{"start":{"line":601,"column":31},"end":{"line":606,"column":7}}]},"133":{"type":"branch","line":606,"loc":{"start":{"line":606,"column":6},"end":{"line":609,"column":13}},"locations":[{"start":{"line":606,"column":6},"end":{"line":609,"column":13}}]},"134":{"type":"branch","line":609,"loc":{"start":{"line":609,"column":4},"end":{"line":615,"column":5}},"locations":[{"start":{"line":609,"column":4},"end":{"line":615,"column":5}}]},"135":{"type":"branch","line":541,"loc":{"start":{"line":541,"column":8},"end":{"line":542,"column":77}},"locations":[{"start":{"line":541,"column":8},"end":{"line":542,"column":77}}]},"136":{"type":"branch","line":542,"loc":{"start":{"line":542,"column":43},"end":{"line":542,"column":77}},"locations":[{"start":{"line":542,"column":43},"end":{"line":542,"column":77}}]},"137":{"type":"branch","line":569,"loc":{"start":{"line":569,"column":42},"end":{"line":569,"column":63}},"locations":[{"start":{"line":569,"column":42},"end":{"line":569,"column":63}}]},"138":{"type":"branch","line":597,"loc":{"start":{"line":597,"column":8},"end":{"line":598,"column":77}},"locations":[{"start":{"line":597,"column":8},"end":{"line":598,"column":77}}]}},"b":{"0":[32],"1":[26],"2":[0],"3":[5],"4":[5],"5":[5],"6":[0],"7":[2],"8":[0],"9":[0],"10":[0],"11":[25],"12":[1],"13":[1],"14":[1],"15":[0],"16":[25],"17":[16],"18":[9],"19":[25],"20":[11],"21":[14],"22":[13],"23":[12],"24":[8],"25":[17],"26":[8],"27":[17],"28":[0],"29":[25],"30":[0],"31":[25],"32":[16],"33":[0],"34":[13],"35":[13],"36":[9],"37":[11],"38":[0],"39":[8],"40":[8],"41":[14],"42":[1],"43":[25],"44":[16],"45":[16],"46":[0],"47":[16],"48":[16],"49":[15],"50":[0],"51":[11],"52":[11],"53":[2],"54":[2],"55":[10],"56":[9],"57":[2],"58":[1],"59":[9],"60":[2],"61":[1],"62":[1],"63":[1],"64":[0],"65":[9],"66":[1],"67":[2],"68":[8],"69":[1],"70":[9],"71":[9],"72":[1],"73":[2],"74":[8],"75":[1],"76":[9],"77":[0],"78":[9],"79":[14],"80":[9],"81":[4],"82":[26],"83":[0],"84":[0],"85":[0],"86":[25],"87":[22],"88":[23],"89":[13],"90":[8],"91":[8],"92":[23],"93":[23],"94":[20],"95":[14],"96":[0],"97":[0],"98":[1],"99":[13],"100":[11],"101":[13],"102":[7],"103":[6],"104":[0],"105":[9],"106":[0],"107":[0],"108":[1],"109":[8],"110":[4],"111":[3],"112":[3],"113":[1],"114":[1],"115":[1],"116":[1],"117":[8],"118":[0],"119":[7],"120":[0],"121":[1],"122":[6],"123":[1],"124":[5],"125":[23],"126":[0],"127":[0],"128":[0],"129":[21],"130":[2],"131":[21],"132":[0],"133":[21],"134":[0],"135":[21],"136":[0],"137":[21],"138":[21]},"fnMap":{"0":{"name":"OrchestratorService","decl":{"start":{"line":38,"column":2},"end":{"line":45,"column":6}},"loc":{"start":{"line":38,"column":2},"end":{"line":45,"column":6}},"line":38},"1":{"name":"execute","decl":{"start":{"line":47,"column":2},"end":{"line":187,"column":3}},"loc":{"start":{"line":47,"column":2},"end":{"line":187,"column":3}},"line":47},"2":{"name":"buildPipeline","decl":{"start":{"line":194,"column":10},"end":{"line":280,"column":3}},"loc":{"start":{"line":194,"column":10},"end":{"line":280,"column":3}},"line":194},"3":{"name":"normalizeBypass","decl":{"start":{"line":282,"column":10},"end":{"line":307,"column":3}},"loc":{"start":{"line":282,"column":10},"end":{"line":307,"column":3}},"line":282},"4":{"name":"runPipeline","decl":{"start":{"line":314,"column":2},"end":{"line":360,"column":3}},"loc":{"start":{"line":314,"column":2},"end":{"line":360,"column":3}},"line":314},"5":{"name":"runTrustedFormTask","decl":{"start":{"line":363,"column":2},"end":{"line":427,"column":3}},"loc":{"start":{"line":363,"column":2},"end":{"line":427,"column":3}},"line":363},"6":{"name":"runIpqsTask","decl":{"start":{"line":430,"column":2},"end":{"line":495,"column":3}},"loc":{"start":{"line":430,"column":2},"end":{"line":495,"column":3}},"line":430},"7":{"name":"mapTrustedFormToHaltReason","decl":{"start":{"line":501,"column":10},"end":{"line":507,"column":3}},"loc":{"start":{"line":501,"column":10},"end":{"line":507,"column":3}},"line":501},"8":{"name":"resolveDefaultCredentialsId","decl":{"start":{"line":514,"column":2},"end":{"line":616,"column":3}},"loc":{"start":{"line":514,"column":2},"end":{"line":616,"column":3}},"line":514},"9":{"name":"validateTrustedFormCert","decl":{"start":{"line":626,"column":2},"end":{"line":686,"column":3}},"loc":{"start":{"line":626,"column":2},"end":{"line":686,"column":3}},"line":626},"10":{"name":"runIpqsCheck","decl":{"start":{"line":692,"column":2},"end":{"line":721,"column":3}},"loc":{"start":{"line":692,"column":2},"end":{"line":721,"column":3}},"line":692},"11":{"name":"normalizeCertId","decl":{"start":{"line":724,"column":10},"end":{"line":729,"column":3}},"loc":{"start":{"line":724,"column":10},"end":{"line":729,"column":3}},"line":724},"12":{"name":"httpsGet","decl":{"start":{"line":734,"column":10},"end":{"line":770,"column":3}},"loc":{"start":{"line":734,"column":10},"end":{"line":770,"column":3}},"line":734},"13":{"name":"getDecryptedCredential","decl":{"start":{"line":775,"column":2},"end":{"line":811,"column":3}},"loc":{"start":{"line":775,"column":2},"end":{"line":811,"column":3}},"line":775}},"f":{"0":32,"1":26,"2":25,"3":26,"4":25,"5":14,"6":9,"7":7,"8":23,"9":0,"10":0,"11":0,"12":0,"13":0}}
}
