{"/home/evelasco/smash_orbit/lms/LMS-BE/handlers/clients/modules/client.module.ts": {"path":"/home/evelasco/smash_orbit/lms/LMS-BE/handlers/clients/modules/client.module.ts","all":false,"statementMap":{"0":{"start":{"line":1,"column":0},"end":{"line":1,"column":26}},"8":{"start":{"line":9,"column":0},"end":{"line":9,"column":34}},"11":{"start":{"line":12,"column":0},"end":{"line":12,"column":9}},"12":{"start":{"line":13,"column":0},"end":{"line":13,"column":37}},"13":{"start":{"line":14,"column":0},"end":{"line":14,"column":19}},"14":{"start":{"line":15,"column":0},"end":{"line":15,"column":22}},"15":{"start":{"line":16,"column":0},"end":{"line":16,"column":71}},"18":{"start":{"line":19,"column":0},"end":{"line":19,"column":9}},"19":{"start":{"line":20,"column":0},"end":{"line":20,"column":43}},"20":{"start":{"line":21,"column":0},"end":{"line":21,"column":22}},"21":{"start":{"line":22,"column":0},"end":{"line":22,"column":22}},"24":{"start":{"line":25,"column":0},"end":{"line":25,"column":65}},"27":{"start":{"line":28,"column":0},"end":{"line":28,"column":60}}},"s":{"0":1,"8":1,"11":1,"12":1,"13":1,"14":1,"15":1,"18":1,"19":1,"20":1,"21":1,"24":1,"27":1},"branchMap":{},"b":{},"fnMap":{},"f":{}}
,"/home/evelasco/smash_orbit/lms/LMS-BE/handlers/clients/services/client.service.ts": {"path":"/home/evelasco/smash_orbit/lms/LMS-BE/handlers/clients/services/client.service.ts","all":false,"statementMap":{"0":{"start":{"line":1,"column":0},"end":{"line":1,"column":47}},"15":{"start":{"line":16,"column":0},"end":{"line":16,"column":13}},"16":{"start":{"line":17,"column":0},"end":{"line":17,"column":28}},"17":{"start":{"line":18,"column":0},"end":{"line":18,"column":14}},"18":{"start":{"line":19,"column":0},"end":{"line":19,"column":72}},"19":{"start":{"line":20,"column":0},"end":{"line":20,"column":54}},"20":{"start":{"line":21,"column":0},"end":{"line":21,"column":75}},"21":{"start":{"line":22,"column":0},"end":{"line":22,"column":6}},"23":{"start":{"line":24,"column":0},"end":{"line":24,"column":21}},"24":{"start":{"line":25,"column":0},"end":{"line":25,"column":33}},"25":{"start":{"line":26,"column":0},"end":{"line":26,"column":38}},"26":{"start":{"line":27,"column":0},"end":{"line":27,"column":9}},"27":{"start":{"line":28,"column":0},"end":{"line":28,"column":62}},"28":{"start":{"line":29,"column":0},"end":{"line":29,"column":43}},"29":{"start":{"line":30,"column":0},"end":{"line":30,"column":50}},"30":{"start":{"line":31,"column":0},"end":{"line":31,"column":8}},"31":{"start":{"line":32,"column":0},"end":{"line":32,"column":16}},"32":{"start":{"line":33,"column":0},"end":{"line":33,"column":16}},"33":{"start":{"line":34,"column":0},"end":{"line":34,"column":24}},"34":{"start":{"line":35,"column":0},"end":{"line":35,"column":56}},"35":{"start":{"line":36,"column":0},"end":{"line":36,"column":10}},"36":{"start":{"line":37,"column":0},"end":{"line":37,"column":7}},"38":{"start":{"line":39,"column":0},"end":{"line":39,"column":51}},"39":{"start":{"line":40,"column":0},"end":{"line":40,"column":41}},"41":{"start":{"line":42,"column":0},"end":{"line":42,"column":66}},"42":{"start":{"line":43,"column":0},"end":{"line":43,"column":45}},"43":{"start":{"line":44,"column":0},"end":{"line":44,"column":16}},"44":{"start":{"line":45,"column":0},"end":{"line":45,"column":24}},"45":{"start":{"line":46,"column":0},"end":{"line":46,"column":69}},"46":{"start":{"line":47,"column":0},"end":{"line":47,"column":10}},"47":{"start":{"line":48,"column":0},"end":{"line":48,"column":7}},"49":{"start":{"line":50,"column":0},"end":{"line":50,"column":43}},"50":{"start":{"line":51,"column":0},"end":{"line":51,"column":31}},"51":{"start":{"line":52,"column":0},"end":{"line":52,"column":43}},"52":{"start":{"line":53,"column":0},"end":{"line":53,"column":28}},"53":{"start":{"line":54,"column":0},"end":{"line":54,"column":36}},"54":{"start":{"line":55,"column":0},"end":{"line":55,"column":41}},"55":{"start":{"line":56,"column":0},"end":{"line":56,"column":24}},"56":{"start":{"line":57,"column":0},"end":{"line":57,"column":24}},"57":{"start":{"line":58,"column":0},"end":{"line":58,"column":8}},"59":{"start":{"line":60,"column":0},"end":{"line":60,"column":35}},"60":{"start":{"line":61,"column":0},"end":{"line":61,"column":53}},"61":{"start":{"line":62,"column":0},"end":{"line":62,"column":21}},"62":{"start":{"line":63,"column":0},"end":{"line":63,"column":9}},"64":{"start":{"line":65,"column":0},"end":{"line":65,"column":79}},"65":{"start":{"line":66,"column":0},"end":{"line":66,"column":14}},"66":{"start":{"line":67,"column":0},"end":{"line":67,"column":21}},"67":{"start":{"line":68,"column":0},"end":{"line":68,"column":21}},"68":{"start":{"line":69,"column":0},"end":{"line":69,"column":8}},"69":{"start":{"line":70,"column":0},"end":{"line":70,"column":26}},"70":{"start":{"line":71,"column":0},"end":{"line":71,"column":58}},"71":{"start":{"line":72,"column":0},"end":{"line":72,"column":14}},"72":{"start":{"line":73,"column":0},"end":{"line":73,"column":22}},"73":{"start":{"line":74,"column":0},"end":{"line":74,"column":58}},"74":{"start":{"line":75,"column":0},"end":{"line":75,"column":8}},"75":{"start":{"line":76,"column":0},"end":{"line":76,"column":5}},"76":{"start":{"line":77,"column":0},"end":{"line":77,"column":3}},"78":{"start":{"line":79,"column":0},"end":{"line":79,"column":64}},"79":{"start":{"line":80,"column":0},"end":{"line":80,"column":9}},"80":{"start":{"line":81,"column":0},"end":{"line":81,"column":59}},"81":{"start":{"line":82,"column":0},"end":{"line":82,"column":53}},"82":{"start":{"line":83,"column":0},"end":{"line":83,"column":20}},"83":{"start":{"line":84,"column":0},"end":{"line":84,"column":9}},"85":{"start":{"line":86,"column":0},"end":{"line":86,"column":20}},"86":{"start":{"line":87,"column":0},"end":{"line":87,"column":16}},"87":{"start":{"line":88,"column":0},"end":{"line":88,"column":24}},"88":{"start":{"line":89,"column":0},"end":{"line":89,"column":50}},"89":{"start":{"line":90,"column":0},"end":{"line":90,"column":10}},"90":{"start":{"line":91,"column":0},"end":{"line":91,"column":7}},"92":{"start":{"line":93,"column":0},"end":{"line":93,"column":14}},"93":{"start":{"line":94,"column":0},"end":{"line":94,"column":21}},"94":{"start":{"line":95,"column":0},"end":{"line":95,"column":21}},"95":{"start":{"line":96,"column":0},"end":{"line":96,"column":8}},"96":{"start":{"line":97,"column":0},"end":{"line":97,"column":26}},"97":{"start":{"line":98,"column":0},"end":{"line":98,"column":55}},"98":{"start":{"line":99,"column":0},"end":{"line":99,"column":14}},"99":{"start":{"line":100,"column":0},"end":{"line":100,"column":22}},"100":{"start":{"line":101,"column":0},"end":{"line":101,"column":55}},"101":{"start":{"line":102,"column":0},"end":{"line":102,"column":8}},"102":{"start":{"line":103,"column":0},"end":{"line":103,"column":5}},"103":{"start":{"line":104,"column":0},"end":{"line":104,"column":3}},"105":{"start":{"line":106,"column":0},"end":{"line":106,"column":74}},"106":{"start":{"line":107,"column":0},"end":{"line":107,"column":9}},"107":{"start":{"line":108,"column":0},"end":{"line":108,"column":66}},"108":{"start":{"line":109,"column":0},"end":{"line":109,"column":53}},"109":{"start":{"line":110,"column":0},"end":{"line":110,"column":33}},"110":{"start":{"line":111,"column":0},"end":{"line":111,"column":49}},"111":{"start":{"line":112,"column":0},"end":{"line":112,"column":36}},"112":{"start":{"line":113,"column":0},"end":{"line":113,"column":26}},"113":{"start":{"line":114,"column":0},"end":{"line":114,"column":10}},"114":{"start":{"line":115,"column":0},"end":{"line":115,"column":17}},"115":{"start":{"line":116,"column":0},"end":{"line":116,"column":9}},"117":{"start":{"line":118,"column":0},"end":{"line":118,"column":50}},"118":{"start":{"line":119,"column":0},"end":{"line":119,"column":14}},"119":{"start":{"line":120,"column":0},"end":{"line":120,"column":25}},"120":{"start":{"line":121,"column":0},"end":{"line":121,"column":34}},"121":{"start":{"line":122,"column":0},"end":{"line":122,"column":8}},"122":{"start":{"line":123,"column":0},"end":{"line":123,"column":26}},"123":{"start":{"line":124,"column":0},"end":{"line":124,"column":64}},"124":{"start":{"line":125,"column":0},"end":{"line":125,"column":14}},"125":{"start":{"line":126,"column":0},"end":{"line":126,"column":22}},"126":{"start":{"line":127,"column":0},"end":{"line":127,"column":64}},"127":{"start":{"line":128,"column":0},"end":{"line":128,"column":8}},"128":{"start":{"line":129,"column":0},"end":{"line":129,"column":5}},"129":{"start":{"line":130,"column":0},"end":{"line":130,"column":3}},"131":{"start":{"line":132,"column":0},"end":{"line":132,"column":59}},"137":{"start":{"line":138,"column":0},"end":{"line":138,"column":5}},"138":{"start":{"line":139,"column":0},"end":{"line":139,"column":9}},"139":{"start":{"line":140,"column":0},"end":{"line":140,"column":61}},"141":{"start":{"line":142,"column":0},"end":{"line":142,"column":19}},"142":{"start":{"line":143,"column":0},"end":{"line":143,"column":68}},"143":{"start":{"line":144,"column":0},"end":{"line":144,"column":55}},"144":{"start":{"line":145,"column":0},"end":{"line":145,"column":36}},"145":{"start":{"line":146,"column":0},"end":{"line":146,"column":54}},"146":{"start":{"line":147,"column":0},"end":{"line":147,"column":37}},"147":{"start":{"line":148,"column":0},"end":{"line":148,"column":32}},"148":{"start":{"line":149,"column":0},"end":{"line":149,"column":12}},"149":{"start":{"line":150,"column":0},"end":{"line":150,"column":38}},"150":{"start":{"line":151,"column":0},"end":{"line":151,"column":30}},"151":{"start":{"line":152,"column":0},"end":{"line":152,"column":12}},"152":{"start":{"line":153,"column":0},"end":{"line":153,"column":23}},"153":{"start":{"line":154,"column":0},"end":{"line":154,"column":45}},"154":{"start":{"line":155,"column":0},"end":{"line":155,"column":76}},"155":{"start":{"line":156,"column":0},"end":{"line":156,"column":24}},"156":{"start":{"line":157,"column":0},"end":{"line":157,"column":11}},"158":{"start":{"line":159,"column":0},"end":{"line":159,"column":16}},"159":{"start":{"line":160,"column":0},"end":{"line":160,"column":23}},"160":{"start":{"line":161,"column":0},"end":{"line":161,"column":17}},"161":{"start":{"line":162,"column":0},"end":{"line":162,"column":37}},"162":{"start":{"line":163,"column":0},"end":{"line":163,"column":44}},"163":{"start":{"line":164,"column":0},"end":{"line":164,"column":58}},"164":{"start":{"line":165,"column":0},"end":{"line":165,"column":28}},"165":{"start":{"line":166,"column":0},"end":{"line":166,"column":63}},"166":{"start":{"line":167,"column":0},"end":{"line":167,"column":36}},"167":{"start":{"line":168,"column":0},"end":{"line":168,"column":26}},"168":{"start":{"line":169,"column":0},"end":{"line":169,"column":12}},"169":{"start":{"line":170,"column":0},"end":{"line":170,"column":10}},"170":{"start":{"line":171,"column":0},"end":{"line":171,"column":7}},"172":{"start":{"line":173,"column":0},"end":{"line":173,"column":64}},"173":{"start":{"line":174,"column":0},"end":{"line":174,"column":53}},"174":{"start":{"line":175,"column":0},"end":{"line":175,"column":21}},"175":{"start":{"line":176,"column":0},"end":{"line":176,"column":43}},"176":{"start":{"line":177,"column":0},"end":{"line":177,"column":74}},"177":{"start":{"line":178,"column":0},"end":{"line":178,"column":22}},"178":{"start":{"line":179,"column":0},"end":{"line":179,"column":9}},"180":{"start":{"line":181,"column":0},"end":{"line":181,"column":14}},"181":{"start":{"line":182,"column":0},"end":{"line":182,"column":21}},"182":{"start":{"line":183,"column":0},"end":{"line":183,"column":15}},"183":{"start":{"line":184,"column":0},"end":{"line":184,"column":34}},"184":{"start":{"line":185,"column":0},"end":{"line":185,"column":41}},"185":{"start":{"line":186,"column":0},"end":{"line":186,"column":55}},"186":{"start":{"line":187,"column":0},"end":{"line":187,"column":80}},"187":{"start":{"line":188,"column":0},"end":{"line":188,"column":25}},"188":{"start":{"line":189,"column":0},"end":{"line":189,"column":15}},"189":{"start":{"line":190,"column":0},"end":{"line":190,"column":24}},"190":{"start":{"line":191,"column":0},"end":{"line":191,"column":10}},"191":{"start":{"line":192,"column":0},"end":{"line":192,"column":8}},"192":{"start":{"line":193,"column":0},"end":{"line":193,"column":26}},"193":{"start":{"line":194,"column":0},"end":{"line":194,"column":57}},"194":{"start":{"line":195,"column":0},"end":{"line":195,"column":14}},"195":{"start":{"line":196,"column":0},"end":{"line":196,"column":22}},"196":{"start":{"line":197,"column":0},"end":{"line":197,"column":57}},"197":{"start":{"line":198,"column":0},"end":{"line":198,"column":8}},"198":{"start":{"line":199,"column":0},"end":{"line":199,"column":5}},"199":{"start":{"line":200,"column":0},"end":{"line":200,"column":3}},"201":{"start":{"line":202,"column":0},"end":{"line":202,"column":21}},"202":{"start":{"line":203,"column":0},"end":{"line":203,"column":15}},"203":{"start":{"line":204,"column":0},"end":{"line":204,"column":33}},"204":{"start":{"line":205,"column":0},"end":{"line":205,"column":38}},"205":{"start":{"line":206,"column":0},"end":{"line":206,"column":9}},"206":{"start":{"line":207,"column":0},"end":{"line":207,"column":48}},"207":{"start":{"line":208,"column":0},"end":{"line":208,"column":47}},"208":{"start":{"line":209,"column":0},"end":{"line":209,"column":16}},"209":{"start":{"line":210,"column":0},"end":{"line":210,"column":24}},"210":{"start":{"line":211,"column":0},"end":{"line":211,"column":50}},"211":{"start":{"line":212,"column":0},"end":{"line":212,"column":10}},"212":{"start":{"line":213,"column":0},"end":{"line":213,"column":7}},"214":{"start":{"line":215,"column":0},"end":{"line":215,"column":67}},"215":{"start":{"line":216,"column":0},"end":{"line":216,"column":71}},"216":{"start":{"line":217,"column":0},"end":{"line":217,"column":53}},"217":{"start":{"line":218,"column":0},"end":{"line":218,"column":18}},"218":{"start":{"line":219,"column":0},"end":{"line":219,"column":26}},"219":{"start":{"line":220,"column":0},"end":{"line":220,"column":71}},"220":{"start":{"line":221,"column":0},"end":{"line":221,"column":12}},"221":{"start":{"line":222,"column":0},"end":{"line":222,"column":9}},"222":{"start":{"line":223,"column":0},"end":{"line":223,"column":7}},"224":{"start":{"line":225,"column":0},"end":{"line":225,"column":23}},"225":{"start":{"line":226,"column":0},"end":{"line":226,"column":19}},"226":{"start":{"line":227,"column":0},"end":{"line":227,"column":45}},"227":{"start":{"line":228,"column":0},"end":{"line":228,"column":8}},"229":{"start":{"line":230,"column":0},"end":{"line":230,"column":74}},"231":{"start":{"line":232,"column":0},"end":{"line":232,"column":59}},"232":{"start":{"line":233,"column":0},"end":{"line":233,"column":53}},"233":{"start":{"line":234,"column":0},"end":{"line":234,"column":20}},"234":{"start":{"line":235,"column":0},"end":{"line":235,"column":22}},"235":{"start":{"line":236,"column":0},"end":{"line":236,"column":32}},"236":{"start":{"line":237,"column":0},"end":{"line":237,"column":9}},"238":{"start":{"line":239,"column":0},"end":{"line":239,"column":72}},"239":{"start":{"line":240,"column":0},"end":{"line":240,"column":14}},"240":{"start":{"line":241,"column":0},"end":{"line":241,"column":21}},"241":{"start":{"line":242,"column":0},"end":{"line":242,"column":38}},"242":{"start":{"line":243,"column":0},"end":{"line":243,"column":8}},"243":{"start":{"line":244,"column":0},"end":{"line":244,"column":26}},"244":{"start":{"line":245,"column":0},"end":{"line":245,"column":58}},"245":{"start":{"line":246,"column":0},"end":{"line":246,"column":14}},"246":{"start":{"line":247,"column":0},"end":{"line":247,"column":22}},"247":{"start":{"line":248,"column":0},"end":{"line":248,"column":58}},"248":{"start":{"line":249,"column":0},"end":{"line":249,"column":8}},"249":{"start":{"line":250,"column":0},"end":{"line":250,"column":5}},"250":{"start":{"line":251,"column":0},"end":{"line":251,"column":3}},"252":{"start":{"line":253,"column":0},"end":{"line":253,"column":64}},"253":{"start":{"line":254,"column":0},"end":{"line":254,"column":9}},"254":{"start":{"line":255,"column":0},"end":{"line":255,"column":48}},"255":{"start":{"line":256,"column":0},"end":{"line":256,"column":47}},"256":{"start":{"line":257,"column":0},"end":{"line":257,"column":16}},"257":{"start":{"line":258,"column":0},"end":{"line":258,"column":24}},"258":{"start":{"line":259,"column":0},"end":{"line":259,"column":50}},"259":{"start":{"line":260,"column":0},"end":{"line":260,"column":10}},"260":{"start":{"line":261,"column":0},"end":{"line":261,"column":7}},"262":{"start":{"line":263,"column":0},"end":{"line":263,"column":38}},"263":{"start":{"line":264,"column":0},"end":{"line":264,"column":53}},"264":{"start":{"line":265,"column":0},"end":{"line":265,"column":20}},"265":{"start":{"line":266,"column":0},"end":{"line":266,"column":9}},"267":{"start":{"line":268,"column":0},"end":{"line":268,"column":72}},"268":{"start":{"line":269,"column":0},"end":{"line":269,"column":14}},"269":{"start":{"line":270,"column":0},"end":{"line":270,"column":21}},"270":{"start":{"line":271,"column":0},"end":{"line":271,"column":8}},"271":{"start":{"line":272,"column":0},"end":{"line":272,"column":26}},"272":{"start":{"line":273,"column":0},"end":{"line":273,"column":58}},"273":{"start":{"line":274,"column":0},"end":{"line":274,"column":14}},"274":{"start":{"line":275,"column":0},"end":{"line":275,"column":22}},"275":{"start":{"line":276,"column":0},"end":{"line":276,"column":58}},"276":{"start":{"line":277,"column":0},"end":{"line":277,"column":8}},"277":{"start":{"line":278,"column":0},"end":{"line":278,"column":5}},"278":{"start":{"line":279,"column":0},"end":{"line":279,"column":3}},"279":{"start":{"line":280,"column":0},"end":{"line":280,"column":1}}},"s":{"0":1,"15":1,"16":1,"17":1,"18":16,"19":16,"20":16,"21":16,"23":1,"24":3,"25":3,"26":3,"27":3,"28":3,"29":3,"30":3,"31":3,"32":1,"33":1,"34":1,"35":1,"36":1,"38":2,"39":2,"41":2,"42":3,"43":1,"44":1,"45":1,"46":1,"47":1,"49":1,"50":1,"51":1,"52":1,"53":1,"54":1,"55":1,"56":1,"57":1,"59":1,"60":1,"61":1,"62":1,"64":1,"65":1,"66":1,"67":1,"68":1,"69":3,"70":0,"71":0,"72":0,"73":0,"74":0,"75":0,"76":3,"78":1,"79":2,"80":2,"81":2,"82":2,"83":2,"85":2,"86":1,"87":1,"88":1,"89":1,"90":1,"92":1,"93":1,"94":1,"95":1,"96":2,"97":0,"98":0,"99":0,"100":0,"101":0,"102":0,"103":2,"105":1,"106":3,"107":3,"108":3,"109":3,"110":3,"111":3,"112":3,"113":3,"114":3,"115":3,"117":3,"118":3,"119":3,"120":3,"121":3,"122":3,"123":1,"124":1,"125":1,"126":1,"127":1,"128":1,"129":3,"131":1,"137":3,"138":3,"139":3,"141":3,"142":1,"143":1,"144":1,"145":1,"146":1,"147":1,"148":1,"149":1,"150":1,"151":1,"152":1,"153":1,"154":1,"155":0,"156":1,"158":1,"159":1,"160":1,"161":1,"162":1,"163":1,"164":1,"165":1,"166":1,"167":0,"168":1,"169":1,"170":1,"172":2,"173":2,"174":2,"175":2,"176":0,"177":2,"178":3,"180":1,"181":1,"182":1,"183":1,"184":1,"185":1,"186":0,"187":0,"188":0,"189":1,"190":3,"191":3,"192":3,"193":1,"194":1,"195":1,"196":1,"197":1,"198":1,"199":3,"201":1,"202":3,"203":3,"204":3,"205":3,"206":3,"207":3,"208":1,"209":1,"210":1,"211":1,"212":1,"214":3,"215":1,"216":1,"217":1,"218":1,"219":1,"220":1,"221":1,"222":1,"224":1,"225":1,"226":1,"227":1,"229":1,"231":1,"232":1,"233":1,"234":1,"235":1,"236":1,"238":1,"239":1,"240":1,"241":1,"242":1,"243":3,"244":0,"245":0,"246":0,"247":0,"248":0,"249":0,"250":3,"252":1,"253":2,"254":2,"255":2,"256":1,"257":1,"258":1,"259":1,"260":1,"262":1,"263":1,"264":1,"265":1,"267":1,"268":1,"269":1,"270":1,"271":2,"272":0,"273":0,"274":0,"275":0,"276":0,"277":0,"278":2,"279":1},"branchMap":{"0":{"type":"branch","line":18,"loc":{"start":{"line":18,"column":2},"end":{"line":22,"column":6}},"locations":[{"start":{"line":18,"column":2},"end":{"line":22,"column":6}}]},"1":{"type":"branch","line":24,"loc":{"start":{"line":24,"column":2},"end":{"line":77,"column":3}},"locations":[{"start":{"line":24,"column":2},"end":{"line":77,"column":3}}]},"2":{"type":"branch","line":32,"loc":{"start":{"line":32,"column":15},"end":{"line":37,"column":7}},"locations":[{"start":{"line":32,"column":15},"end":{"line":37,"column":7}}]},"3":{"type":"branch","line":37,"loc":{"start":{"line":37,"column":6},"end":{"line":43,"column":29}},"locations":[{"start":{"line":37,"column":6},"end":{"line":43,"column":29}}]},"4":{"type":"branch","line":43,"loc":{"start":{"line":43,"column":19},"end":{"line":43,"column":44}},"locations":[{"start":{"line":43,"column":19},"end":{"line":43,"column":44}}]},"5":{"type":"branch","line":43,"loc":{"start":{"line":43,"column":44},"end":{"line":70,"column":13}},"locations":[{"start":{"line":43,"column":44},"end":{"line":70,"column":13}}]},"6":{"type":"branch","line":70,"loc":{"start":{"line":70,"column":4},"end":{"line":76,"column":5}},"locations":[{"start":{"line":70,"column":4},"end":{"line":76,"column":5}}]},"7":{"type":"branch","line":79,"loc":{"start":{"line":79,"column":2},"end":{"line":104,"column":3}},"locations":[{"start":{"line":79,"column":2},"end":{"line":104,"column":3}}]},"8":{"type":"branch","line":86,"loc":{"start":{"line":86,"column":19},"end":{"line":97,"column":13}},"locations":[{"start":{"line":86,"column":19},"end":{"line":97,"column":13}}]},"9":{"type":"branch","line":97,"loc":{"start":{"line":97,"column":4},"end":{"line":103,"column":5}},"locations":[{"start":{"line":97,"column":4},"end":{"line":103,"column":5}}]},"10":{"type":"branch","line":106,"loc":{"start":{"line":106,"column":2},"end":{"line":130,"column":3}},"locations":[{"start":{"line":106,"column":2},"end":{"line":130,"column":3}}]},"11":{"type":"branch","line":116,"loc":{"start":{"line":116,"column":7},"end":{"line":118,"column":45}},"locations":[{"start":{"line":116,"column":7},"end":{"line":118,"column":45}}]},"12":{"type":"branch","line":118,"loc":{"start":{"line":118,"column":40},"end":{"line":118,"column":50}},"locations":[{"start":{"line":118,"column":40},"end":{"line":118,"column":50}}]},"13":{"type":"branch","line":121,"loc":{"start":{"line":121,"column":14},"end":{"line":121,"column":34}},"locations":[{"start":{"line":121,"column":14},"end":{"line":121,"column":34}}]},"14":{"type":"branch","line":123,"loc":{"start":{"line":123,"column":4},"end":{"line":129,"column":5}},"locations":[{"start":{"line":123,"column":4},"end":{"line":129,"column":5}}]},"15":{"type":"branch","line":127,"loc":{"start":{"line":127,"column":21},"end":{"line":127,"column":64}},"locations":[{"start":{"line":127,"column":21},"end":{"line":127,"column":64}}]},"16":{"type":"branch","line":132,"loc":{"start":{"line":132,"column":2},"end":{"line":200,"column":3}},"locations":[{"start":{"line":132,"column":2},"end":{"line":200,"column":3}}]},"17":{"type":"branch","line":142,"loc":{"start":{"line":142,"column":18},"end":{"line":171,"column":7}},"locations":[{"start":{"line":142,"column":18},"end":{"line":171,"column":7}}]},"18":{"type":"branch","line":155,"loc":{"start":{"line":155,"column":75},"end":{"line":156,"column":24}},"locations":[{"start":{"line":155,"column":75},"end":{"line":156,"column":24}}]},"19":{"type":"branch","line":167,"loc":{"start":{"line":167,"column":35},"end":{"line":168,"column":26}},"locations":[{"start":{"line":167,"column":35},"end":{"line":168,"column":26}}]},"20":{"type":"branch","line":171,"loc":{"start":{"line":171,"column":6},"end":{"line":176,"column":43}},"locations":[{"start":{"line":171,"column":6},"end":{"line":176,"column":43}}]},"21":{"type":"branch","line":176,"loc":{"start":{"line":176,"column":27},"end":{"line":177,"column":74}},"locations":[{"start":{"line":176,"column":27},"end":{"line":177,"column":74}}]},"22":{"type":"branch","line":177,"loc":{"start":{"line":177,"column":73},"end":{"line":178,"column":22}},"locations":[{"start":{"line":177,"column":73},"end":{"line":178,"column":22}}]},"23":{"type":"branch","line":179,"loc":{"start":{"line":179,"column":7},"end":{"line":186,"column":55}},"locations":[{"start":{"line":179,"column":7},"end":{"line":186,"column":55}}]},"24":{"type":"branch","line":186,"loc":{"start":{"line":186,"column":39},"end":{"line":189,"column":15}},"locations":[{"start":{"line":186,"column":39},"end":{"line":189,"column":15}}]},"25":{"type":"branch","line":189,"loc":{"start":{"line":189,"column":14},"end":{"line":190,"column":24}},"locations":[{"start":{"line":189,"column":14},"end":{"line":190,"column":24}}]},"26":{"type":"branch","line":193,"loc":{"start":{"line":193,"column":4},"end":{"line":199,"column":5}},"locations":[{"start":{"line":193,"column":4},"end":{"line":199,"column":5}}]},"27":{"type":"branch","line":197,"loc":{"start":{"line":197,"column":21},"end":{"line":197,"column":57}},"locations":[{"start":{"line":197,"column":21},"end":{"line":197,"column":57}}]},"28":{"type":"branch","line":202,"loc":{"start":{"line":202,"column":2},"end":{"line":251,"column":3}},"locations":[{"start":{"line":202,"column":2},"end":{"line":251,"column":3}}]},"29":{"type":"branch","line":208,"loc":{"start":{"line":208,"column":20},"end":{"line":208,"column":46}},"locations":[{"start":{"line":208,"column":20},"end":{"line":208,"column":46}}]},"30":{"type":"branch","line":208,"loc":{"start":{"line":208,"column":46},"end":{"line":213,"column":7}},"locations":[{"start":{"line":208,"column":46},"end":{"line":213,"column":7}}]},"31":{"type":"branch","line":213,"loc":{"start":{"line":213,"column":6},"end":{"line":215,"column":27}},"locations":[{"start":{"line":213,"column":6},"end":{"line":215,"column":27}}]},"32":{"type":"branch","line":215,"loc":{"start":{"line":215,"column":18},"end":{"line":215,"column":66}},"locations":[{"start":{"line":215,"column":18},"end":{"line":215,"column":66}}]},"33":{"type":"branch","line":215,"loc":{"start":{"line":215,"column":66},"end":{"line":244,"column":13}},"locations":[{"start":{"line":215,"column":66},"end":{"line":244,"column":13}}]},"34":{"type":"branch","line":244,"loc":{"start":{"line":244,"column":4},"end":{"line":250,"column":5}},"locations":[{"start":{"line":244,"column":4},"end":{"line":250,"column":5}}]},"35":{"type":"branch","line":253,"loc":{"start":{"line":253,"column":2},"end":{"line":279,"column":3}},"locations":[{"start":{"line":253,"column":2},"end":{"line":279,"column":3}}]},"36":{"type":"branch","line":256,"loc":{"start":{"line":256,"column":20},"end":{"line":256,"column":46}},"locations":[{"start":{"line":256,"column":20},"end":{"line":256,"column":46}}]},"37":{"type":"branch","line":256,"loc":{"start":{"line":256,"column":46},"end":{"line":272,"column":13}},"locations":[{"start":{"line":256,"column":46},"end":{"line":272,"column":13}}]},"38":{"type":"branch","line":272,"loc":{"start":{"line":272,"column":4},"end":{"line":278,"column":5}},"locations":[{"start":{"line":272,"column":4},"end":{"line":278,"column":5}}]}},"b":{"0":[16],"1":[3],"2":[1],"3":[2],"4":[1],"5":[1],"6":[0],"7":[2],"8":[1],"9":[0],"10":[3],"11":[2],"12":[1],"13":[1],"14":[1],"15":[0],"16":[3],"17":[1],"18":[0],"19":[0],"20":[2],"21":[0],"22":[2],"23":[1],"24":[0],"25":[1],"26":[1],"27":[0],"28":[3],"29":[2],"30":[1],"31":[2],"32":[1],"33":[1],"34":[0],"35":[2],"36":[1],"37":[1],"38":[0]},"fnMap":{"0":{"name":"ClientService","decl":{"start":{"line":18,"column":2},"end":{"line":22,"column":6}},"loc":{"start":{"line":18,"column":2},"end":{"line":22,"column":6}},"line":18},"1":{"name":"createClient","decl":{"start":{"line":24,"column":2},"end":{"line":77,"column":3}},"loc":{"start":{"line":24,"column":2},"end":{"line":77,"column":3}},"line":24},"2":{"name":"getClient","decl":{"start":{"line":79,"column":2},"end":{"line":104,"column":3}},"loc":{"start":{"line":79,"column":2},"end":{"line":104,"column":3}},"line":79},"3":{"name":"getClientByEmail","decl":{"start":{"line":106,"column":2},"end":{"line":130,"column":3}},"loc":{"start":{"line":106,"column":2},"end":{"line":130,"column":3}},"line":106},"4":{"name":"listClients","decl":{"start":{"line":132,"column":2},"end":{"line":200,"column":3}},"loc":{"start":{"line":132,"column":2},"end":{"line":200,"column":3}},"line":132},"5":{"name":"updateClient","decl":{"start":{"line":202,"column":2},"end":{"line":251,"column":3}},"loc":{"start":{"line":202,"column":2},"end":{"line":251,"column":3}},"line":202},"6":{"name":"deleteClient","decl":{"start":{"line":253,"column":2},"end":{"line":279,"column":3}},"loc":{"start":{"line":253,"column":2},"end":{"line":279,"column":3}},"line":253}},"f":{"0":16,"1":3,"2":2,"3":3,"4":3,"5":3,"6":2}}
}
